[ 2015-04-23T19:46:02+08:00 ] ::1 /ClassBlog/
INFO: [ app_init ] --START--
INFO: Run Behavior\BuildLiteBehavior [ RunTime:0.000076s ]
INFO: [ app_init ] --END-- [ RunTime:0.048273s ]
INFO: [ app_begin ] --START--
INFO: Run Behavior\ReadHtmlCacheBehavior [ RunTime:0.013250s ]
INFO: [ app_begin ] --END-- [ RunTime:0.013669s ]
SQL: SHOW COLUMNS FROM `blog_article_category` [ RunTime:1.9970s ]
SQL: SELECT `pid`,`id`,`name` FROM `blog_article_category` WHERE `status` = 1  [ RunTime:0.0899s ]
ERR: 新增失败

[ 2015-04-23T19:46:28+08:00 ] ::1 /ClassBlog/
INFO: [ app_init ] --START--
INFO: Run Behavior\BuildLiteBehavior [ RunTime:0.000087s ]
INFO: [ app_init ] --END-- [ RunTime:0.001467s ]
INFO: [ app_begin ] --START--
INFO: Run Behavior\ReadHtmlCacheBehavior [ RunTime:0.001849s ]
INFO: [ app_begin ] --END-- [ RunTime:0.002350s ]
SQL: SHOW COLUMNS FROM `blog_article_category` [ RunTime:0.0703s ]
SQL: SELECT `pid`,`id`,`name` FROM `blog_article_category` WHERE `status` = 1  [ RunTime:0.0012s ]
SQL: SHOW COLUMNS FROM `blog_article_detail` [ RunTime:0.1346s ]
NOTIC: [2] Missing argument 1 for Home\Model\ArticleDetailModel::getCount(), called in F:\wamp\www\ClassBlog\Class\Home\Controller\IndexController.class.php on line 10 and defined F:\wamp\www\ClassBlog\Class\Home\Model\ArticleDetailModel.class.php 第 31 行.
NOTIC: [8] Undefined variable: category_id F:\wamp\www\ClassBlog\Class\Home\Model\ArticleDetailModel.class.php 第 33 行.
SQL: SELECT COUNT(*) AS tp_count FROM `blog_article_detail` WHERE `status` = 1 AND `category_id` > 0 LIMIT 1   [ RunTime:0.0667s ]
NOTIC: [2] Missing argument 1 for Home\Model\ArticleDetailModel::getDetail(), called in F:\wamp\www\ClassBlog\Class\Home\Controller\IndexController.class.php on line 11 and defined F:\wamp\www\ClassBlog\Class\Home\Model\ArticleDetailModel.class.php 第 6 行.
NOTIC: [8] Undefined variable: category_id F:\wamp\www\ClassBlog\Class\Home\Model\ArticleDetailModel.class.php 第 11 行.
NOTIC: [8] Undefined index: p F:\wamp\www\ClassBlog\Class\Home\Model\ArticleDetailModel.class.php 第 13 行.
SQL: SELECT ad.id,ad.title,ad.content,ad.hits,ad.img_file,ad.tags,ad.create_time,ad.update_time,ac.name AS category_name FROM blog_article_detail ad INNER JOIN blog_article_category AS ac ON ad.category_id = ac.id  WHERE ad.status = 1 AND ad.category_id > 0 ORDER BY hits desc LIMIT 0,5   [ RunTime:0.2062s ]
INFO: [ view_parse ] --START--
INFO: [ template_filter ] --START--
INFO: Run Behavior\ContentReplaceBehavior [ RunTime:0.000395s ]
INFO: [ template_filter ] --END-- [ RunTime:0.000893s ]
INFO: Run Behavior\ParseTemplateBehavior [ RunTime:0.303331s ]
INFO: [ view_parse ] --END-- [ RunTime:0.303858s ]
INFO: [ view_filter ] --START--
INFO: Run Behavior\WriteHtmlCacheBehavior [ RunTime:0.015587s ]
INFO: [ view_filter ] --END-- [ RunTime:0.016228s ]
INFO: [ app_end ] --START--
INFO: Run Behavior\ShowPageTraceBehavior [ RunTime:0.031564s ]
INFO: [ app_end ] --END-- [ RunTime:0.032019s ]

[ 2015-04-23T19:46:38+08:00 ] ::1 /ClassBlog/index.php?m=Home&c=Article&a=category&id=7
INFO: [ app_init ] --START--
INFO: Run Behavior\BuildLiteBehavior [ RunTime:0.000097s ]
INFO: [ app_init ] --END-- [ RunTime:0.001432s ]
INFO: [ app_begin ] --START--
INFO: Run Behavior\ReadHtmlCacheBehavior [ RunTime:0.001485s ]
INFO: [ app_begin ] --END-- [ RunTime:0.001943s ]
SQL: SHOW COLUMNS FROM `blog_article_category` [ RunTime:0.0424s ]
SQL: SELECT `pid`,`id`,`name` FROM `blog_article_category` WHERE `status` = 1  [ RunTime:0.0011s ]
SQL: SHOW COLUMNS FROM `blog_article_detail` [ RunTime:0.0536s ]
NOTIC: [8] Undefined index: p F:\wamp\www\ClassBlog\Class\Home\Model\ArticleDetailModel.class.php 第 13 行.
SQL: SELECT ad.id,ad.title,ad.content,ad.hits,ad.img_file,ad.tags,ad.create_time,ad.update_time,ac.name AS category_name FROM blog_article_detail ad INNER JOIN blog_article_category AS ac ON ad.category_id = ac.id  WHERE ad.status = 1 AND ad.category_id = '7' ORDER BY hits desc LIMIT 0,5   [ RunTime:0.2479s ]
SQL: SELECT COUNT(*) AS tp_count FROM `blog_article_detail` WHERE `status` = 1 AND `category_id` = 7 LIMIT 1   [ RunTime:0.1181s ]
SQL: SHOW COLUMNS FROM `blog_article_category` [ RunTime:0.1005s ]
SQL: SELECT `pid` FROM `blog_article_category` WHERE `id` = 7 AND `status` = 1 LIMIT 1   [ RunTime:0.0007s ]
SQL: SELECT `name` FROM `blog_article_category` WHERE `id` = 3 AND `status` = 1 LIMIT 1   [ RunTime:0.0009s ]
INFO: [ view_parse ] --START--
INFO: [ template_filter ] --START--
INFO: Run Behavior\ContentReplaceBehavior [ RunTime:0.000342s ]
INFO: [ template_filter ] --END-- [ RunTime:0.000725s ]
INFO: Run Behavior\ParseTemplateBehavior [ RunTime:0.125803s ]
INFO: [ view_parse ] --END-- [ RunTime:0.126245s ]
INFO: [ view_filter ] --START--
INFO: Run Behavior\WriteHtmlCacheBehavior [ RunTime:0.001005s ]
INFO: [ view_filter ] --END-- [ RunTime:0.001358s ]
INFO: [ app_end ] --START--
INFO: Run Behavior\ShowPageTraceBehavior [ RunTime:0.003763s ]
INFO: [ app_end ] --END-- [ RunTime:0.004292s ]

[ 2015-04-23T19:46:42+08:00 ] ::1 /ClassBlog/index.php?m=Home&c=Article&a=category&id=7
INFO: [ app_init ] --START--
INFO: Run Behavior\BuildLiteBehavior [ RunTime:0.000080s ]
INFO: [ app_init ] --END-- [ RunTime:0.001074s ]
INFO: [ app_begin ] --START--
INFO: Run Behavior\ReadHtmlCacheBehavior [ RunTime:0.000991s ]
INFO: [ app_begin ] --END-- [ RunTime:0.001417s ]
SQL: SHOW COLUMNS FROM `blog_article_category` [ RunTime:0.0155s ]
SQL: SELECT `pid`,`id`,`name` FROM `blog_article_category` WHERE `status` = 1  [ RunTime:0.0006s ]
SQL: SHOW COLUMNS FROM `blog_article_detail` [ RunTime:0.0195s ]
NOTIC: [8] Undefined index: p F:\wamp\www\ClassBlog\Class\Home\Model\ArticleDetailModel.class.php 第 13 行.
SQL: SELECT ad.id,ad.title,ad.content,ad.hits,ad.img_file,ad.tags,ad.create_time,ad.update_time,ac.name AS category_name FROM blog_article_detail ad INNER JOIN blog_article_category AS ac ON ad.category_id = ac.id  WHERE ad.status = 1 AND ad.category_id = '7' ORDER BY hits desc LIMIT 0,5   [ RunTime:0.0010s ]
SQL: SELECT COUNT(*) AS tp_count FROM `blog_article_detail` WHERE `status` = 1 AND `category_id` = 7 LIMIT 1   [ RunTime:0.0004s ]
SQL: SHOW COLUMNS FROM `blog_article_category` [ RunTime:0.0101s ]
SQL: SELECT `pid` FROM `blog_article_category` WHERE `id` = 7 AND `status` = 1 LIMIT 1   [ RunTime:0.0007s ]
SQL: SELECT `name` FROM `blog_article_category` WHERE `id` = 3 AND `status` = 1 LIMIT 1   [ RunTime:0.0007s ]
INFO: [ view_parse ] --START--
INFO: [ template_filter ] --START--
INFO: Run Behavior\ContentReplaceBehavior [ RunTime:0.000362s ]
INFO: [ template_filter ] --END-- [ RunTime:0.000782s ]
INFO: Run Behavior\ParseTemplateBehavior [ RunTime:0.048382s ]
INFO: [ view_parse ] --END-- [ RunTime:0.048829s ]
INFO: [ view_filter ] --START--
INFO: Run Behavior\WriteHtmlCacheBehavior [ RunTime:0.000815s ]
INFO: [ view_filter ] --END-- [ RunTime:0.001182s ]
INFO: [ app_end ] --START--
INFO: Run Behavior\ShowPageTraceBehavior [ RunTime:0.001950s ]
INFO: [ app_end ] --END-- [ RunTime:0.002400s ]

[ 2015-04-23T19:46:44+08:00 ] ::1 /ClassBlog/index.php?m=Home&c=Article&a=category&id=4
INFO: [ app_init ] --START--
INFO: Run Behavior\BuildLiteBehavior [ RunTime:0.000071s ]
INFO: [ app_init ] --END-- [ RunTime:0.000944s ]
INFO: [ app_begin ] --START--
INFO: Run Behavior\ReadHtmlCacheBehavior [ RunTime:0.000972s ]
INFO: [ app_begin ] --END-- [ RunTime:0.001378s ]
SQL: SHOW COLUMNS FROM `blog_article_category` [ RunTime:0.0133s ]
SQL: SELECT `pid`,`id`,`name` FROM `blog_article_category` WHERE `status` = 1  [ RunTime:0.0009s ]
SQL: SHOW COLUMNS FROM `blog_article_detail` [ RunTime:0.0951s ]
NOTIC: [8] Undefined index: p F:\wamp\www\ClassBlog\Class\Home\Model\ArticleDetailModel.class.php 第 13 行.
SQL: SELECT ad.id,ad.title,ad.content,ad.hits,ad.img_file,ad.tags,ad.create_time,ad.update_time,ac.name AS category_name FROM blog_article_detail ad INNER JOIN blog_article_category AS ac ON ad.category_id = ac.id  WHERE ad.status = 1 AND ad.category_id = '4' ORDER BY hits desc LIMIT 0,5   [ RunTime:0.0010s ]
SQL: SELECT COUNT(*) AS tp_count FROM `blog_article_detail` WHERE `status` = 1 AND `category_id` = 4 LIMIT 1   [ RunTime:0.0007s ]
SQL: SHOW COLUMNS FROM `blog_article_category` [ RunTime:0.0109s ]
SQL: SELECT `pid` FROM `blog_article_category` WHERE `id` = 4 AND `status` = 1 LIMIT 1   [ RunTime:0.0007s ]
SQL: SELECT `name` FROM `blog_article_category` WHERE `id` = 0 AND `status` = 1 LIMIT 1   [ RunTime:0.0011s ]
INFO: [ view_parse ] --START--
INFO: [ template_filter ] --START--
INFO: Run Behavior\ContentReplaceBehavior [ RunTime:0.000348s ]
INFO: [ template_filter ] --END-- [ RunTime:0.000761s ]
INFO: Run Behavior\ParseTemplateBehavior [ RunTime:0.046583s ]
INFO: [ view_parse ] --END-- [ RunTime:0.046976s ]
INFO: [ view_filter ] --START--
INFO: Run Behavior\WriteHtmlCacheBehavior [ RunTime:0.000830s ]
INFO: [ view_filter ] --END-- [ RunTime:0.001193s ]
INFO: [ app_end ] --START--
INFO: Run Behavior\ShowPageTraceBehavior [ RunTime:0.001549s ]
INFO: [ app_end ] --END-- [ RunTime:0.001996s ]

[ 2015-04-23T19:46:46+08:00 ] ::1 /ClassBlog/index.php?m=Home&c=Article&a=category&id=10
INFO: [ app_init ] --START--
INFO: Run Behavior\BuildLiteBehavior [ RunTime:0.000074s ]
INFO: [ app_init ] --END-- [ RunTime:0.000996s ]
INFO: [ app_begin ] --START--
INFO: Run Behavior\ReadHtmlCacheBehavior [ RunTime:0.001058s ]
INFO: [ app_begin ] --END-- [ RunTime:0.001488s ]
SQL: SHOW COLUMNS FROM `blog_article_category` [ RunTime:0.0091s ]
SQL: SELECT `pid`,`id`,`name` FROM `blog_article_category` WHERE `status` = 1  [ RunTime:0.0009s ]
SQL: SHOW COLUMNS FROM `blog_article_detail` [ RunTime:0.0276s ]
NOTIC: [8] Undefined index: p F:\wamp\www\ClassBlog\Class\Home\Model\ArticleDetailModel.class.php 第 13 行.
SQL: SELECT ad.id,ad.title,ad.content,ad.hits,ad.img_file,ad.tags,ad.create_time,ad.update_time,ac.name AS category_name FROM blog_article_detail ad INNER JOIN blog_article_category AS ac ON ad.category_id = ac.id  WHERE ad.status = 1 AND ad.category_id = '10' ORDER BY hits desc LIMIT 0,5   [ RunTime:0.0010s ]
SQL: SELECT COUNT(*) AS tp_count FROM `blog_article_detail` WHERE `status` = 1 AND `category_id` = 10 LIMIT 1   [ RunTime:0.0008s ]
SQL: SHOW COLUMNS FROM `blog_article_category` [ RunTime:0.0102s ]
SQL: SELECT `pid` FROM `blog_article_category` WHERE `id` = 10 AND `status` = 1 LIMIT 1   [ RunTime:0.0005s ]
SQL: SELECT `name` FROM `blog_article_category` WHERE `id` = 5 AND `status` = 1 LIMIT 1   [ RunTime:0.0005s ]
INFO: [ view_parse ] --START--
INFO: [ template_filter ] --START--
INFO: Run Behavior\ContentReplaceBehavior [ RunTime:0.000624s ]
INFO: [ template_filter ] --END-- [ RunTime:0.001081s ]
INFO: Run Behavior\ParseTemplateBehavior [ RunTime:0.052816s ]
INFO: [ view_parse ] --END-- [ RunTime:0.053218s ]
INFO: [ view_filter ] --START--
INFO: Run Behavior\WriteHtmlCacheBehavior [ RunTime:0.001052s ]
INFO: [ view_filter ] --END-- [ RunTime:0.001393s ]
INFO: [ app_end ] --START--
INFO: Run Behavior\ShowPageTraceBehavior [ RunTime:0.002783s ]
INFO: [ app_end ] --END-- [ RunTime:0.003319s ]

[ 2015-04-23T19:47:09+08:00 ] ::1 /ClassBlog/index.php?m=Home&c=Article&a=category&id=1
INFO: [ app_init ] --START--
INFO: Run Behavior\BuildLiteBehavior [ RunTime:0.000082s ]
INFO: [ app_init ] --END-- [ RunTime:0.001161s ]
INFO: [ app_begin ] --START--
INFO: Run Behavior\ReadHtmlCacheBehavior [ RunTime:0.000930s ]
INFO: [ app_begin ] --END-- [ RunTime:0.001286s ]
SQL: SHOW COLUMNS FROM `blog_article_category` [ RunTime:0.0100s ]
SQL: SELECT `pid`,`id`,`name` FROM `blog_article_category` WHERE `status` = 1  [ RunTime:0.0008s ]
SQL: SHOW COLUMNS FROM `blog_article_detail` [ RunTime:0.0091s ]
NOTIC: [8] Undefined index: p F:\wamp\www\ClassBlog\Class\Home\Model\ArticleDetailModel.class.php 第 13 行.
SQL: SELECT ad.id,ad.title,ad.content,ad.hits,ad.img_file,ad.tags,ad.create_time,ad.update_time,ac.name AS category_name FROM blog_article_detail ad INNER JOIN blog_article_category AS ac ON ad.category_id = ac.id  WHERE ad.status = 1 AND ad.category_id = '1' ORDER BY hits desc LIMIT 0,5   [ RunTime:0.0016s ]
SQL: SELECT COUNT(*) AS tp_count FROM `blog_article_detail` WHERE `status` = 1 AND `category_id` = 1 LIMIT 1   [ RunTime:0.0013s ]
SQL: SHOW COLUMNS FROM `blog_article_category` [ RunTime:0.0138s ]
SQL: SELECT `pid` FROM `blog_article_category` WHERE `id` = 1 AND `status` = 1 LIMIT 1   [ RunTime:0.0006s ]
SQL: SELECT `name` FROM `blog_article_category` WHERE `id` = 0 AND `status` = 1 LIMIT 1   [ RunTime:0.0005s ]
INFO: [ view_parse ] --START--
INFO: [ template_filter ] --START--
INFO: Run Behavior\ContentReplaceBehavior [ RunTime:0.000344s ]
INFO: [ template_filter ] --END-- [ RunTime:0.000721s ]
INFO: Run Behavior\ParseTemplateBehavior [ RunTime:0.062956s ]
INFO: [ view_parse ] --END-- [ RunTime:0.063412s ]
INFO: [ view_filter ] --START--
INFO: Run Behavior\WriteHtmlCacheBehavior [ RunTime:0.002332s ]
INFO: [ view_filter ] --END-- [ RunTime:0.003155s ]
INFO: [ app_end ] --START--
INFO: Run Behavior\ShowPageTraceBehavior [ RunTime:0.003492s ]
INFO: [ app_end ] --END-- [ RunTime:0.004031s ]

