[ 2015-09-23T02:47:00+08:00 ] 127.0.0.1 /Blog2.0/
INFO: [ app_init ] --START--
INFO: Run Behavior\BuildLiteBehavior [ RunTime:0.000040s ]
INFO: [ app_init ] --END-- [ RunTime:0.007024s ]
INFO: [ app_begin ] --START--
INFO: Run Behavior\ReadHtmlCacheBehavior [ RunTime:0.004526s ]
INFO: Run Behavior\CheckLangBehavior [ RunTime:0.029015s ]
INFO: [ app_begin ] --END-- [ RunTime:0.033941s ]
SQL: SHOW COLUMNS FROM `blog_article_category` [ RunTime:0.0040s ]
SQL: SELECT `pid`,`id`,`name` FROM `blog_article_category` WHERE `status` = 1  [ RunTime:0.0004s ]
SQL: SHOW COLUMNS FROM `blog_article_detail` [ RunTime:0.0045s ]
NOTIC: [2] Missing argument 1 for Home\Model\ArticleDetailModel::getCount(), called in C:\wamp\www\Blog2.0\Class\Home\Controller\IndexController.class.php on line 9 and defined C:\wamp\www\Blog2.0\Class\Home\Model\ArticleDetailModel.class.php 第 37 行.
NOTIC: [8] Undefined variable: category_id C:\wamp\www\Blog2.0\Class\Home\Model\ArticleDetailModel.class.php 第 39 行.
SQL: SELECT COUNT(*) AS tp_count FROM `blog_article_detail` WHERE `status` = 1 AND `category_id` > 0 LIMIT 1   [ RunTime:0.0004s ]
NOTIC: [2] Missing argument 1 for Home\Model\ArticleDetailModel::getDetail(), called in C:\wamp\www\Blog2.0\Class\Home\Controller\IndexController.class.php on line 10 and defined C:\wamp\www\Blog2.0\Class\Home\Model\ArticleDetailModel.class.php 第 6 行.
NOTIC: [2] Missing argument 2 for Home\Model\ArticleDetailModel::getDetail(), called in C:\wamp\www\Blog2.0\Class\Home\Controller\IndexController.class.php on line 10 and defined C:\wamp\www\Blog2.0\Class\Home\Model\ArticleDetailModel.class.php 第 6 行.
NOTIC: [8] Undefined variable: category_id C:\wamp\www\Blog2.0\Class\Home\Model\ArticleDetailModel.class.php 第 11 行.
NOTIC: [8] Undefined variable: p C:\wamp\www\Blog2.0\Class\Home\Model\ArticleDetailModel.class.php 第 13 行.
SQL: SELECT ad.id,ad.title,ad.content,ad.hits,ad.img_file,ad.tags,ad.create_time,ad.update_time,ac.name AS category_name FROM blog_article_detail ad INNER JOIN blog_article_category AS ac ON ad.category_id = ac.id  WHERE ad.status = 1 AND ad.category_id > 0 ORDER BY hits desc LIMIT 0,3   [ RunTime:0.0005s ]
INFO: [ view_parse ] --START--
INFO: [ template_filter ] --START--
INFO: Run Behavior\ContentReplaceBehavior [ RunTime:0.000194s ]
INFO: [ template_filter ] --END-- [ RunTime:0.000355s ]
INFO: Run Behavior\ParseTemplateBehavior [ RunTime:0.064049s ]
INFO: [ view_parse ] --END-- [ RunTime:0.064310s ]
INFO: [ view_filter ] --START--
INFO: Run Behavior\WriteHtmlCacheBehavior [ RunTime:0.016765s ]
INFO: [ view_filter ] --END-- [ RunTime:0.017229s ]
NOTIC: [2] Cannot modify header information - headers already sent by (output started at C:\wamp\www\Blog2.0\ThinkPHP\Common\functions.php:848) C:\wamp\www\Blog2.0\ThinkPHP\Library\Think\View.class.php 第 91 行.
NOTIC: [2] Cannot modify header information - headers already sent by (output started at C:\wamp\www\Blog2.0\ThinkPHP\Common\functions.php:848) C:\wamp\www\Blog2.0\ThinkPHP\Library\Think\View.class.php 第 92 行.
NOTIC: [2] Cannot modify header information - headers already sent by (output started at C:\wamp\www\Blog2.0\ThinkPHP\Common\functions.php:848) C:\wamp\www\Blog2.0\ThinkPHP\Library\Think\View.class.php 第 93 行.
INFO: [ app_end ] --START--
INFO: Run Behavior\ShowPageTraceBehavior [ RunTime:0.014889s ]
INFO: [ app_end ] --END-- [ RunTime:0.015108s ]

