[ 2015-07-21T19:34:35+08:00 ] 127.0.0.1 /ClassBlog1/
INFO: [ app_init ] --START--
INFO: Run Behavior\BuildLiteBehavior [ RunTime:0.000042s ]
INFO: [ app_init ] --END-- [ RunTime:0.005307s ]
INFO: [ app_begin ] --START--
INFO: Run Behavior\ReadHtmlCacheBehavior [ RunTime:0.009286s ]
INFO: Run Behavior\CheckLangBehavior [ RunTime:0.008057s ]
INFO: [ app_begin ] --END-- [ RunTime:0.017721s ]
SQL: SHOW COLUMNS FROM `blog_article_category` [ RunTime:0.0116s ]
SQL: SELECT `pid`,`id`,`name` FROM `blog_article_category` WHERE `status` = 1  [ RunTime:0.0004s ]
SQL: SHOW COLUMNS FROM `blog_article_detail` [ RunTime:0.0084s ]
NOTIC: [2] Missing argument 1 for Home\Model\ArticleDetailModel::getCount(), called in C:\wamp\www\ClassBlog1\Class\Home\Controller\IndexController.class.php on line 9 and defined C:\wamp\www\ClassBlog1\Class\Home\Model\ArticleDetailModel.class.php 第 37 行.
NOTIC: [8] Undefined variable: category_id C:\wamp\www\ClassBlog1\Class\Home\Model\ArticleDetailModel.class.php 第 39 行.
SQL: SELECT COUNT(*) AS tp_count FROM `blog_article_detail` WHERE `status` = 1 AND `category_id` > 0 LIMIT 1   [ RunTime:0.0005s ]
NOTIC: [2] Missing argument 1 for Home\Model\ArticleDetailModel::getDetail(), called in C:\wamp\www\ClassBlog1\Class\Home\Controller\IndexController.class.php on line 10 and defined C:\wamp\www\ClassBlog1\Class\Home\Model\ArticleDetailModel.class.php 第 6 行.
NOTIC: [2] Missing argument 2 for Home\Model\ArticleDetailModel::getDetail(), called in C:\wamp\www\ClassBlog1\Class\Home\Controller\IndexController.class.php on line 10 and defined C:\wamp\www\ClassBlog1\Class\Home\Model\ArticleDetailModel.class.php 第 6 行.
NOTIC: [8] Undefined variable: category_id C:\wamp\www\ClassBlog1\Class\Home\Model\ArticleDetailModel.class.php 第 11 行.
NOTIC: [8] Undefined variable: p C:\wamp\www\ClassBlog1\Class\Home\Model\ArticleDetailModel.class.php 第 13 行.
SQL: SELECT ad.id,ad.title,ad.content,ad.hits,ad.img_file,ad.tags,ad.create_time,ad.update_time,ac.name AS category_name FROM blog_article_detail ad INNER JOIN blog_article_category AS ac ON ad.category_id = ac.id  WHERE ad.status = 1 AND ad.category_id > 0 ORDER BY hits desc LIMIT 0,3   [ RunTime:0.0006s ]
INFO: [ view_parse ] --START--
INFO: [ template_filter ] --START--
INFO: Run Behavior\ContentReplaceBehavior [ RunTime:0.000310s ]
INFO: [ template_filter ] --END-- [ RunTime:0.000661s ]
INFO: Run Behavior\ParseTemplateBehavior [ RunTime:0.100332s ]
INFO: [ view_parse ] --END-- [ RunTime:0.100578s ]
INFO: [ view_filter ] --START--
INFO: Run Behavior\WriteHtmlCacheBehavior [ RunTime:0.007261s ]
INFO: [ view_filter ] --END-- [ RunTime:0.007559s ]
INFO: [ app_end ] --START--
INFO: Run Behavior\ShowPageTraceBehavior [ RunTime:0.027088s ]
INFO: [ app_end ] --END-- [ RunTime:0.027530s ]

[ 2015-07-21T19:34:39+08:00 ] 127.0.0.1 /ClassBlog1/?m=Home&c=Index&a=ajaxGetArticle&p=2
INFO: [ app_init ] --START--
INFO: Run Behavior\BuildLiteBehavior [ RunTime:0.000037s ]
INFO: [ app_init ] --END-- [ RunTime:0.000639s ]
INFO: [ app_begin ] --START--
INFO: Run Behavior\ReadHtmlCacheBehavior [ RunTime:0.000869s ]
INFO: Run Behavior\CheckLangBehavior [ RunTime:0.001537s ]
INFO: [ app_begin ] --END-- [ RunTime:0.002650s ]
SQL: SHOW COLUMNS FROM `blog_article_category` [ RunTime:0.0093s ]
SQL: SELECT `pid`,`id`,`name` FROM `blog_article_category` WHERE `status` = 1  [ RunTime:0.0004s ]
NOTIC: [8] Undefined index: p C:\wamp\www\ClassBlog1\Class\Home\Controller\IndexController.class.php 第 18 行.
SQL: SHOW COLUMNS FROM `blog_article_detail` [ RunTime:0.0079s ]
NOTIC: [2] Missing argument 1 for Home\Model\ArticleDetailModel::getCount(), called in C:\wamp\www\ClassBlog1\Class\Home\Controller\IndexController.class.php on line 20 and defined C:\wamp\www\ClassBlog1\Class\Home\Model\ArticleDetailModel.class.php 第 37 行.
NOTIC: [8] Undefined variable: category_id C:\wamp\www\ClassBlog1\Class\Home\Model\ArticleDetailModel.class.php 第 39 行.
SQL: SELECT COUNT(*) AS tp_count FROM `blog_article_detail` WHERE `status` = 1 AND `category_id` > 0 LIMIT 1   [ RunTime:0.0004s ]
SQL: SELECT ad.id,ad.title,ad.content,ad.hits,ad.img_file,ad.tags,ad.create_time,ad.update_time,ac.name AS category_name FROM blog_article_detail ad INNER JOIN blog_article_category AS ac ON ad.category_id = ac.id  WHERE ad.status = 1 AND ad.category_id > 0 ORDER BY hits desc LIMIT 0,3   [ RunTime:0.0006s ]

[ 2015-07-21T19:34:42+08:00 ] 127.0.0.1 /ClassBlog1/?m=Home&c=Index&a=ajaxGetArticle&p=3
INFO: [ app_init ] --START--
INFO: Run Behavior\BuildLiteBehavior [ RunTime:0.000048s ]
INFO: [ app_init ] --END-- [ RunTime:0.000841s ]
INFO: [ app_begin ] --START--
INFO: Run Behavior\ReadHtmlCacheBehavior [ RunTime:0.000898s ]
INFO: Run Behavior\CheckLangBehavior [ RunTime:0.001581s ]
INFO: [ app_begin ] --END-- [ RunTime:0.002729s ]
SQL: SHOW COLUMNS FROM `blog_article_category` [ RunTime:0.0103s ]
SQL: SELECT `pid`,`id`,`name` FROM `blog_article_category` WHERE `status` = 1  [ RunTime:0.0004s ]
NOTIC: [8] Undefined index: p C:\wamp\www\ClassBlog1\Class\Home\Controller\IndexController.class.php 第 18 行.
SQL: SHOW COLUMNS FROM `blog_article_detail` [ RunTime:0.0067s ]
NOTIC: [2] Missing argument 1 for Home\Model\ArticleDetailModel::getCount(), called in C:\wamp\www\ClassBlog1\Class\Home\Controller\IndexController.class.php on line 20 and defined C:\wamp\www\ClassBlog1\Class\Home\Model\ArticleDetailModel.class.php 第 37 行.
NOTIC: [8] Undefined variable: category_id C:\wamp\www\ClassBlog1\Class\Home\Model\ArticleDetailModel.class.php 第 39 行.
SQL: SELECT COUNT(*) AS tp_count FROM `blog_article_detail` WHERE `status` = 1 AND `category_id` > 0 LIMIT 1   [ RunTime:0.0004s ]
SQL: SELECT ad.id,ad.title,ad.content,ad.hits,ad.img_file,ad.tags,ad.create_time,ad.update_time,ac.name AS category_name FROM blog_article_detail ad INNER JOIN blog_article_category AS ac ON ad.category_id = ac.id  WHERE ad.status = 1 AND ad.category_id > 0 ORDER BY hits desc LIMIT 0,3   [ RunTime:0.0005s ]

[ 2015-07-21T19:34:45+08:00 ] 127.0.0.1 /ClassBlog1/?m=Home&c=Index&a=ajaxGetArticle&p=4
INFO: [ app_init ] --START--
INFO: Run Behavior\BuildLiteBehavior [ RunTime:0.000049s ]
INFO: [ app_init ] --END-- [ RunTime:0.000804s ]
INFO: [ app_begin ] --START--
INFO: Run Behavior\ReadHtmlCacheBehavior [ RunTime:0.001130s ]
INFO: Run Behavior\CheckLangBehavior [ RunTime:0.002124s ]
INFO: [ app_begin ] --END-- [ RunTime:0.003581s ]
SQL: SHOW COLUMNS FROM `blog_article_category` [ RunTime:0.0697s ]
SQL: SELECT `pid`,`id`,`name` FROM `blog_article_category` WHERE `status` = 1  [ RunTime:0.0004s ]
NOTIC: [8] Undefined index: p C:\wamp\www\ClassBlog1\Class\Home\Controller\IndexController.class.php 第 18 行.
SQL: SHOW COLUMNS FROM `blog_article_detail` [ RunTime:0.0080s ]
NOTIC: [2] Missing argument 1 for Home\Model\ArticleDetailModel::getCount(), called in C:\wamp\www\ClassBlog1\Class\Home\Controller\IndexController.class.php on line 20 and defined C:\wamp\www\ClassBlog1\Class\Home\Model\ArticleDetailModel.class.php 第 37 行.
NOTIC: [8] Undefined variable: category_id C:\wamp\www\ClassBlog1\Class\Home\Model\ArticleDetailModel.class.php 第 39 行.
SQL: SELECT COUNT(*) AS tp_count FROM `blog_article_detail` WHERE `status` = 1 AND `category_id` > 0 LIMIT 1   [ RunTime:0.0004s ]
SQL: SELECT ad.id,ad.title,ad.content,ad.hits,ad.img_file,ad.tags,ad.create_time,ad.update_time,ac.name AS category_name FROM blog_article_detail ad INNER JOIN blog_article_category AS ac ON ad.category_id = ac.id  WHERE ad.status = 1 AND ad.category_id > 0 ORDER BY hits desc LIMIT 0,3   [ RunTime:0.0005s ]

[ 2015-07-21T19:34:49+08:00 ] 127.0.0.1 /ClassBlog1/?m=Home&c=Index&a=ajaxGetArticle&p=5
INFO: [ app_init ] --START--
INFO: Run Behavior\BuildLiteBehavior [ RunTime:0.000048s ]
INFO: [ app_init ] --END-- [ RunTime:0.000825s ]
INFO: [ app_begin ] --START--
INFO: Run Behavior\ReadHtmlCacheBehavior [ RunTime:0.001449s ]
INFO: Run Behavior\CheckLangBehavior [ RunTime:0.002217s ]
INFO: [ app_begin ] --END-- [ RunTime:0.004106s ]
SQL: SHOW COLUMNS FROM `blog_article_category` [ RunTime:0.0108s ]
SQL: SELECT `pid`,`id`,`name` FROM `blog_article_category` WHERE `status` = 1  [ RunTime:0.0004s ]
NOTIC: [8] Undefined index: p C:\wamp\www\ClassBlog1\Class\Home\Controller\IndexController.class.php 第 18 行.
SQL: SHOW COLUMNS FROM `blog_article_detail` [ RunTime:0.0076s ]
NOTIC: [2] Missing argument 1 for Home\Model\ArticleDetailModel::getCount(), called in C:\wamp\www\ClassBlog1\Class\Home\Controller\IndexController.class.php on line 20 and defined C:\wamp\www\ClassBlog1\Class\Home\Model\ArticleDetailModel.class.php 第 37 行.
NOTIC: [8] Undefined variable: category_id C:\wamp\www\ClassBlog1\Class\Home\Model\ArticleDetailModel.class.php 第 39 行.
SQL: SELECT COUNT(*) AS tp_count FROM `blog_article_detail` WHERE `status` = 1 AND `category_id` > 0 LIMIT 1   [ RunTime:0.0004s ]
SQL: SELECT ad.id,ad.title,ad.content,ad.hits,ad.img_file,ad.tags,ad.create_time,ad.update_time,ac.name AS category_name FROM blog_article_detail ad INNER JOIN blog_article_category AS ac ON ad.category_id = ac.id  WHERE ad.status = 1 AND ad.category_id > 0 ORDER BY hits desc LIMIT 0,3   [ RunTime:0.0005s ]

