[ 2015-11-19T22:06:10+08:00 ] 127.0.0.1 /Blog2.0/
INFO: [ app_init ] --START--
INFO: Run Behavior\BuildLiteBehavior [ RunTime:0.000055s ]
INFO: [ app_init ] --END-- [ RunTime:0.008727s ]
INFO: [ app_begin ] --START--
INFO: Run Behavior\ReadHtmlCacheBehavior [ RunTime:0.001330s ]
INFO: Run Behavior\CheckLangBehavior [ RunTime:0.038579s ]
INFO: [ app_begin ] --END-- [ RunTime:0.040211s ]
SQL: SHOW COLUMNS FROM `blog_article_category` [ RunTime:0.0032s ]
NOTIC: [2] Missing argument 1 for Home\Model\ArticleCategoryModel::nav(), called in C:\wamp\www\Blog2.0\Class\Home\Controller\BaseController.class.php on line 7 and defined C:\wamp\www\Blog2.0\Class\Home\Model\ArticleCategoryModel.class.php 第 5 行.
NOTIC: [8] Undefined variable: data C:\wamp\www\Blog2.0\Class\Home\Model\ArticleCategoryModel.class.php 第 7 行.
SQL: SELECT `pid`,`id`,`name`,`index_show` FROM `blog_article_category` WHERE `status` = 1 AND `index_show` = 1  [ RunTime:0.0006s ]
SQL: SHOW COLUMNS FROM `blog_article_detail` [ RunTime:0.0033s ]
SQL: SELECT `create_time` FROM `blog_article_detail`  [ RunTime:0.0004s ]
SQL: SHOW COLUMNS FROM `blog_article_detail` [ RunTime:0.0036s ]
SQL: SELECT ad.create_time,ad.title,ad.img_file,ad.id FROM blog_article_detail ad INNER JOIN blog_article_category AS ac ON ad.category_id = ac.id  WHERE ad.status = 1 ORDER BY create_time desc LIMIT 4   [ RunTime:0.0006s ]
SQL: SHOW COLUMNS FROM `blog_friend_link` [ RunTime:0.0353s ]
SQL: SELECT * FROM `blog_friend_link` WHERE ( status=1 AND index_show=1 )  [ RunTime:0.0004s ]
NOTIC: [2] Missing argument 1 for Home\Model\ArticleDetailModel::getCount(), called in C:\wamp\www\Blog2.0\Class\Home\Controller\IndexController.class.php on line 8 and defined C:\wamp\www\Blog2.0\Class\Home\Model\ArticleDetailModel.class.php 第 63 行.
NOTIC: [8] Undefined variable: category_id C:\wamp\www\Blog2.0\Class\Home\Model\ArticleDetailModel.class.php 第 64 行.
SQL: SELECT COUNT(*) AS tp_count FROM `blog_article_detail` WHERE `status` = 1 AND `category_id` > 0 LIMIT 1   [ RunTime:0.0005s ]
NOTIC: [2] Missing argument 1 for Home\Model\ArticleDetailModel::getDetail(), called in C:\wamp\www\Blog2.0\Class\Home\Controller\IndexController.class.php on line 9 and defined C:\wamp\www\Blog2.0\Class\Home\Model\ArticleDetailModel.class.php 第 6 行.
NOTIC: [8] Undefined variable: category_id C:\wamp\www\Blog2.0\Class\Home\Model\ArticleDetailModel.class.php 第 11 行.
NOTIC: [8] Undefined index: p C:\wamp\www\Blog2.0\Class\Home\Model\ArticleDetailModel.class.php 第 13 行.
SQL: SELECT ad.id,ad.title,ad.content,ad.hits,ad.img_file,ad.tags,ad.create_time,ad.update_time,ac.name AS category_name,ac.id AS cid FROM blog_article_detail ad INNER JOIN blog_article_category AS ac ON ad.category_id = ac.id  WHERE ad.status = 1 AND ad.category_id > 0 ORDER BY hits desc LIMIT 0,3   [ RunTime:0.0006s ]
INFO: [ view_parse ] --START--
INFO: [ template_filter ] --START--
INFO: Run Behavior\ContentReplaceBehavior [ RunTime:0.000235s ]
INFO: [ template_filter ] --END-- [ RunTime:0.000521s ]
INFO: Run Behavior\ParseTemplateBehavior [ RunTime:0.105509s ]
INFO: [ view_parse ] --END-- [ RunTime:0.105690s ]
INFO: [ view_filter ] --START--
INFO: Run Behavior\WriteHtmlCacheBehavior [ RunTime:0.022621s ]
INFO: [ view_filter ] --END-- [ RunTime:0.022814s ]
INFO: [ app_end ] --START--
INFO: Run Behavior\ShowPageTraceBehavior [ RunTime:0.009889s ]
INFO: [ app_end ] --END-- [ RunTime:0.010341s ]

[ 2015-11-19T22:17:43+08:00 ] 127.0.0.1 /Blog2.0/
INFO: [ app_init ] --START--
INFO: Run Behavior\BuildLiteBehavior [ RunTime:0.000035s ]
INFO: [ app_init ] --END-- [ RunTime:0.000544s ]
INFO: [ app_begin ] --START--
INFO: Run Behavior\ReadHtmlCacheBehavior [ RunTime:0.000650s ]
INFO: Run Behavior\CheckLangBehavior [ RunTime:0.001417s ]
INFO: [ app_begin ] --END-- [ RunTime:0.002314s ]
SQL: SHOW COLUMNS FROM `blog_article_category` [ RunTime:0.0033s ]
NOTIC: [2] Missing argument 1 for Home\Model\ArticleCategoryModel::nav(), called in C:\wamp\www\Blog2.0\Class\Home\Controller\BaseController.class.php on line 7 and defined C:\wamp\www\Blog2.0\Class\Home\Model\ArticleCategoryModel.class.php 第 5 行.
NOTIC: [8] Undefined variable: data C:\wamp\www\Blog2.0\Class\Home\Model\ArticleCategoryModel.class.php 第 7 行.
SQL: SELECT `pid`,`id`,`name`,`index_show` FROM `blog_article_category` WHERE `status` = 1 AND `index_show` = 1  [ RunTime:0.0004s ]
SQL: SHOW COLUMNS FROM `blog_article_detail` [ RunTime:0.0034s ]
SQL: SELECT `create_time` FROM `blog_article_detail`  [ RunTime:0.0003s ]
SQL: SHOW COLUMNS FROM `blog_article_detail` [ RunTime:0.0036s ]
SQL: SELECT ad.create_time,ad.title,ad.img_file,ad.id FROM blog_article_detail ad INNER JOIN blog_article_category AS ac ON ad.category_id = ac.id  WHERE ad.status = 1 ORDER BY create_time desc LIMIT 4   [ RunTime:0.0004s ]
SQL: SHOW COLUMNS FROM `blog_friend_link` [ RunTime:0.0029s ]
SQL: SELECT * FROM `blog_friend_link` WHERE ( status=1 AND index_show=1 )  [ RunTime:0.0003s ]
NOTIC: [2] Missing argument 1 for Home\Model\ArticleDetailModel::getCount(), called in C:\wamp\www\Blog2.0\Class\Home\Controller\IndexController.class.php on line 8 and defined C:\wamp\www\Blog2.0\Class\Home\Model\ArticleDetailModel.class.php 第 63 行.
NOTIC: [8] Undefined variable: category_id C:\wamp\www\Blog2.0\Class\Home\Model\ArticleDetailModel.class.php 第 64 行.
SQL: SELECT COUNT(*) AS tp_count FROM `blog_article_detail` WHERE `status` = 1 AND `category_id` > 0 LIMIT 1   [ RunTime:0.0005s ]
NOTIC: [2] Missing argument 1 for Home\Model\ArticleDetailModel::getDetail(), called in C:\wamp\www\Blog2.0\Class\Home\Controller\IndexController.class.php on line 9 and defined C:\wamp\www\Blog2.0\Class\Home\Model\ArticleDetailModel.class.php 第 6 行.
NOTIC: [8] Undefined variable: category_id C:\wamp\www\Blog2.0\Class\Home\Model\ArticleDetailModel.class.php 第 11 行.
NOTIC: [8] Undefined index: p C:\wamp\www\Blog2.0\Class\Home\Model\ArticleDetailModel.class.php 第 13 行.
SQL: SELECT ad.id,ad.title,ad.content,ad.hits,ad.img_file,ad.tags,ad.create_time,ad.update_time,ac.name AS category_name,ac.id AS cid FROM blog_article_detail ad INNER JOIN blog_article_category AS ac ON ad.category_id = ac.id  WHERE ad.status = 1 AND ad.category_id > 0 ORDER BY hits desc LIMIT 0,3   [ RunTime:0.0005s ]
INFO: [ view_parse ] --START--
INFO: [ template_filter ] --START--
INFO: Run Behavior\ContentReplaceBehavior [ RunTime:0.000165s ]
INFO: [ template_filter ] --END-- [ RunTime:0.000333s ]
INFO: Run Behavior\ParseTemplateBehavior [ RunTime:0.035503s ]
INFO: [ view_parse ] --END-- [ RunTime:0.035723s ]
INFO: [ view_filter ] --START--
INFO: Run Behavior\WriteHtmlCacheBehavior [ RunTime:0.000609s ]
INFO: [ view_filter ] --END-- [ RunTime:0.000771s ]
INFO: [ app_end ] --START--
INFO: Run Behavior\ShowPageTraceBehavior [ RunTime:0.001001s ]
INFO: [ app_end ] --END-- [ RunTime:0.001287s ]

