[ 2015-10-28T00:08:02+08:00 ] 127.0.0.1 /Blog2.0/index.php?m=Home&c=Studio&a=studio
INFO: [ app_init ] --START--
INFO: Run Behavior\BuildLiteBehavior [ RunTime:0.000043s ]
INFO: [ app_init ] --END-- [ RunTime:0.015244s ]
INFO: [ app_begin ] --START--
INFO: Run Behavior\ReadHtmlCacheBehavior [ RunTime:0.001608s ]
INFO: Run Behavior\CheckLangBehavior [ RunTime:0.051804s ]
INFO: [ app_begin ] --END-- [ RunTime:0.053720s ]
INFO: [ view_parse ] --START--
INFO: [ template_filter ] --START--
INFO: Run Behavior\ContentReplaceBehavior [ RunTime:0.000100s ]
INFO: [ template_filter ] --END-- [ RunTime:0.000300s ]
INFO: Run Behavior\ParseTemplateBehavior [ RunTime:0.086683s ]
INFO: [ view_parse ] --END-- [ RunTime:0.086884s ]
INFO: [ view_filter ] --START--
INFO: Run Behavior\WriteHtmlCacheBehavior [ RunTime:0.010200s ]
INFO: [ view_filter ] --END-- [ RunTime:0.010372s ]
INFO: [ app_end ] --START--
INFO: Run Behavior\ShowPageTraceBehavior [ RunTime:0.010509s ]
INFO: [ app_end ] --END-- [ RunTime:0.010691s ]

