[ 2015-10-07T00:08:37+08:00 ] 127.0.0.1 /Blog2.0/
INFO: [ app_init ] --START--
INFO: Run Behavior\BuildLiteBehavior [ RunTime:0.000038s ]
INFO: [ app_init ] --END-- [ RunTime:0.000755s ]
INFO: [ app_begin ] --START--
INFO: Run Behavior\ReadHtmlCacheBehavior [ RunTime:0.000981s ]
INFO: Run Behavior\CheckLangBehavior [ RunTime:0.001730s ]
INFO: [ app_begin ] --END-- [ RunTime:0.002992s ]
SQL: SHOW COLUMNS FROM `blog_article_category` [ RunTime:0.0141s ]
SQL: SELECT `pid`,`id`,`name` FROM `blog_article_category` WHERE `status` = 1  [ RunTime:0.0004s ]
SQL: SHOW COLUMNS FROM `blog_article_detail` [ RunTime:0.0296s ]
NOTIC: [2] Missing argument 1 for Home\Model\ArticleDetailModel::getCount(), called in C:\wamp\www\Blog2.0\Class\Home\Controller\IndexController.class.php on line 8 and defined C:\wamp\www\Blog2.0\Class\Home\Model\ArticleDetailModel.class.php 第 36 行.
NOTIC: [8] Undefined variable: category_id C:\wamp\www\Blog2.0\Class\Home\Model\ArticleDetailModel.class.php 第 38 行.
SQL: SELECT COUNT(*) AS tp_count FROM `blog_article_detail` WHERE `status` = 1 AND `category_id` > 0 LIMIT 1   [ RunTime:0.0004s ]
NOTIC: [2] Missing argument 1 for Home\Model\ArticleDetailModel::getDetail(), called in C:\wamp\www\Blog2.0\Class\Home\Controller\IndexController.class.php on line 9 and defined C:\wamp\www\Blog2.0\Class\Home\Model\ArticleDetailModel.class.php 第 6 行.
NOTIC: [2] Missing argument 2 for Home\Model\ArticleDetailModel::getDetail(), called in C:\wamp\www\Blog2.0\Class\Home\Controller\IndexController.class.php on line 9 and defined C:\wamp\www\Blog2.0\Class\Home\Model\ArticleDetailModel.class.php 第 6 行.
NOTIC: [8] Undefined variable: category_id C:\wamp\www\Blog2.0\Class\Home\Model\ArticleDetailModel.class.php 第 11 行.
NOTIC: [8] Undefined index: p C:\wamp\www\Blog2.0\Class\Home\Model\ArticleDetailModel.class.php 第 13 行.
SQL: SELECT ad.id,ad.title,ad.content,ad.hits,ad.img_file,ad.tags,ad.create_time,ad.update_time,ac.name AS category_name FROM blog_article_detail ad INNER JOIN blog_article_category AS ac ON ad.category_id = ac.id  WHERE ad.status = 1 AND ad.category_id > 0 ORDER BY hits desc LIMIT 0,3   [ RunTime:0.0006s ]
INFO: [ view_parse ] --START--
INFO: [ template_filter ] --START--
INFO: Run Behavior\ContentReplaceBehavior [ RunTime:0.000269s ]
INFO: [ template_filter ] --END-- [ RunTime:0.000583s ]
INFO: Run Behavior\ParseTemplateBehavior [ RunTime:0.085330s ]
INFO: [ view_parse ] --END-- [ RunTime:0.085520s ]
INFO: [ view_filter ] --START--
INFO: Run Behavior\WriteHtmlCacheBehavior [ RunTime:0.000702s ]
INFO: [ view_filter ] --END-- [ RunTime:0.000863s ]
NOTIC: [2] Cannot modify header information - headers already sent by (output started at C:\wamp\www\Blog2.0\ThinkPHP\Common\functions.php:848) C:\wamp\www\Blog2.0\ThinkPHP\Library\Think\View.class.php 第 91 行.
NOTIC: [2] Cannot modify header information - headers already sent by (output started at C:\wamp\www\Blog2.0\ThinkPHP\Common\functions.php:848) C:\wamp\www\Blog2.0\ThinkPHP\Library\Think\View.class.php 第 92 行.
NOTIC: [2] Cannot modify header information - headers already sent by (output started at C:\wamp\www\Blog2.0\ThinkPHP\Common\functions.php:848) C:\wamp\www\Blog2.0\ThinkPHP\Library\Think\View.class.php 第 93 行.
INFO: [ app_end ] --START--
INFO: Run Behavior\ShowPageTraceBehavior [ RunTime:0.001649s ]
INFO: [ app_end ] --END-- [ RunTime:0.001981s ]

[ 2015-10-07T00:08:41+08:00 ] 127.0.0.1 /Blog2.0/
INFO: [ app_init ] --START--
INFO: Run Behavior\BuildLiteBehavior [ RunTime:0.000065s ]
INFO: [ app_init ] --END-- [ RunTime:0.001011s ]
INFO: [ app_begin ] --START--
INFO: Run Behavior\ReadHtmlCacheBehavior [ RunTime:0.001539s ]
INFO: Run Behavior\CheckLangBehavior [ RunTime:0.002380s ]
INFO: [ app_begin ] --END-- [ RunTime:0.004375s ]
SQL: SHOW COLUMNS FROM `blog_article_category` [ RunTime:0.0130s ]
SQL: SELECT `pid`,`id`,`name` FROM `blog_article_category` WHERE `status` = 1  [ RunTime:0.0003s ]
SQL: SHOW COLUMNS FROM `blog_article_detail` [ RunTime:0.0095s ]
NOTIC: [2] Missing argument 1 for Home\Model\ArticleDetailModel::getCount(), called in C:\wamp\www\Blog2.0\Class\Home\Controller\IndexController.class.php on line 8 and defined C:\wamp\www\Blog2.0\Class\Home\Model\ArticleDetailModel.class.php 第 36 行.
NOTIC: [8] Undefined variable: category_id C:\wamp\www\Blog2.0\Class\Home\Model\ArticleDetailModel.class.php 第 38 行.
SQL: SELECT COUNT(*) AS tp_count FROM `blog_article_detail` WHERE `status` = 1 AND `category_id` > 0 LIMIT 1   [ RunTime:0.0007s ]
NOTIC: [2] Missing argument 1 for Home\Model\ArticleDetailModel::getDetail(), called in C:\wamp\www\Blog2.0\Class\Home\Controller\IndexController.class.php on line 9 and defined C:\wamp\www\Blog2.0\Class\Home\Model\ArticleDetailModel.class.php 第 6 行.
NOTIC: [2] Missing argument 2 for Home\Model\ArticleDetailModel::getDetail(), called in C:\wamp\www\Blog2.0\Class\Home\Controller\IndexController.class.php on line 9 and defined C:\wamp\www\Blog2.0\Class\Home\Model\ArticleDetailModel.class.php 第 6 行.
NOTIC: [8] Undefined variable: category_id C:\wamp\www\Blog2.0\Class\Home\Model\ArticleDetailModel.class.php 第 11 行.
NOTIC: [8] Undefined index: p C:\wamp\www\Blog2.0\Class\Home\Model\ArticleDetailModel.class.php 第 13 行.
SQL: SELECT ad.id,ad.title,ad.content,ad.hits,ad.img_file,ad.tags,ad.create_time,ad.update_time,ac.name AS category_name FROM blog_article_detail ad INNER JOIN blog_article_category AS ac ON ad.category_id = ac.id  WHERE ad.status = 1 AND ad.category_id > 0 ORDER BY hits desc LIMIT 0,3   [ RunTime:0.0005s ]
INFO: [ view_parse ] --START--
INFO: [ template_filter ] --START--
INFO: Run Behavior\ContentReplaceBehavior [ RunTime:0.000183s ]
INFO: [ template_filter ] --END-- [ RunTime:0.000361s ]
INFO: Run Behavior\ParseTemplateBehavior [ RunTime:0.057492s ]
INFO: [ view_parse ] --END-- [ RunTime:0.057671s ]
INFO: [ view_filter ] --START--
INFO: Run Behavior\WriteHtmlCacheBehavior [ RunTime:0.000962s ]
INFO: [ view_filter ] --END-- [ RunTime:0.001336s ]
NOTIC: [2] Cannot modify header information - headers already sent by (output started at C:\wamp\www\Blog2.0\ThinkPHP\Common\functions.php:848) C:\wamp\www\Blog2.0\ThinkPHP\Library\Think\View.class.php 第 91 行.
NOTIC: [2] Cannot modify header information - headers already sent by (output started at C:\wamp\www\Blog2.0\ThinkPHP\Common\functions.php:848) C:\wamp\www\Blog2.0\ThinkPHP\Library\Think\View.class.php 第 92 行.
NOTIC: [2] Cannot modify header information - headers already sent by (output started at C:\wamp\www\Blog2.0\ThinkPHP\Common\functions.php:848) C:\wamp\www\Blog2.0\ThinkPHP\Library\Think\View.class.php 第 93 行.
INFO: [ app_end ] --START--
INFO: Run Behavior\ShowPageTraceBehavior [ RunTime:0.001496s ]
INFO: [ app_end ] --END-- [ RunTime:0.002370s ]

[ 2015-10-07T00:08:46+08:00 ] 127.0.0.1 /Blog2.0/index.php?m=Home&c=Article&a=detail&id=2
INFO: [ app_init ] --START--
INFO: Run Behavior\BuildLiteBehavior [ RunTime:0.000072s ]
INFO: [ app_init ] --END-- [ RunTime:0.001052s ]
INFO: [ app_begin ] --START--
INFO: Run Behavior\ReadHtmlCacheBehavior [ RunTime:0.001403s ]
INFO: Run Behavior\CheckLangBehavior [ RunTime:0.004833s ]
INFO: [ app_begin ] --END-- [ RunTime:0.006836s ]
SQL: SHOW COLUMNS FROM `blog_article_category` [ RunTime:0.0145s ]
SQL: SELECT `pid`,`id`,`name` FROM `blog_article_category` WHERE `status` = 1  [ RunTime:0.0003s ]
SQL: SHOW COLUMNS FROM `blog_article_detail` [ RunTime:0.0087s ]
SQL: SELECT COUNT(*) AS tp_count FROM `blog_article_detail` WHERE `id` < '2' ORDER BY id asc LIMIT 1   [ RunTime:0.0005s ]
SQL: SELECT d.id,d.title,d.content,d.hits,d.img_file,d.tags,d.create_time,d.update_time,c.pid as c_pid,c.name as category_name FROM blog_article_detail d INNER JOIN blog_article_category AS c ON d.category_id=c.id  ORDER BY id asc LIMIT 0,3   [ RunTime:0.0006s ]
SQL: SHOW COLUMNS FROM `blog_article_category` [ RunTime:0.0073s ]
SQL: SELECT `id`,`name` FROM `blog_article_category` WHERE `status` = 1 ORDER BY id asc  [ RunTime:0.0005s ]
INFO: [ view_parse ] --START--
INFO: [ template_filter ] --START--
INFO: Run Behavior\ContentReplaceBehavior [ RunTime:0.000296s ]
INFO: [ template_filter ] --END-- [ RunTime:0.000615s ]
NOTIC: [8] Undefined index: c_name C:\wamp\www\Blog2.0\Class\Runtime\Cache\Home\8351dab5c2bad2814199f5300e452414.php 第 85 行.
NOTIC: [8] Use of undefined constant update_time - assumed 'update_time' C:\wamp\www\Blog2.0\Class\Runtime\Cache\Home\8351dab5c2bad2814199f5300e452414.php 第 95 行.
INFO: Run Behavior\ParseTemplateBehavior [ RunTime:0.098179s ]
INFO: [ view_parse ] --END-- [ RunTime:0.098501s ]
INFO: [ view_filter ] --START--
INFO: Run Behavior\WriteHtmlCacheBehavior [ RunTime:0.001067s ]
INFO: [ view_filter ] --END-- [ RunTime:0.001385s ]
NOTIC: [2] Cannot modify header information - headers already sent by (output started at C:\wamp\www\Blog2.0\ThinkPHP\Common\functions.php:848) C:\wamp\www\Blog2.0\ThinkPHP\Library\Think\View.class.php 第 91 行.
NOTIC: [2] Cannot modify header information - headers already sent by (output started at C:\wamp\www\Blog2.0\ThinkPHP\Common\functions.php:848) C:\wamp\www\Blog2.0\ThinkPHP\Library\Think\View.class.php 第 92 行.
NOTIC: [2] Cannot modify header information - headers already sent by (output started at C:\wamp\www\Blog2.0\ThinkPHP\Common\functions.php:848) C:\wamp\www\Blog2.0\ThinkPHP\Library\Think\View.class.php 第 93 行.
INFO: [ app_end ] --START--
INFO: Run Behavior\ShowPageTraceBehavior [ RunTime:0.003396s ]
INFO: [ app_end ] --END-- [ RunTime:0.003809s ]

[ 2015-10-07T01:28:39+08:00 ] 127.0.0.1 /Blog2.0/
INFO: [ app_init ] --START--
INFO: Run Behavior\BuildLiteBehavior [ RunTime:0.000067s ]
INFO: [ app_init ] --END-- [ RunTime:0.000987s ]
INFO: [ app_begin ] --START--
INFO: Run Behavior\ReadHtmlCacheBehavior [ RunTime:0.000922s ]
INFO: Run Behavior\CheckLangBehavior [ RunTime:0.002370s ]
INFO: [ app_begin ] --END-- [ RunTime:0.003770s ]
SQL: SHOW COLUMNS FROM `blog_article_category` [ RunTime:0.0237s ]
SQL: SELECT `pid`,`id`,`name` FROM `blog_article_category` WHERE `status` = 1  [ RunTime:0.0008s ]
SQL: SHOW COLUMNS FROM `blog_article_detail` [ RunTime:0.0173s ]
NOTIC: [2] Missing argument 1 for Home\Model\ArticleDetailModel::getCount(), called in C:\wamp\www\Blog2.0\Class\Home\Controller\IndexController.class.php on line 8 and defined C:\wamp\www\Blog2.0\Class\Home\Model\ArticleDetailModel.class.php 第 36 行.
NOTIC: [8] Undefined variable: category_id C:\wamp\www\Blog2.0\Class\Home\Model\ArticleDetailModel.class.php 第 38 行.
SQL: SELECT COUNT(*) AS tp_count FROM `blog_article_detail` WHERE `status` = 1 AND `category_id` > 0 LIMIT 1   [ RunTime:0.0012s ]
NOTIC: [2] Missing argument 1 for Home\Model\ArticleDetailModel::getDetail(), called in C:\wamp\www\Blog2.0\Class\Home\Controller\IndexController.class.php on line 9 and defined C:\wamp\www\Blog2.0\Class\Home\Model\ArticleDetailModel.class.php 第 6 行.
NOTIC: [2] Missing argument 2 for Home\Model\ArticleDetailModel::getDetail(), called in C:\wamp\www\Blog2.0\Class\Home\Controller\IndexController.class.php on line 9 and defined C:\wamp\www\Blog2.0\Class\Home\Model\ArticleDetailModel.class.php 第 6 行.
NOTIC: [8] Undefined variable: category_id C:\wamp\www\Blog2.0\Class\Home\Model\ArticleDetailModel.class.php 第 11 行.
NOTIC: [8] Undefined index: p C:\wamp\www\Blog2.0\Class\Home\Model\ArticleDetailModel.class.php 第 13 行.
SQL: SELECT ad.id,ad.title,ad.content,ad.hits,ad.img_file,ad.tags,ad.create_time,ad.update_time,ac.name AS category_name FROM blog_article_detail ad INNER JOIN blog_article_category AS ac ON ad.category_id = ac.id  WHERE ad.status = 1 AND ad.category_id > 0 ORDER BY hits desc LIMIT 0,3   [ RunTime:0.0010s ]
INFO: [ view_parse ] --START--
INFO: [ template_filter ] --START--
INFO: Run Behavior\ContentReplaceBehavior [ RunTime:0.000301s ]
INFO: [ template_filter ] --END-- [ RunTime:0.000678s ]
INFO: Run Behavior\ParseTemplateBehavior [ RunTime:0.079199s ]
INFO: [ view_parse ] --END-- [ RunTime:0.079518s ]
INFO: [ view_filter ] --START--
INFO: Run Behavior\WriteHtmlCacheBehavior [ RunTime:0.001132s ]
INFO: [ view_filter ] --END-- [ RunTime:0.001500s ]
NOTIC: [2] Cannot modify header information - headers already sent by (output started at C:\wamp\www\Blog2.0\ThinkPHP\Common\functions.php:848) C:\wamp\www\Blog2.0\ThinkPHP\Library\Think\View.class.php 第 91 行.
NOTIC: [2] Cannot modify header information - headers already sent by (output started at C:\wamp\www\Blog2.0\ThinkPHP\Common\functions.php:848) C:\wamp\www\Blog2.0\ThinkPHP\Library\Think\View.class.php 第 92 行.
NOTIC: [2] Cannot modify header information - headers already sent by (output started at C:\wamp\www\Blog2.0\ThinkPHP\Common\functions.php:848) C:\wamp\www\Blog2.0\ThinkPHP\Library\Think\View.class.php 第 93 行.
INFO: [ app_end ] --START--
INFO: Run Behavior\ShowPageTraceBehavior [ RunTime:0.001440s ]
INFO: [ app_end ] --END-- [ RunTime:0.001766s ]

[ 2015-10-07T01:28:44+08:00 ] 127.0.0.1 /Blog2.0/index.php?m=Home&c=Index&a=index
INFO: [ app_init ] --START--
INFO: Run Behavior\BuildLiteBehavior [ RunTime:0.000037s ]
INFO: [ app_init ] --END-- [ RunTime:0.000541s ]
INFO: [ app_begin ] --START--
INFO: Run Behavior\ReadHtmlCacheBehavior [ RunTime:0.000704s ]
INFO: Run Behavior\CheckLangBehavior [ RunTime:0.002019s ]
INFO: [ app_begin ] --END-- [ RunTime:0.003132s ]
SQL: SHOW COLUMNS FROM `blog_article_category` [ RunTime:0.0139s ]
SQL: SELECT `pid`,`id`,`name` FROM `blog_article_category` WHERE `status` = 1  [ RunTime:0.0004s ]
SQL: SHOW COLUMNS FROM `blog_article_detail` [ RunTime:0.0099s ]
NOTIC: [2] Missing argument 1 for Home\Model\ArticleDetailModel::getCount(), called in C:\wamp\www\Blog2.0\Class\Home\Controller\IndexController.class.php on line 8 and defined C:\wamp\www\Blog2.0\Class\Home\Model\ArticleDetailModel.class.php 第 36 行.
NOTIC: [8] Undefined variable: category_id C:\wamp\www\Blog2.0\Class\Home\Model\ArticleDetailModel.class.php 第 38 行.
SQL: SELECT COUNT(*) AS tp_count FROM `blog_article_detail` WHERE `status` = 1 AND `category_id` > 0 LIMIT 1   [ RunTime:0.0005s ]
NOTIC: [2] Missing argument 1 for Home\Model\ArticleDetailModel::getDetail(), called in C:\wamp\www\Blog2.0\Class\Home\Controller\IndexController.class.php on line 9 and defined C:\wamp\www\Blog2.0\Class\Home\Model\ArticleDetailModel.class.php 第 6 行.
NOTIC: [2] Missing argument 2 for Home\Model\ArticleDetailModel::getDetail(), called in C:\wamp\www\Blog2.0\Class\Home\Controller\IndexController.class.php on line 9 and defined C:\wamp\www\Blog2.0\Class\Home\Model\ArticleDetailModel.class.php 第 6 行.
NOTIC: [8] Undefined variable: category_id C:\wamp\www\Blog2.0\Class\Home\Model\ArticleDetailModel.class.php 第 11 行.
NOTIC: [8] Undefined index: p C:\wamp\www\Blog2.0\Class\Home\Model\ArticleDetailModel.class.php 第 13 行.
SQL: SELECT ad.id,ad.title,ad.content,ad.hits,ad.img_file,ad.tags,ad.create_time,ad.update_time,ac.name AS category_name FROM blog_article_detail ad INNER JOIN blog_article_category AS ac ON ad.category_id = ac.id  WHERE ad.status = 1 AND ad.category_id > 0 ORDER BY hits desc LIMIT 0,3   [ RunTime:0.0009s ]
INFO: [ view_parse ] --START--
INFO: [ template_filter ] --START--
INFO: Run Behavior\ContentReplaceBehavior [ RunTime:0.000336s ]
INFO: [ template_filter ] --END-- [ RunTime:0.000741s ]
INFO: Run Behavior\ParseTemplateBehavior [ RunTime:0.035522s ]
INFO: [ view_parse ] --END-- [ RunTime:0.035879s ]
INFO: [ view_filter ] --START--
INFO: Run Behavior\WriteHtmlCacheBehavior [ RunTime:0.000551s ]
INFO: [ view_filter ] --END-- [ RunTime:0.000738s ]
NOTIC: [2] Cannot modify header information - headers already sent by (output started at C:\wamp\www\Blog2.0\ThinkPHP\Common\functions.php:848) C:\wamp\www\Blog2.0\ThinkPHP\Library\Think\View.class.php 第 91 行.
NOTIC: [2] Cannot modify header information - headers already sent by (output started at C:\wamp\www\Blog2.0\ThinkPHP\Common\functions.php:848) C:\wamp\www\Blog2.0\ThinkPHP\Library\Think\View.class.php 第 92 行.
NOTIC: [2] Cannot modify header information - headers already sent by (output started at C:\wamp\www\Blog2.0\ThinkPHP\Common\functions.php:848) C:\wamp\www\Blog2.0\ThinkPHP\Library\Think\View.class.php 第 93 行.
INFO: [ app_end ] --START--
INFO: Run Behavior\ShowPageTraceBehavior [ RunTime:0.000926s ]
INFO: [ app_end ] --END-- [ RunTime:0.001228s ]

[ 2015-10-07T12:06:20+08:00 ] 127.0.0.1 /Blog2.0/
INFO: [ app_init ] --START--
INFO: Run Behavior\BuildLiteBehavior [ RunTime:0.000046s ]
INFO: [ app_init ] --END-- [ RunTime:0.007176s ]
INFO: [ app_begin ] --START--
INFO: Run Behavior\ReadHtmlCacheBehavior [ RunTime:0.019377s ]
INFO: Run Behavior\CheckLangBehavior [ RunTime:0.009932s ]
INFO: [ app_begin ] --END-- [ RunTime:0.029643s ]
SQL: SHOW COLUMNS FROM `blog_article_category` [ RunTime:0.0138s ]
SQL: SELECT `pid`,`id`,`name` FROM `blog_article_category` WHERE `status` = 1  [ RunTime:0.0004s ]
SQL: SHOW COLUMNS FROM `blog_article_detail` [ RunTime:0.0122s ]
NOTIC: [2] Missing argument 1 for Home\Model\ArticleDetailModel::getCount(), called in C:\wamp\www\Blog2.0\Class\Home\Controller\IndexController.class.php on line 8 and defined C:\wamp\www\Blog2.0\Class\Home\Model\ArticleDetailModel.class.php 第 36 行.
NOTIC: [8] Undefined variable: category_id C:\wamp\www\Blog2.0\Class\Home\Model\ArticleDetailModel.class.php 第 38 行.
SQL: SELECT COUNT(*) AS tp_count FROM `blog_article_detail` WHERE `status` = 1 AND `category_id` > 0 LIMIT 1   [ RunTime:0.0005s ]
NOTIC: [2] Missing argument 1 for Home\Model\ArticleDetailModel::getDetail(), called in C:\wamp\www\Blog2.0\Class\Home\Controller\IndexController.class.php on line 9 and defined C:\wamp\www\Blog2.0\Class\Home\Model\ArticleDetailModel.class.php 第 6 行.
NOTIC: [2] Missing argument 2 for Home\Model\ArticleDetailModel::getDetail(), called in C:\wamp\www\Blog2.0\Class\Home\Controller\IndexController.class.php on line 9 and defined C:\wamp\www\Blog2.0\Class\Home\Model\ArticleDetailModel.class.php 第 6 行.
NOTIC: [8] Undefined variable: category_id C:\wamp\www\Blog2.0\Class\Home\Model\ArticleDetailModel.class.php 第 11 行.
NOTIC: [8] Undefined index: p C:\wamp\www\Blog2.0\Class\Home\Model\ArticleDetailModel.class.php 第 13 行.
SQL: SELECT ad.id,ad.title,ad.content,ad.hits,ad.img_file,ad.tags,ad.create_time,ad.update_time,ac.name AS category_name FROM blog_article_detail ad INNER JOIN blog_article_category AS ac ON ad.category_id = ac.id  WHERE ad.status = 1 AND ad.category_id > 0 ORDER BY hits desc LIMIT 0,3   [ RunTime:0.0006s ]
INFO: [ view_parse ] --START--
INFO: [ template_filter ] --START--
INFO: Run Behavior\ContentReplaceBehavior [ RunTime:0.000185s ]
INFO: [ template_filter ] --END-- [ RunTime:0.000380s ]
INFO: Run Behavior\ParseTemplateBehavior [ RunTime:0.111817s ]
INFO: [ view_parse ] --END-- [ RunTime:0.112150s ]
INFO: [ view_filter ] --START--
INFO: Run Behavior\WriteHtmlCacheBehavior [ RunTime:0.006712s ]
INFO: [ view_filter ] --END-- [ RunTime:0.007002s ]
NOTIC: [2] Cannot modify header information - headers already sent by (output started at C:\wamp\www\Blog2.0\ThinkPHP\Common\functions.php:848) C:\wamp\www\Blog2.0\ThinkPHP\Library\Think\View.class.php 第 91 行.
NOTIC: [2] Cannot modify header information - headers already sent by (output started at C:\wamp\www\Blog2.0\ThinkPHP\Common\functions.php:848) C:\wamp\www\Blog2.0\ThinkPHP\Library\Think\View.class.php 第 92 行.
NOTIC: [2] Cannot modify header information - headers already sent by (output started at C:\wamp\www\Blog2.0\ThinkPHP\Common\functions.php:848) C:\wamp\www\Blog2.0\ThinkPHP\Library\Think\View.class.php 第 93 行.
INFO: [ app_end ] --START--
INFO: Run Behavior\ShowPageTraceBehavior [ RunTime:0.012384s ]
INFO: [ app_end ] --END-- [ RunTime:0.012794s ]

[ 2015-10-07T12:06:43+08:00 ] 127.0.0.1 /Blog2.0/index.php?m=Home&c=Article&a=detail&id=2
INFO: [ app_init ] --START--
INFO: Run Behavior\BuildLiteBehavior [ RunTime:0.000067s ]
INFO: [ app_init ] --END-- [ RunTime:0.000995s ]
INFO: [ app_begin ] --START--
INFO: Run Behavior\ReadHtmlCacheBehavior [ RunTime:0.000947s ]
INFO: Run Behavior\CheckLangBehavior [ RunTime:0.001636s ]
INFO: [ app_begin ] --END-- [ RunTime:0.002879s ]
SQL: SHOW COLUMNS FROM `blog_article_category` [ RunTime:0.0112s ]
SQL: SELECT `pid`,`id`,`name` FROM `blog_article_category` WHERE `status` = 1  [ RunTime:0.0004s ]
SQL: SHOW COLUMNS FROM `blog_article_detail` [ RunTime:0.0115s ]
SQL: SELECT COUNT(*) AS tp_count FROM `blog_article_detail` WHERE `id` < '2' ORDER BY id asc LIMIT 1   [ RunTime:0.0004s ]
SQL: SELECT d.id,d.title,d.content,d.hits,d.img_file,d.tags,d.create_time,d.update_time,c.pid as c_pid,c.name as category_name FROM blog_article_detail d INNER JOIN blog_article_category AS c ON d.category_id=c.id  ORDER BY id asc LIMIT 0,3   [ RunTime:0.0005s ]
SQL: SHOW COLUMNS FROM `blog_article_category` [ RunTime:0.0080s ]
SQL: SELECT `id`,`name` FROM `blog_article_category` WHERE `status` = 1 ORDER BY id asc  [ RunTime:0.0004s ]
INFO: [ view_parse ] --START--
INFO: [ template_filter ] --START--
INFO: Run Behavior\ContentReplaceBehavior [ RunTime:0.000276s ]
INFO: [ template_filter ] --END-- [ RunTime:0.000577s ]
NOTIC: [8] Undefined index: c_name C:\wamp\www\Blog2.0\Class\Runtime\Cache\Home\8351dab5c2bad2814199f5300e452414.php 第 85 行.
NOTIC: [8] Use of undefined constant update_time - assumed 'update_time' C:\wamp\www\Blog2.0\Class\Runtime\Cache\Home\8351dab5c2bad2814199f5300e452414.php 第 95 行.
INFO: Run Behavior\ParseTemplateBehavior [ RunTime:0.090057s ]
INFO: [ view_parse ] --END-- [ RunTime:0.090234s ]
INFO: [ view_filter ] --START--
INFO: Run Behavior\WriteHtmlCacheBehavior [ RunTime:0.000705s ]
INFO: [ view_filter ] --END-- [ RunTime:0.000861s ]
NOTIC: [2] Cannot modify header information - headers already sent by (output started at C:\wamp\www\Blog2.0\ThinkPHP\Common\functions.php:848) C:\wamp\www\Blog2.0\ThinkPHP\Library\Think\View.class.php 第 91 行.
NOTIC: [2] Cannot modify header information - headers already sent by (output started at C:\wamp\www\Blog2.0\ThinkPHP\Common\functions.php:848) C:\wamp\www\Blog2.0\ThinkPHP\Library\Think\View.class.php 第 92 行.
NOTIC: [2] Cannot modify header information - headers already sent by (output started at C:\wamp\www\Blog2.0\ThinkPHP\Common\functions.php:848) C:\wamp\www\Blog2.0\ThinkPHP\Library\Think\View.class.php 第 93 行.
INFO: [ app_end ] --START--
INFO: Run Behavior\ShowPageTraceBehavior [ RunTime:0.002383s ]
INFO: [ app_end ] --END-- [ RunTime:0.002864s ]

[ 2015-10-07T12:08:45+08:00 ] 127.0.0.1 /Blog2.0/index.php?m=Home&c=Article&a=detail&id=2
INFO: [ app_init ] --START--
INFO: Run Behavior\BuildLiteBehavior [ RunTime:0.000041s ]
INFO: [ app_init ] --END-- [ RunTime:0.000646s ]
INFO: [ app_begin ] --START--
INFO: Run Behavior\ReadHtmlCacheBehavior [ RunTime:0.001401s ]
INFO: Run Behavior\CheckLangBehavior [ RunTime:0.002030s ]
INFO: [ app_begin ] --END-- [ RunTime:0.003802s ]
SQL: SHOW COLUMNS FROM `blog_article_category` [ RunTime:0.0174s ]
SQL: SELECT `pid`,`id`,`name` FROM `blog_article_category` WHERE `status` = 1  [ RunTime:0.0006s ]
SQL: SHOW COLUMNS FROM `blog_article_detail` [ RunTime:0.0135s ]
SQL: SELECT COUNT(*) AS tp_count FROM `blog_article_detail` WHERE `id` < '2' ORDER BY id asc LIMIT 1   [ RunTime:0.0005s ]
SQL: SELECT d.id,d.title,d.content,d.hits,d.img_file,d.tags,d.create_time,d.update_time,c.pid as c_pid,c.name as category_name FROM blog_article_detail d INNER JOIN blog_article_category AS c ON d.category_id=c.id  ORDER BY id asc LIMIT 0,3   [ RunTime:0.0008s ]
SQL: SHOW COLUMNS FROM `blog_article_category` [ RunTime:0.0075s ]
SQL: SELECT `id`,`name` FROM `blog_article_category` WHERE `status` = 1 ORDER BY id asc  [ RunTime:0.0005s ]
INFO: [ view_parse ] --START--
INFO: [ template_filter ] --START--
INFO: Run Behavior\ContentReplaceBehavior [ RunTime:0.000188s ]
INFO: [ template_filter ] --END-- [ RunTime:0.000373s ]
NOTIC: [8] Undefined index: c_name C:\wamp\www\Blog2.0\Class\Runtime\Cache\Home\8351dab5c2bad2814199f5300e452414.php 第 85 行.
NOTIC: [8] Use of undefined constant update_time - assumed 'update_time' C:\wamp\www\Blog2.0\Class\Runtime\Cache\Home\8351dab5c2bad2814199f5300e452414.php 第 95 行.
INFO: Run Behavior\ParseTemplateBehavior [ RunTime:0.082646s ]
INFO: [ view_parse ] --END-- [ RunTime:0.082880s ]
INFO: [ view_filter ] --START--
INFO: Run Behavior\WriteHtmlCacheBehavior [ RunTime:0.000713s ]
INFO: [ view_filter ] --END-- [ RunTime:0.000870s ]
NOTIC: [2] Cannot modify header information - headers already sent by (output started at C:\wamp\www\Blog2.0\ThinkPHP\Common\functions.php:848) C:\wamp\www\Blog2.0\ThinkPHP\Library\Think\View.class.php 第 91 行.
NOTIC: [2] Cannot modify header information - headers already sent by (output started at C:\wamp\www\Blog2.0\ThinkPHP\Common\functions.php:848) C:\wamp\www\Blog2.0\ThinkPHP\Library\Think\View.class.php 第 92 行.
NOTIC: [2] Cannot modify header information - headers already sent by (output started at C:\wamp\www\Blog2.0\ThinkPHP\Common\functions.php:848) C:\wamp\www\Blog2.0\ThinkPHP\Library\Think\View.class.php 第 93 行.
INFO: [ app_end ] --START--
INFO: Run Behavior\ShowPageTraceBehavior [ RunTime:0.002173s ]
INFO: [ app_end ] --END-- [ RunTime:0.002930s ]

[ 2015-10-07T12:08:54+08:00 ] 127.0.0.1 /Blog2.0/index.php?m=Home&c=Article&a=detail&id=2
INFO: [ app_init ] --START--
INFO: Run Behavior\BuildLiteBehavior [ RunTime:0.000062s ]
INFO: [ app_init ] --END-- [ RunTime:0.000923s ]
INFO: [ app_begin ] --START--
INFO: Run Behavior\ReadHtmlCacheBehavior [ RunTime:0.001086s ]
INFO: Run Behavior\CheckLangBehavior [ RunTime:0.001850s ]
INFO: [ app_begin ] --END-- [ RunTime:0.003404s ]
SQL: SHOW COLUMNS FROM `blog_article_category` [ RunTime:0.0115s ]
SQL: SELECT `pid`,`id`,`name` FROM `blog_article_category` WHERE `status` = 1  [ RunTime:0.0005s ]
SQL: SHOW COLUMNS FROM `blog_article_detail` [ RunTime:0.0103s ]
SQL: SELECT COUNT(*) AS tp_count FROM `blog_article_detail` WHERE `id` < '2' ORDER BY id asc LIMIT 1   [ RunTime:0.0011s ]
SQL: SELECT d.id,d.title,d.content,d.hits,d.img_file,d.tags,d.create_time,d.update_time,c.pid as c_pid,c.name as category_name FROM blog_article_detail d INNER JOIN blog_article_category AS c ON d.category_id=c.id  ORDER BY id asc LIMIT 0,3   [ RunTime:0.0004s ]
SQL: SHOW COLUMNS FROM `blog_article_category` [ RunTime:0.0045s ]
SQL: SELECT `id`,`name` FROM `blog_article_category` WHERE `status` = 1 ORDER BY id asc  [ RunTime:0.0005s ]
INFO: [ view_parse ] --START--
INFO: [ template_filter ] --START--
INFO: Run Behavior\ContentReplaceBehavior [ RunTime:0.000196s ]
INFO: [ template_filter ] --END-- [ RunTime:0.000383s ]
NOTIC: [8] Undefined index: c_name C:\wamp\www\Blog2.0\Class\Runtime\Cache\Home\8351dab5c2bad2814199f5300e452414.php 第 85 行.
NOTIC: [8] Use of undefined constant update_time - assumed 'update_time' C:\wamp\www\Blog2.0\Class\Runtime\Cache\Home\8351dab5c2bad2814199f5300e452414.php 第 95 行.
INFO: Run Behavior\ParseTemplateBehavior [ RunTime:0.090739s ]
INFO: [ view_parse ] --END-- [ RunTime:0.090993s ]
INFO: [ view_filter ] --START--
INFO: Run Behavior\WriteHtmlCacheBehavior [ RunTime:0.000600s ]
INFO: [ view_filter ] --END-- [ RunTime:0.000757s ]
NOTIC: [2] Cannot modify header information - headers already sent by (output started at C:\wamp\www\Blog2.0\ThinkPHP\Common\functions.php:848) C:\wamp\www\Blog2.0\ThinkPHP\Library\Think\View.class.php 第 91 行.
NOTIC: [2] Cannot modify header information - headers already sent by (output started at C:\wamp\www\Blog2.0\ThinkPHP\Common\functions.php:848) C:\wamp\www\Blog2.0\ThinkPHP\Library\Think\View.class.php 第 92 行.
NOTIC: [2] Cannot modify header information - headers already sent by (output started at C:\wamp\www\Blog2.0\ThinkPHP\Common\functions.php:848) C:\wamp\www\Blog2.0\ThinkPHP\Library\Think\View.class.php 第 93 行.
INFO: [ app_end ] --START--
INFO: Run Behavior\ShowPageTraceBehavior [ RunTime:0.001880s ]
INFO: [ app_end ] --END-- [ RunTime:0.002321s ]

[ 2015-10-07T12:16:02+08:00 ] 127.0.0.1 /Blog2.0/
INFO: [ app_init ] --START--
INFO: Run Behavior\BuildLiteBehavior [ RunTime:0.000038s ]
INFO: [ app_init ] --END-- [ RunTime:0.000523s ]
INFO: [ app_begin ] --START--
INFO: Run Behavior\ReadHtmlCacheBehavior [ RunTime:0.000600s ]
INFO: Run Behavior\CheckLangBehavior [ RunTime:0.001403s ]
INFO: [ app_begin ] --END-- [ RunTime:0.002290s ]
SQL: SHOW COLUMNS FROM `blog_article_category` [ RunTime:0.0132s ]
SQL: SELECT `pid`,`id`,`name` FROM `blog_article_category` WHERE `status` = 1  [ RunTime:0.0005s ]
SQL: SHOW COLUMNS FROM `blog_article_detail` [ RunTime:0.0086s ]
NOTIC: [2] Missing argument 1 for Home\Model\ArticleDetailModel::getCount(), called in C:\wamp\www\Blog2.0\Class\Home\Controller\IndexController.class.php on line 8 and defined C:\wamp\www\Blog2.0\Class\Home\Model\ArticleDetailModel.class.php 第 36 行.
NOTIC: [8] Undefined variable: category_id C:\wamp\www\Blog2.0\Class\Home\Model\ArticleDetailModel.class.php 第 38 行.
SQL: SELECT COUNT(*) AS tp_count FROM `blog_article_detail` WHERE `status` = 1 AND `category_id` > 0 LIMIT 1   [ RunTime:0.0005s ]
NOTIC: [2] Missing argument 1 for Home\Model\ArticleDetailModel::getDetail(), called in C:\wamp\www\Blog2.0\Class\Home\Controller\IndexController.class.php on line 9 and defined C:\wamp\www\Blog2.0\Class\Home\Model\ArticleDetailModel.class.php 第 6 行.
NOTIC: [2] Missing argument 2 for Home\Model\ArticleDetailModel::getDetail(), called in C:\wamp\www\Blog2.0\Class\Home\Controller\IndexController.class.php on line 9 and defined C:\wamp\www\Blog2.0\Class\Home\Model\ArticleDetailModel.class.php 第 6 行.
NOTIC: [8] Undefined variable: category_id C:\wamp\www\Blog2.0\Class\Home\Model\ArticleDetailModel.class.php 第 11 行.
NOTIC: [8] Undefined index: p C:\wamp\www\Blog2.0\Class\Home\Model\ArticleDetailModel.class.php 第 13 行.
SQL: SELECT ad.id,ad.title,ad.content,ad.hits,ad.img_file,ad.tags,ad.create_time,ad.update_time,ac.name AS category_name FROM blog_article_detail ad INNER JOIN blog_article_category AS ac ON ad.category_id = ac.id  WHERE ad.status = 1 AND ad.category_id > 0 ORDER BY hits desc LIMIT 0,3   [ RunTime:0.0007s ]
INFO: [ view_parse ] --START--
INFO: [ template_filter ] --START--
INFO: Run Behavior\ContentReplaceBehavior [ RunTime:0.000181s ]
INFO: [ template_filter ] --END-- [ RunTime:0.000350s ]
INFO: Run Behavior\ParseTemplateBehavior [ RunTime:0.046906s ]
INFO: [ view_parse ] --END-- [ RunTime:0.047092s ]
INFO: [ view_filter ] --START--
INFO: Run Behavior\WriteHtmlCacheBehavior [ RunTime:0.000387s ]
INFO: [ view_filter ] --END-- [ RunTime:0.000532s ]
NOTIC: [2] Cannot modify header information - headers already sent by (output started at C:\wamp\www\Blog2.0\ThinkPHP\Common\functions.php:848) C:\wamp\www\Blog2.0\ThinkPHP\Library\Think\View.class.php 第 91 行.
NOTIC: [2] Cannot modify header information - headers already sent by (output started at C:\wamp\www\Blog2.0\ThinkPHP\Common\functions.php:848) C:\wamp\www\Blog2.0\ThinkPHP\Library\Think\View.class.php 第 92 行.
NOTIC: [2] Cannot modify header information - headers already sent by (output started at C:\wamp\www\Blog2.0\ThinkPHP\Common\functions.php:848) C:\wamp\www\Blog2.0\ThinkPHP\Library\Think\View.class.php 第 93 行.
INFO: [ app_end ] --START--
INFO: Run Behavior\ShowPageTraceBehavior [ RunTime:0.001175s ]
INFO: [ app_end ] --END-- [ RunTime:0.001560s ]

[ 2015-10-07T12:16:08+08:00 ] 127.0.0.1 /Blog2.0/index.php?m=Home&c=Index&a=index
INFO: [ app_init ] --START--
INFO: Run Behavior\BuildLiteBehavior [ RunTime:0.000037s ]
INFO: [ app_init ] --END-- [ RunTime:0.000574s ]
INFO: [ app_begin ] --START--
INFO: Run Behavior\ReadHtmlCacheBehavior [ RunTime:0.000617s ]
INFO: Run Behavior\CheckLangBehavior [ RunTime:0.001339s ]
INFO: [ app_begin ] --END-- [ RunTime:0.002240s ]
SQL: SHOW COLUMNS FROM `blog_article_category` [ RunTime:0.0324s ]
SQL: SELECT `pid`,`id`,`name` FROM `blog_article_category` WHERE `status` = 1  [ RunTime:0.0003s ]
SQL: SHOW COLUMNS FROM `blog_article_detail` [ RunTime:0.0097s ]
NOTIC: [2] Missing argument 1 for Home\Model\ArticleDetailModel::getCount(), called in C:\wamp\www\Blog2.0\Class\Home\Controller\IndexController.class.php on line 8 and defined C:\wamp\www\Blog2.0\Class\Home\Model\ArticleDetailModel.class.php 第 36 行.
NOTIC: [8] Undefined variable: category_id C:\wamp\www\Blog2.0\Class\Home\Model\ArticleDetailModel.class.php 第 38 行.
SQL: SELECT COUNT(*) AS tp_count FROM `blog_article_detail` WHERE `status` = 1 AND `category_id` > 0 LIMIT 1   [ RunTime:0.0005s ]
NOTIC: [2] Missing argument 1 for Home\Model\ArticleDetailModel::getDetail(), called in C:\wamp\www\Blog2.0\Class\Home\Controller\IndexController.class.php on line 9 and defined C:\wamp\www\Blog2.0\Class\Home\Model\ArticleDetailModel.class.php 第 6 行.
NOTIC: [2] Missing argument 2 for Home\Model\ArticleDetailModel::getDetail(), called in C:\wamp\www\Blog2.0\Class\Home\Controller\IndexController.class.php on line 9 and defined C:\wamp\www\Blog2.0\Class\Home\Model\ArticleDetailModel.class.php 第 6 行.
NOTIC: [8] Undefined variable: category_id C:\wamp\www\Blog2.0\Class\Home\Model\ArticleDetailModel.class.php 第 11 行.
NOTIC: [8] Undefined index: p C:\wamp\www\Blog2.0\Class\Home\Model\ArticleDetailModel.class.php 第 13 行.
SQL: SELECT ad.id,ad.title,ad.content,ad.hits,ad.img_file,ad.tags,ad.create_time,ad.update_time,ac.name AS category_name FROM blog_article_detail ad INNER JOIN blog_article_category AS ac ON ad.category_id = ac.id  WHERE ad.status = 1 AND ad.category_id > 0 ORDER BY hits desc LIMIT 0,3   [ RunTime:0.0006s ]
INFO: [ view_parse ] --START--
INFO: [ template_filter ] --START--
INFO: Run Behavior\ContentReplaceBehavior [ RunTime:0.000181s ]
INFO: [ template_filter ] --END-- [ RunTime:0.000375s ]
INFO: Run Behavior\ParseTemplateBehavior [ RunTime:0.053291s ]
INFO: [ view_parse ] --END-- [ RunTime:0.053552s ]
INFO: [ view_filter ] --START--
INFO: Run Behavior\WriteHtmlCacheBehavior [ RunTime:0.000527s ]
INFO: [ view_filter ] --END-- [ RunTime:0.000682s ]
NOTIC: [2] Cannot modify header information - headers already sent by (output started at C:\wamp\www\Blog2.0\ThinkPHP\Common\functions.php:848) C:\wamp\www\Blog2.0\ThinkPHP\Library\Think\View.class.php 第 91 行.
NOTIC: [2] Cannot modify header information - headers already sent by (output started at C:\wamp\www\Blog2.0\ThinkPHP\Common\functions.php:848) C:\wamp\www\Blog2.0\ThinkPHP\Library\Think\View.class.php 第 92 行.
NOTIC: [2] Cannot modify header information - headers already sent by (output started at C:\wamp\www\Blog2.0\ThinkPHP\Common\functions.php:848) C:\wamp\www\Blog2.0\ThinkPHP\Library\Think\View.class.php 第 93 行.
INFO: [ app_end ] --START--
INFO: Run Behavior\ShowPageTraceBehavior [ RunTime:0.001269s ]
INFO: [ app_end ] --END-- [ RunTime:0.001707s ]

[ 2015-10-07T16:29:56+08:00 ] 127.0.0.1 /Blog2.0/
INFO: [ app_init ] --START--
INFO: Run Behavior\BuildLiteBehavior [ RunTime:0.000096s ]
INFO: [ app_init ] --END-- [ RunTime:0.001238s ]
INFO: [ app_begin ] --START--
INFO: Run Behavior\ReadHtmlCacheBehavior [ RunTime:0.000702s ]
INFO: Run Behavior\CheckLangBehavior [ RunTime:0.036596s ]
INFO: [ app_begin ] --END-- [ RunTime:0.037649s ]
SQL: SHOW COLUMNS FROM `blog_article_category` [ RunTime:0.0132s ]
SQL: SELECT `pid`,`id`,`name` FROM `blog_article_category` WHERE `status` = 1  [ RunTime:0.0007s ]
SQL: SHOW COLUMNS FROM `blog_article_detail` [ RunTime:0.0104s ]
NOTIC: [2] Missing argument 1 for Home\Model\ArticleDetailModel::getCount(), called in C:\wamp\www\Blog2.0\Class\Home\Controller\IndexController.class.php on line 8 and defined C:\wamp\www\Blog2.0\Class\Home\Model\ArticleDetailModel.class.php 第 36 行.
NOTIC: [8] Undefined variable: category_id C:\wamp\www\Blog2.0\Class\Home\Model\ArticleDetailModel.class.php 第 38 行.
SQL: SELECT COUNT(*) AS tp_count FROM `blog_article_detail` WHERE `status` = 1 AND `category_id` > 0 LIMIT 1   [ RunTime:0.0009s ]
NOTIC: [2] Missing argument 1 for Home\Model\ArticleDetailModel::getDetail(), called in C:\wamp\www\Blog2.0\Class\Home\Controller\IndexController.class.php on line 9 and defined C:\wamp\www\Blog2.0\Class\Home\Model\ArticleDetailModel.class.php 第 6 行.
NOTIC: [2] Missing argument 2 for Home\Model\ArticleDetailModel::getDetail(), called in C:\wamp\www\Blog2.0\Class\Home\Controller\IndexController.class.php on line 9 and defined C:\wamp\www\Blog2.0\Class\Home\Model\ArticleDetailModel.class.php 第 6 行.
NOTIC: [8] Undefined variable: category_id C:\wamp\www\Blog2.0\Class\Home\Model\ArticleDetailModel.class.php 第 11 行.
NOTIC: [8] Undefined index: p C:\wamp\www\Blog2.0\Class\Home\Model\ArticleDetailModel.class.php 第 13 行.
SQL: SELECT ad.id,ad.title,ad.content,ad.hits,ad.img_file,ad.tags,ad.create_time,ad.update_time,ac.name AS category_name FROM blog_article_detail ad INNER JOIN blog_article_category AS ac ON ad.category_id = ac.id  WHERE ad.status = 1 AND ad.category_id > 0 ORDER BY hits desc LIMIT 0,3   [ RunTime:0.0008s ]
INFO: [ view_parse ] --START--
INFO: [ template_filter ] --START--
INFO: Run Behavior\ContentReplaceBehavior [ RunTime:0.000175s ]
INFO: [ template_filter ] --END-- [ RunTime:0.000361s ]
INFO: Run Behavior\ParseTemplateBehavior [ RunTime:0.072865s ]
INFO: [ view_parse ] --END-- [ RunTime:0.073045s ]
INFO: [ view_filter ] --START--
INFO: Run Behavior\WriteHtmlCacheBehavior [ RunTime:0.000550s ]
INFO: [ view_filter ] --END-- [ RunTime:0.000702s ]
NOTIC: [2] Cannot modify header information - headers already sent by (output started at C:\wamp\www\Blog2.0\ThinkPHP\Common\functions.php:848) C:\wamp\www\Blog2.0\ThinkPHP\Library\Think\View.class.php 第 91 行.
NOTIC: [2] Cannot modify header information - headers already sent by (output started at C:\wamp\www\Blog2.0\ThinkPHP\Common\functions.php:848) C:\wamp\www\Blog2.0\ThinkPHP\Library\Think\View.class.php 第 92 行.
NOTIC: [2] Cannot modify header information - headers already sent by (output started at C:\wamp\www\Blog2.0\ThinkPHP\Common\functions.php:848) C:\wamp\www\Blog2.0\ThinkPHP\Library\Think\View.class.php 第 93 行.
INFO: [ app_end ] --START--
INFO: Run Behavior\ShowPageTraceBehavior [ RunTime:0.001038s ]
INFO: [ app_end ] --END-- [ RunTime:0.001687s ]

[ 2015-10-07T16:30:34+08:00 ] 127.0.0.1 /Blog2.0/
INFO: [ app_init ] --START--
INFO: Run Behavior\BuildLiteBehavior [ RunTime:0.000064s ]
INFO: [ app_init ] --END-- [ RunTime:0.000731s ]
INFO: [ app_begin ] --START--
INFO: Run Behavior\ReadHtmlCacheBehavior [ RunTime:0.000741s ]
INFO: Run Behavior\CheckLangBehavior [ RunTime:0.001318s ]
INFO: [ app_begin ] --END-- [ RunTime:0.002326s ]
SQL: SHOW COLUMNS FROM `blog_article_category` [ RunTime:0.0100s ]
SQL: SELECT `pid`,`id`,`name` FROM `blog_article_category` WHERE `status` = 1  [ RunTime:0.0005s ]
SQL: SHOW COLUMNS FROM `blog_article_detail` [ RunTime:0.0077s ]
NOTIC: [2] Missing argument 1 for Home\Model\ArticleDetailModel::getCount(), called in C:\wamp\www\Blog2.0\Class\Home\Controller\IndexController.class.php on line 8 and defined C:\wamp\www\Blog2.0\Class\Home\Model\ArticleDetailModel.class.php 第 36 行.
NOTIC: [8] Undefined variable: category_id C:\wamp\www\Blog2.0\Class\Home\Model\ArticleDetailModel.class.php 第 38 行.
SQL: SELECT COUNT(*) AS tp_count FROM `blog_article_detail` WHERE `status` = 1 AND `category_id` > 0 LIMIT 1   [ RunTime:0.0005s ]
NOTIC: [2] Missing argument 1 for Home\Model\ArticleDetailModel::getDetail(), called in C:\wamp\www\Blog2.0\Class\Home\Controller\IndexController.class.php on line 9 and defined C:\wamp\www\Blog2.0\Class\Home\Model\ArticleDetailModel.class.php 第 6 行.
NOTIC: [2] Missing argument 2 for Home\Model\ArticleDetailModel::getDetail(), called in C:\wamp\www\Blog2.0\Class\Home\Controller\IndexController.class.php on line 9 and defined C:\wamp\www\Blog2.0\Class\Home\Model\ArticleDetailModel.class.php 第 6 行.
NOTIC: [8] Undefined variable: category_id C:\wamp\www\Blog2.0\Class\Home\Model\ArticleDetailModel.class.php 第 11 行.
NOTIC: [8] Undefined index: p C:\wamp\www\Blog2.0\Class\Home\Model\ArticleDetailModel.class.php 第 13 行.
SQL: SELECT ad.id,ad.title,ad.content,ad.hits,ad.img_file,ad.tags,ad.create_time,ad.update_time,ac.name AS category_name FROM blog_article_detail ad INNER JOIN blog_article_category AS ac ON ad.category_id = ac.id  WHERE ad.status = 1 AND ad.category_id > 0 ORDER BY hits desc LIMIT 0,3   [ RunTime:0.0009s ]
INFO: [ view_parse ] --START--
INFO: [ template_filter ] --START--
INFO: Run Behavior\ContentReplaceBehavior [ RunTime:0.000185s ]
INFO: [ template_filter ] --END-- [ RunTime:0.000367s ]
INFO: Run Behavior\ParseTemplateBehavior [ RunTime:0.053764s ]
INFO: [ view_parse ] --END-- [ RunTime:0.054175s ]
INFO: [ view_filter ] --START--
INFO: Run Behavior\WriteHtmlCacheBehavior [ RunTime:0.000625s ]
INFO: [ view_filter ] --END-- [ RunTime:0.000807s ]
NOTIC: [2] Cannot modify header information - headers already sent by (output started at C:\wamp\www\Blog2.0\ThinkPHP\Common\functions.php:848) C:\wamp\www\Blog2.0\ThinkPHP\Library\Think\View.class.php 第 91 行.
NOTIC: [2] Cannot modify header information - headers already sent by (output started at C:\wamp\www\Blog2.0\ThinkPHP\Common\functions.php:848) C:\wamp\www\Blog2.0\ThinkPHP\Library\Think\View.class.php 第 92 行.
NOTIC: [2] Cannot modify header information - headers already sent by (output started at C:\wamp\www\Blog2.0\ThinkPHP\Common\functions.php:848) C:\wamp\www\Blog2.0\ThinkPHP\Library\Think\View.class.php 第 93 行.
INFO: [ app_end ] --START--
INFO: Run Behavior\ShowPageTraceBehavior [ RunTime:0.002407s ]
INFO: [ app_end ] --END-- [ RunTime:0.002992s ]

[ 2015-10-07T16:30:39+08:00 ] 127.0.0.1 /Blog2.0/index.php?m=Home&c=Article&a=detail&id=2
INFO: [ app_init ] --START--
INFO: Run Behavior\BuildLiteBehavior [ RunTime:0.000058s ]
INFO: [ app_init ] --END-- [ RunTime:0.000971s ]
INFO: [ app_begin ] --START--
INFO: Run Behavior\ReadHtmlCacheBehavior [ RunTime:0.001046s ]
INFO: Run Behavior\CheckLangBehavior [ RunTime:0.002277s ]
INFO: [ app_begin ] --END-- [ RunTime:0.014411s ]
SQL: SHOW COLUMNS FROM `blog_article_category` [ RunTime:0.0102s ]
SQL: SELECT `pid`,`id`,`name` FROM `blog_article_category` WHERE `status` = 1  [ RunTime:0.0004s ]
SQL: SHOW COLUMNS FROM `blog_article_detail` [ RunTime:0.0073s ]
SQL: SELECT COUNT(*) AS tp_count FROM `blog_article_detail` WHERE `id` < '2' ORDER BY id asc LIMIT 1   [ RunTime:0.0004s ]
SQL: SELECT d.id,d.title,d.content,d.hits,d.img_file,d.tags,d.create_time,d.update_time,c.pid as c_pid,c.name as category_name FROM blog_article_detail d INNER JOIN blog_article_category AS c ON d.category_id=c.id  ORDER BY id asc LIMIT 0,3   [ RunTime:0.0006s ]
SQL: SHOW COLUMNS FROM `blog_article_category` [ RunTime:0.0087s ]
SQL: SELECT `id`,`name` FROM `blog_article_category` WHERE `status` = 1 ORDER BY id asc  [ RunTime:0.0008s ]
INFO: [ view_parse ] --START--
INFO: [ template_filter ] --START--
INFO: Run Behavior\ContentReplaceBehavior [ RunTime:0.000187s ]
INFO: [ template_filter ] --END-- [ RunTime:0.000380s ]
NOTIC: [8] Undefined index: c_name C:\wamp\www\Blog2.0\Class\Runtime\Cache\Home\8351dab5c2bad2814199f5300e452414.php 第 85 行.
NOTIC: [8] Use of undefined constant update_time - assumed 'update_time' C:\wamp\www\Blog2.0\Class\Runtime\Cache\Home\8351dab5c2bad2814199f5300e452414.php 第 95 行.
INFO: Run Behavior\ParseTemplateBehavior [ RunTime:0.131363s ]
INFO: [ view_parse ] --END-- [ RunTime:0.131552s ]
INFO: [ view_filter ] --START--
INFO: Run Behavior\WriteHtmlCacheBehavior [ RunTime:0.000590s ]
INFO: [ view_filter ] --END-- [ RunTime:0.000810s ]
NOTIC: [2] Cannot modify header information - headers already sent by (output started at C:\wamp\www\Blog2.0\ThinkPHP\Common\functions.php:848) C:\wamp\www\Blog2.0\ThinkPHP\Library\Think\View.class.php 第 91 行.
NOTIC: [2] Cannot modify header information - headers already sent by (output started at C:\wamp\www\Blog2.0\ThinkPHP\Common\functions.php:848) C:\wamp\www\Blog2.0\ThinkPHP\Library\Think\View.class.php 第 92 行.
NOTIC: [2] Cannot modify header information - headers already sent by (output started at C:\wamp\www\Blog2.0\ThinkPHP\Common\functions.php:848) C:\wamp\www\Blog2.0\ThinkPHP\Library\Think\View.class.php 第 93 行.
INFO: [ app_end ] --START--
INFO: Run Behavior\ShowPageTraceBehavior [ RunTime:0.001594s ]
INFO: [ app_end ] --END-- [ RunTime:0.001956s ]

[ 2015-10-07T16:31:01+08:00 ] 127.0.0.1 /Blog2.0/index.php?m=Home&c=Article&a=detail&id=2
INFO: [ app_init ] --START--
INFO: Run Behavior\BuildLiteBehavior [ RunTime:0.000033s ]
INFO: [ app_init ] --END-- [ RunTime:0.000530s ]
INFO: [ app_begin ] --START--
INFO: Run Behavior\ReadHtmlCacheBehavior [ RunTime:0.000825s ]
INFO: Run Behavior\CheckLangBehavior [ RunTime:0.001508s ]
INFO: [ app_begin ] --END-- [ RunTime:0.002577s ]
SQL: SHOW COLUMNS FROM `blog_article_category` [ RunTime:0.0384s ]
SQL: SELECT `pid`,`id`,`name` FROM `blog_article_category` WHERE `status` = 1  [ RunTime:0.0006s ]
SQL: SHOW COLUMNS FROM `blog_article_detail` [ RunTime:0.0120s ]
SQL: SELECT COUNT(*) AS tp_count FROM `blog_article_detail` WHERE `id` < '2' ORDER BY id asc LIMIT 1   [ RunTime:0.0005s ]
SQL: SELECT d.id,d.title,d.content,d.hits,d.img_file,d.tags,d.create_time,d.update_time,c.pid as c_pid,c.name as category_name FROM blog_article_detail d INNER JOIN blog_article_category AS c ON d.category_id=c.id  ORDER BY id asc LIMIT 0,3   [ RunTime:0.0012s ]
SQL: SHOW COLUMNS FROM `blog_article_category` [ RunTime:0.0080s ]
SQL: SELECT `id`,`name` FROM `blog_article_category` WHERE `status` = 1 ORDER BY id asc  [ RunTime:0.0003s ]
INFO: [ view_parse ] --START--
INFO: [ template_filter ] --START--
INFO: Run Behavior\ContentReplaceBehavior [ RunTime:0.000202s ]
INFO: [ template_filter ] --END-- [ RunTime:0.000395s ]
NOTIC: [8] Undefined index: c_name C:\wamp\www\Blog2.0\Class\Runtime\Cache\Home\8351dab5c2bad2814199f5300e452414.php 第 85 行.
NOTIC: [8] Use of undefined constant update_time - assumed 'update_time' C:\wamp\www\Blog2.0\Class\Runtime\Cache\Home\8351dab5c2bad2814199f5300e452414.php 第 95 行.
INFO: Run Behavior\ParseTemplateBehavior [ RunTime:0.079655s ]
INFO: [ view_parse ] --END-- [ RunTime:0.079830s ]
INFO: [ view_filter ] --START--
INFO: Run Behavior\WriteHtmlCacheBehavior [ RunTime:0.000702s ]
INFO: [ view_filter ] --END-- [ RunTime:0.000856s ]
NOTIC: [2] Cannot modify header information - headers already sent by (output started at C:\wamp\www\Blog2.0\ThinkPHP\Common\functions.php:848) C:\wamp\www\Blog2.0\ThinkPHP\Library\Think\View.class.php 第 91 行.
NOTIC: [2] Cannot modify header information - headers already sent by (output started at C:\wamp\www\Blog2.0\ThinkPHP\Common\functions.php:848) C:\wamp\www\Blog2.0\ThinkPHP\Library\Think\View.class.php 第 92 行.
NOTIC: [2] Cannot modify header information - headers already sent by (output started at C:\wamp\www\Blog2.0\ThinkPHP\Common\functions.php:848) C:\wamp\www\Blog2.0\ThinkPHP\Library\Think\View.class.php 第 93 行.
INFO: [ app_end ] --START--
INFO: Run Behavior\ShowPageTraceBehavior [ RunTime:0.003656s ]
INFO: [ app_end ] --END-- [ RunTime:0.004089s ]

[ 2015-10-07T16:31:21+08:00 ] 127.0.0.1 /Blog2.0/index.php?m=Home&c=Index&a=index
INFO: [ app_init ] --START--
INFO: Run Behavior\BuildLiteBehavior [ RunTime:0.000037s ]
INFO: [ app_init ] --END-- [ RunTime:0.000603s ]
INFO: [ app_begin ] --START--
INFO: Run Behavior\ReadHtmlCacheBehavior [ RunTime:0.000808s ]
INFO: Run Behavior\CheckLangBehavior [ RunTime:0.002243s ]
INFO: [ app_begin ] --END-- [ RunTime:0.003319s ]
SQL: SHOW COLUMNS FROM `blog_article_category` [ RunTime:0.0094s ]
SQL: SELECT `pid`,`id`,`name` FROM `blog_article_category` WHERE `status` = 1  [ RunTime:0.0003s ]
SQL: SHOW COLUMNS FROM `blog_article_detail` [ RunTime:0.0074s ]
NOTIC: [2] Missing argument 1 for Home\Model\ArticleDetailModel::getCount(), called in C:\wamp\www\Blog2.0\Class\Home\Controller\IndexController.class.php on line 8 and defined C:\wamp\www\Blog2.0\Class\Home\Model\ArticleDetailModel.class.php 第 36 行.
NOTIC: [8] Undefined variable: category_id C:\wamp\www\Blog2.0\Class\Home\Model\ArticleDetailModel.class.php 第 38 行.
SQL: SELECT COUNT(*) AS tp_count FROM `blog_article_detail` WHERE `status` = 1 AND `category_id` > 0 LIMIT 1   [ RunTime:0.0005s ]
NOTIC: [2] Missing argument 1 for Home\Model\ArticleDetailModel::getDetail(), called in C:\wamp\www\Blog2.0\Class\Home\Controller\IndexController.class.php on line 9 and defined C:\wamp\www\Blog2.0\Class\Home\Model\ArticleDetailModel.class.php 第 6 行.
NOTIC: [2] Missing argument 2 for Home\Model\ArticleDetailModel::getDetail(), called in C:\wamp\www\Blog2.0\Class\Home\Controller\IndexController.class.php on line 9 and defined C:\wamp\www\Blog2.0\Class\Home\Model\ArticleDetailModel.class.php 第 6 行.
NOTIC: [8] Undefined variable: category_id C:\wamp\www\Blog2.0\Class\Home\Model\ArticleDetailModel.class.php 第 11 行.
NOTIC: [8] Undefined index: p C:\wamp\www\Blog2.0\Class\Home\Model\ArticleDetailModel.class.php 第 13 行.
SQL: SELECT ad.id,ad.title,ad.content,ad.hits,ad.img_file,ad.tags,ad.create_time,ad.update_time,ac.name AS category_name FROM blog_article_detail ad INNER JOIN blog_article_category AS ac ON ad.category_id = ac.id  WHERE ad.status = 1 AND ad.category_id > 0 ORDER BY hits desc LIMIT 0,3   [ RunTime:0.0010s ]
INFO: [ view_parse ] --START--
INFO: [ template_filter ] --START--
INFO: Run Behavior\ContentReplaceBehavior [ RunTime:0.000184s ]
INFO: [ template_filter ] --END-- [ RunTime:0.000361s ]
INFO: Run Behavior\ParseTemplateBehavior [ RunTime:0.053204s ]
INFO: [ view_parse ] --END-- [ RunTime:0.053380s ]
INFO: [ view_filter ] --START--
INFO: Run Behavior\WriteHtmlCacheBehavior [ RunTime:0.000670s ]
INFO: [ view_filter ] --END-- [ RunTime:0.000838s ]
NOTIC: [2] Cannot modify header information - headers already sent by (output started at C:\wamp\www\Blog2.0\ThinkPHP\Common\functions.php:848) C:\wamp\www\Blog2.0\ThinkPHP\Library\Think\View.class.php 第 91 行.
NOTIC: [2] Cannot modify header information - headers already sent by (output started at C:\wamp\www\Blog2.0\ThinkPHP\Common\functions.php:848) C:\wamp\www\Blog2.0\ThinkPHP\Library\Think\View.class.php 第 92 行.
NOTIC: [2] Cannot modify header information - headers already sent by (output started at C:\wamp\www\Blog2.0\ThinkPHP\Common\functions.php:848) C:\wamp\www\Blog2.0\ThinkPHP\Library\Think\View.class.php 第 93 行.
INFO: [ app_end ] --START--
INFO: Run Behavior\ShowPageTraceBehavior [ RunTime:0.001373s ]
INFO: [ app_end ] --END-- [ RunTime:0.001694s ]

[ 2015-10-07T16:31:24+08:00 ] 127.0.0.1 /Blog2.0/?m=Home&c=Index&a=ajaxGetArticle&p=2
INFO: [ app_init ] --START--
INFO: Run Behavior\BuildLiteBehavior [ RunTime:0.000034s ]
INFO: [ app_init ] --END-- [ RunTime:0.000543s ]
INFO: [ app_begin ] --START--
INFO: Run Behavior\ReadHtmlCacheBehavior [ RunTime:0.000780s ]
INFO: Run Behavior\CheckLangBehavior [ RunTime:0.001470s ]
INFO: [ app_begin ] --END-- [ RunTime:0.002470s ]
SQL: SHOW COLUMNS FROM `blog_article_category` [ RunTime:0.0102s ]
SQL: SELECT `pid`,`id`,`name` FROM `blog_article_category` WHERE `status` = 1  [ RunTime:0.0004s ]
NOTIC: [8] Undefined index: p C:\wamp\www\Blog2.0\Class\Home\Controller\IndexController.class.php 第 19 行.
SQL: SHOW COLUMNS FROM `blog_article_detail` [ RunTime:0.0069s ]
NOTIC: [2] Missing argument 1 for Home\Model\ArticleDetailModel::getCount(), called in C:\wamp\www\Blog2.0\Class\Home\Controller\IndexController.class.php on line 21 and defined C:\wamp\www\Blog2.0\Class\Home\Model\ArticleDetailModel.class.php 第 36 行.
NOTIC: [8] Undefined variable: category_id C:\wamp\www\Blog2.0\Class\Home\Model\ArticleDetailModel.class.php 第 38 行.
SQL: SELECT COUNT(*) AS tp_count FROM `blog_article_detail` WHERE `status` = 1 AND `category_id` > 0 LIMIT 1   [ RunTime:0.0004s ]
SQL: SELECT ad.id,ad.title,ad.content,ad.hits,ad.img_file,ad.tags,ad.create_time,ad.update_time,ac.name AS category_name FROM blog_article_detail ad INNER JOIN blog_article_category AS ac ON ad.category_id = ac.id  WHERE ad.status = 1 AND ad.category_id > 0 ORDER BY hits desc LIMIT 3,3   [ RunTime:0.0006s ]

[ 2015-10-07T16:31:27+08:00 ] 127.0.0.1 /Blog2.0/?m=Home&c=Index&a=ajaxGetArticle&p=3
INFO: [ app_init ] --START--
INFO: Run Behavior\BuildLiteBehavior [ RunTime:0.000037s ]
INFO: [ app_init ] --END-- [ RunTime:0.000616s ]
INFO: [ app_begin ] --START--
INFO: Run Behavior\ReadHtmlCacheBehavior [ RunTime:0.000855s ]
INFO: Run Behavior\CheckLangBehavior [ RunTime:0.001565s ]
INFO: [ app_begin ] --END-- [ RunTime:0.002697s ]
SQL: SHOW COLUMNS FROM `blog_article_category` [ RunTime:0.0091s ]
SQL: SELECT `pid`,`id`,`name` FROM `blog_article_category` WHERE `status` = 1  [ RunTime:0.0004s ]
NOTIC: [8] Undefined index: p C:\wamp\www\Blog2.0\Class\Home\Controller\IndexController.class.php 第 19 行.
SQL: SHOW COLUMNS FROM `blog_article_detail` [ RunTime:0.0066s ]
NOTIC: [2] Missing argument 1 for Home\Model\ArticleDetailModel::getCount(), called in C:\wamp\www\Blog2.0\Class\Home\Controller\IndexController.class.php on line 21 and defined C:\wamp\www\Blog2.0\Class\Home\Model\ArticleDetailModel.class.php 第 36 行.
NOTIC: [8] Undefined variable: category_id C:\wamp\www\Blog2.0\Class\Home\Model\ArticleDetailModel.class.php 第 38 行.
SQL: SELECT COUNT(*) AS tp_count FROM `blog_article_detail` WHERE `status` = 1 AND `category_id` > 0 LIMIT 1   [ RunTime:0.0004s ]
SQL: SELECT ad.id,ad.title,ad.content,ad.hits,ad.img_file,ad.tags,ad.create_time,ad.update_time,ac.name AS category_name FROM blog_article_detail ad INNER JOIN blog_article_category AS ac ON ad.category_id = ac.id  WHERE ad.status = 1 AND ad.category_id > 0 ORDER BY hits desc LIMIT 6,3   [ RunTime:0.0006s ]

[ 2015-10-07T16:31:31+08:00 ] 127.0.0.1 /Blog2.0/?m=Home&c=Index&a=ajaxGetArticle&p=4
INFO: [ app_init ] --START--
INFO: Run Behavior\BuildLiteBehavior [ RunTime:0.000033s ]
INFO: [ app_init ] --END-- [ RunTime:0.000524s ]
INFO: [ app_begin ] --START--
INFO: Run Behavior\ReadHtmlCacheBehavior [ RunTime:0.000784s ]
INFO: Run Behavior\CheckLangBehavior [ RunTime:0.001384s ]
INFO: [ app_begin ] --END-- [ RunTime:0.002422s ]
SQL: SHOW COLUMNS FROM `blog_article_category` [ RunTime:0.0091s ]
SQL: SELECT `pid`,`id`,`name` FROM `blog_article_category` WHERE `status` = 1  [ RunTime:0.0004s ]
NOTIC: [8] Undefined index: p C:\wamp\www\Blog2.0\Class\Home\Controller\IndexController.class.php 第 19 行.
SQL: SHOW COLUMNS FROM `blog_article_detail` [ RunTime:0.0107s ]
NOTIC: [2] Missing argument 1 for Home\Model\ArticleDetailModel::getCount(), called in C:\wamp\www\Blog2.0\Class\Home\Controller\IndexController.class.php on line 21 and defined C:\wamp\www\Blog2.0\Class\Home\Model\ArticleDetailModel.class.php 第 36 行.
NOTIC: [8] Undefined variable: category_id C:\wamp\www\Blog2.0\Class\Home\Model\ArticleDetailModel.class.php 第 38 行.
SQL: SELECT COUNT(*) AS tp_count FROM `blog_article_detail` WHERE `status` = 1 AND `category_id` > 0 LIMIT 1   [ RunTime:0.0005s ]
SQL: SELECT ad.id,ad.title,ad.content,ad.hits,ad.img_file,ad.tags,ad.create_time,ad.update_time,ac.name AS category_name FROM blog_article_detail ad INNER JOIN blog_article_category AS ac ON ad.category_id = ac.id  WHERE ad.status = 1 AND ad.category_id > 0 ORDER BY hits desc LIMIT 9,3   [ RunTime:0.0008s ]

[ 2015-10-07T16:31:33+08:00 ] 127.0.0.1 /Blog2.0/index.php?m=Home&c=Index&a=index
INFO: [ app_init ] --START--
INFO: Run Behavior\BuildLiteBehavior [ RunTime:0.000038s ]
INFO: [ app_init ] --END-- [ RunTime:0.000596s ]
INFO: [ app_begin ] --START--
INFO: Run Behavior\ReadHtmlCacheBehavior [ RunTime:0.000826s ]
INFO: Run Behavior\CheckLangBehavior [ RunTime:0.001479s ]
INFO: [ app_begin ] --END-- [ RunTime:0.002557s ]
SQL: SHOW COLUMNS FROM `blog_article_category` [ RunTime:0.0105s ]
SQL: SELECT `pid`,`id`,`name` FROM `blog_article_category` WHERE `status` = 1  [ RunTime:0.0004s ]
SQL: SHOW COLUMNS FROM `blog_article_detail` [ RunTime:0.0078s ]
NOTIC: [2] Missing argument 1 for Home\Model\ArticleDetailModel::getCount(), called in C:\wamp\www\Blog2.0\Class\Home\Controller\IndexController.class.php on line 8 and defined C:\wamp\www\Blog2.0\Class\Home\Model\ArticleDetailModel.class.php 第 36 行.
NOTIC: [8] Undefined variable: category_id C:\wamp\www\Blog2.0\Class\Home\Model\ArticleDetailModel.class.php 第 38 行.
SQL: SELECT COUNT(*) AS tp_count FROM `blog_article_detail` WHERE `status` = 1 AND `category_id` > 0 LIMIT 1   [ RunTime:0.0006s ]
NOTIC: [2] Missing argument 1 for Home\Model\ArticleDetailModel::getDetail(), called in C:\wamp\www\Blog2.0\Class\Home\Controller\IndexController.class.php on line 9 and defined C:\wamp\www\Blog2.0\Class\Home\Model\ArticleDetailModel.class.php 第 6 行.
NOTIC: [2] Missing argument 2 for Home\Model\ArticleDetailModel::getDetail(), called in C:\wamp\www\Blog2.0\Class\Home\Controller\IndexController.class.php on line 9 and defined C:\wamp\www\Blog2.0\Class\Home\Model\ArticleDetailModel.class.php 第 6 行.
NOTIC: [8] Undefined variable: category_id C:\wamp\www\Blog2.0\Class\Home\Model\ArticleDetailModel.class.php 第 11 行.
NOTIC: [8] Undefined index: p C:\wamp\www\Blog2.0\Class\Home\Model\ArticleDetailModel.class.php 第 13 行.
SQL: SELECT ad.id,ad.title,ad.content,ad.hits,ad.img_file,ad.tags,ad.create_time,ad.update_time,ac.name AS category_name FROM blog_article_detail ad INNER JOIN blog_article_category AS ac ON ad.category_id = ac.id  WHERE ad.status = 1 AND ad.category_id > 0 ORDER BY hits desc LIMIT 0,3   [ RunTime:0.0009s ]
INFO: [ view_parse ] --START--
INFO: [ template_filter ] --START--
INFO: Run Behavior\ContentReplaceBehavior [ RunTime:0.000191s ]
INFO: [ template_filter ] --END-- [ RunTime:0.000373s ]
INFO: Run Behavior\ParseTemplateBehavior [ RunTime:0.050577s ]
INFO: [ view_parse ] --END-- [ RunTime:0.050774s ]
INFO: [ view_filter ] --START--
INFO: Run Behavior\WriteHtmlCacheBehavior [ RunTime:0.000619s ]
INFO: [ view_filter ] --END-- [ RunTime:0.000780s ]
NOTIC: [2] Cannot modify header information - headers already sent by (output started at C:\wamp\www\Blog2.0\ThinkPHP\Common\functions.php:848) C:\wamp\www\Blog2.0\ThinkPHP\Library\Think\View.class.php 第 91 行.
NOTIC: [2] Cannot modify header information - headers already sent by (output started at C:\wamp\www\Blog2.0\ThinkPHP\Common\functions.php:848) C:\wamp\www\Blog2.0\ThinkPHP\Library\Think\View.class.php 第 92 行.
NOTIC: [2] Cannot modify header information - headers already sent by (output started at C:\wamp\www\Blog2.0\ThinkPHP\Common\functions.php:848) C:\wamp\www\Blog2.0\ThinkPHP\Library\Think\View.class.php 第 93 行.
INFO: [ app_end ] --START--
INFO: Run Behavior\ShowPageTraceBehavior [ RunTime:0.002084s ]
INFO: [ app_end ] --END-- [ RunTime:0.002288s ]

[ 2015-10-07T16:48:37+08:00 ] 127.0.0.1 /Blog2.0/index.php?
INFO: [ app_init ] --START--
INFO: Run Behavior\BuildLiteBehavior [ RunTime:0.000041s ]
INFO: [ app_init ] --END-- [ RunTime:0.000861s ]
INFO: [ app_begin ] --START--
INFO: Run Behavior\ReadHtmlCacheBehavior [ RunTime:0.000781s ]
INFO: Run Behavior\CheckLangBehavior [ RunTime:0.002390s ]
INFO: [ app_begin ] --END-- [ RunTime:0.003545s ]
SQL: SHOW COLUMNS FROM `blog_article_category` [ RunTime:0.0105s ]
SQL: SELECT `pid`,`id`,`name` FROM `blog_article_category` WHERE `status` = 1  [ RunTime:0.0006s ]
SQL: SHOW COLUMNS FROM `blog_article_detail` [ RunTime:0.0111s ]
NOTIC: [2] Missing argument 1 for Home\Model\ArticleDetailModel::getCount(), called in C:\wamp\www\Blog2.0\Class\Home\Controller\IndexController.class.php on line 8 and defined C:\wamp\www\Blog2.0\Class\Home\Model\ArticleDetailModel.class.php 第 36 行.
NOTIC: [8] Undefined variable: category_id C:\wamp\www\Blog2.0\Class\Home\Model\ArticleDetailModel.class.php 第 38 行.
SQL: SELECT COUNT(*) AS tp_count FROM `blog_article_detail` WHERE `status` = 1 AND `category_id` > 0 LIMIT 1   [ RunTime:0.0004s ]
NOTIC: [2] Missing argument 1 for Home\Model\ArticleDetailModel::getDetail(), called in C:\wamp\www\Blog2.0\Class\Home\Controller\IndexController.class.php on line 9 and defined C:\wamp\www\Blog2.0\Class\Home\Model\ArticleDetailModel.class.php 第 6 行.
NOTIC: [2] Missing argument 2 for Home\Model\ArticleDetailModel::getDetail(), called in C:\wamp\www\Blog2.0\Class\Home\Controller\IndexController.class.php on line 9 and defined C:\wamp\www\Blog2.0\Class\Home\Model\ArticleDetailModel.class.php 第 6 行.
NOTIC: [8] Undefined variable: category_id C:\wamp\www\Blog2.0\Class\Home\Model\ArticleDetailModel.class.php 第 11 行.
NOTIC: [8] Undefined index: p C:\wamp\www\Blog2.0\Class\Home\Model\ArticleDetailModel.class.php 第 13 行.
SQL: SELECT ad.id,ad.title,ad.content,ad.hits,ad.img_file,ad.tags,ad.create_time,ad.update_time,ac.name AS category_name FROM blog_article_detail ad INNER JOIN blog_article_category AS ac ON ad.category_id = ac.id  WHERE ad.status = 1 AND ad.category_id > 0 ORDER BY hits desc LIMIT 0,3   [ RunTime:0.0005s ]
INFO: [ view_parse ] --START--
INFO: [ template_filter ] --START--
INFO: Run Behavior\ContentReplaceBehavior [ RunTime:0.000188s ]
INFO: [ template_filter ] --END-- [ RunTime:0.000374s ]
INFO: Run Behavior\ParseTemplateBehavior [ RunTime:0.051885s ]
INFO: [ view_parse ] --END-- [ RunTime:0.052063s ]
INFO: [ view_filter ] --START--
INFO: Run Behavior\WriteHtmlCacheBehavior [ RunTime:0.000652s ]
INFO: [ view_filter ] --END-- [ RunTime:0.000936s ]
NOTIC: [2] Cannot modify header information - headers already sent by (output started at C:\wamp\www\Blog2.0\ThinkPHP\Common\functions.php:848) C:\wamp\www\Blog2.0\ThinkPHP\Library\Think\View.class.php 第 91 行.
NOTIC: [2] Cannot modify header information - headers already sent by (output started at C:\wamp\www\Blog2.0\ThinkPHP\Common\functions.php:848) C:\wamp\www\Blog2.0\ThinkPHP\Library\Think\View.class.php 第 92 行.
NOTIC: [2] Cannot modify header information - headers already sent by (output started at C:\wamp\www\Blog2.0\ThinkPHP\Common\functions.php:848) C:\wamp\www\Blog2.0\ThinkPHP\Library\Think\View.class.php 第 93 行.
INFO: [ app_end ] --START--
INFO: Run Behavior\ShowPageTraceBehavior [ RunTime:0.001841s ]
INFO: [ app_end ] --END-- [ RunTime:0.002156s ]

[ 2015-10-07T16:48:44+08:00 ] 127.0.0.1 /Blog2.0/index.php?
INFO: [ app_init ] --START--
INFO: Run Behavior\BuildLiteBehavior [ RunTime:0.000039s ]
INFO: [ app_init ] --END-- [ RunTime:0.000584s ]
INFO: [ app_begin ] --START--
INFO: Run Behavior\ReadHtmlCacheBehavior [ RunTime:0.001141s ]
INFO: Run Behavior\CheckLangBehavior [ RunTime:0.003178s ]
INFO: [ app_begin ] --END-- [ RunTime:0.004680s ]
SQL: SHOW COLUMNS FROM `blog_article_category` [ RunTime:0.0116s ]
SQL: SELECT `pid`,`id`,`name` FROM `blog_article_category` WHERE `status` = 1  [ RunTime:0.0004s ]
SQL: SHOW COLUMNS FROM `blog_article_detail` [ RunTime:0.0082s ]
NOTIC: [2] Missing argument 1 for Home\Model\ArticleDetailModel::getCount(), called in C:\wamp\www\Blog2.0\Class\Home\Controller\IndexController.class.php on line 8 and defined C:\wamp\www\Blog2.0\Class\Home\Model\ArticleDetailModel.class.php 第 36 行.
NOTIC: [8] Undefined variable: category_id C:\wamp\www\Blog2.0\Class\Home\Model\ArticleDetailModel.class.php 第 38 行.
SQL: SELECT COUNT(*) AS tp_count FROM `blog_article_detail` WHERE `status` = 1 AND `category_id` > 0 LIMIT 1   [ RunTime:0.0004s ]
NOTIC: [2] Missing argument 1 for Home\Model\ArticleDetailModel::getDetail(), called in C:\wamp\www\Blog2.0\Class\Home\Controller\IndexController.class.php on line 9 and defined C:\wamp\www\Blog2.0\Class\Home\Model\ArticleDetailModel.class.php 第 6 行.
NOTIC: [2] Missing argument 2 for Home\Model\ArticleDetailModel::getDetail(), called in C:\wamp\www\Blog2.0\Class\Home\Controller\IndexController.class.php on line 9 and defined C:\wamp\www\Blog2.0\Class\Home\Model\ArticleDetailModel.class.php 第 6 行.
NOTIC: [8] Undefined variable: category_id C:\wamp\www\Blog2.0\Class\Home\Model\ArticleDetailModel.class.php 第 11 行.
NOTIC: [8] Undefined index: p C:\wamp\www\Blog2.0\Class\Home\Model\ArticleDetailModel.class.php 第 13 行.
SQL: SELECT ad.id,ad.title,ad.content,ad.hits,ad.img_file,ad.tags,ad.create_time,ad.update_time,ac.name AS category_name FROM blog_article_detail ad INNER JOIN blog_article_category AS ac ON ad.category_id = ac.id  WHERE ad.status = 1 AND ad.category_id > 0 ORDER BY hits desc LIMIT 0,3   [ RunTime:0.0005s ]
INFO: [ view_parse ] --START--
INFO: [ template_filter ] --START--
INFO: Run Behavior\ContentReplaceBehavior [ RunTime:0.000190s ]
INFO: [ template_filter ] --END-- [ RunTime:0.000374s ]
INFO: Run Behavior\ParseTemplateBehavior [ RunTime:0.052081s ]
INFO: [ view_parse ] --END-- [ RunTime:0.052265s ]
INFO: [ view_filter ] --START--
INFO: Run Behavior\WriteHtmlCacheBehavior [ RunTime:0.000681s ]
INFO: [ view_filter ] --END-- [ RunTime:0.000840s ]
NOTIC: [2] Cannot modify header information - headers already sent by (output started at C:\wamp\www\Blog2.0\ThinkPHP\Common\functions.php:848) C:\wamp\www\Blog2.0\ThinkPHP\Library\Think\View.class.php 第 91 行.
NOTIC: [2] Cannot modify header information - headers already sent by (output started at C:\wamp\www\Blog2.0\ThinkPHP\Common\functions.php:848) C:\wamp\www\Blog2.0\ThinkPHP\Library\Think\View.class.php 第 92 行.
NOTIC: [2] Cannot modify header information - headers already sent by (output started at C:\wamp\www\Blog2.0\ThinkPHP\Common\functions.php:848) C:\wamp\www\Blog2.0\ThinkPHP\Library\Think\View.class.php 第 93 行.
INFO: [ app_end ] --START--
INFO: Run Behavior\ShowPageTraceBehavior [ RunTime:0.001514s ]
INFO: [ app_end ] --END-- [ RunTime:0.001853s ]

[ 2015-10-07T16:49:18+08:00 ] 127.0.0.1 /Blog2.0/index.php?
INFO: [ app_init ] --START--
INFO: Run Behavior\BuildLiteBehavior [ RunTime:0.000038s ]
INFO: [ app_init ] --END-- [ RunTime:0.000611s ]
INFO: [ app_begin ] --START--
INFO: Run Behavior\ReadHtmlCacheBehavior [ RunTime:0.001041s ]
INFO: Run Behavior\CheckLangBehavior [ RunTime:0.001785s ]
INFO: [ app_begin ] --END-- [ RunTime:0.003385s ]
SQL: SHOW COLUMNS FROM `blog_article_category` [ RunTime:0.0106s ]
SQL: SELECT `pid`,`id`,`name` FROM `blog_article_category` WHERE `status` = 1  [ RunTime:0.0004s ]
SQL: SHOW COLUMNS FROM `blog_article_detail` [ RunTime:0.0091s ]
NOTIC: [2] Missing argument 1 for Home\Model\ArticleDetailModel::getCount(), called in C:\wamp\www\Blog2.0\Class\Home\Controller\IndexController.class.php on line 8 and defined C:\wamp\www\Blog2.0\Class\Home\Model\ArticleDetailModel.class.php 第 36 行.
NOTIC: [8] Undefined variable: category_id C:\wamp\www\Blog2.0\Class\Home\Model\ArticleDetailModel.class.php 第 38 行.
SQL: SELECT COUNT(*) AS tp_count FROM `blog_article_detail` WHERE `status` = 1 AND `category_id` > 0 LIMIT 1   [ RunTime:0.0005s ]
NOTIC: [2] Missing argument 1 for Home\Model\ArticleDetailModel::getDetail(), called in C:\wamp\www\Blog2.0\Class\Home\Controller\IndexController.class.php on line 9 and defined C:\wamp\www\Blog2.0\Class\Home\Model\ArticleDetailModel.class.php 第 6 行.
NOTIC: [2] Missing argument 2 for Home\Model\ArticleDetailModel::getDetail(), called in C:\wamp\www\Blog2.0\Class\Home\Controller\IndexController.class.php on line 9 and defined C:\wamp\www\Blog2.0\Class\Home\Model\ArticleDetailModel.class.php 第 6 行.
NOTIC: [8] Undefined variable: category_id C:\wamp\www\Blog2.0\Class\Home\Model\ArticleDetailModel.class.php 第 11 行.
NOTIC: [8] Undefined index: p C:\wamp\www\Blog2.0\Class\Home\Model\ArticleDetailModel.class.php 第 13 行.
SQL: SELECT ad.id,ad.title,ad.content,ad.hits,ad.img_file,ad.tags,ad.create_time,ad.update_time,ac.name AS category_name FROM blog_article_detail ad INNER JOIN blog_article_category AS ac ON ad.category_id = ac.id  WHERE ad.status = 1 AND ad.category_id > 0 ORDER BY hits desc LIMIT 0,3   [ RunTime:0.0007s ]
INFO: [ view_parse ] --START--
INFO: [ template_filter ] --START--
INFO: Run Behavior\ContentReplaceBehavior [ RunTime:0.000346s ]
INFO: [ template_filter ] --END-- [ RunTime:0.000706s ]
INFO: Run Behavior\ParseTemplateBehavior [ RunTime:0.050471s ]
INFO: [ view_parse ] --END-- [ RunTime:0.050722s ]
INFO: [ view_filter ] --START--
INFO: Run Behavior\WriteHtmlCacheBehavior [ RunTime:0.001092s ]
INFO: [ view_filter ] --END-- [ RunTime:0.001335s ]
NOTIC: [2] Cannot modify header information - headers already sent by (output started at C:\wamp\www\Blog2.0\ThinkPHP\Common\functions.php:848) C:\wamp\www\Blog2.0\ThinkPHP\Library\Think\View.class.php 第 91 行.
NOTIC: [2] Cannot modify header information - headers already sent by (output started at C:\wamp\www\Blog2.0\ThinkPHP\Common\functions.php:848) C:\wamp\www\Blog2.0\ThinkPHP\Library\Think\View.class.php 第 92 行.
NOTIC: [2] Cannot modify header information - headers already sent by (output started at C:\wamp\www\Blog2.0\ThinkPHP\Common\functions.php:848) C:\wamp\www\Blog2.0\ThinkPHP\Library\Think\View.class.php 第 93 行.
INFO: [ app_end ] --START--
INFO: Run Behavior\ShowPageTraceBehavior [ RunTime:0.001416s ]
INFO: [ app_end ] --END-- [ RunTime:0.001893s ]

[ 2015-10-07T16:49:53+08:00 ] 127.0.0.1 /Blog2.0/index.php?
INFO: [ app_init ] --START--
INFO: Run Behavior\BuildLiteBehavior [ RunTime:0.000036s ]
INFO: [ app_init ] --END-- [ RunTime:0.000590s ]
INFO: [ app_begin ] --START--
INFO: Run Behavior\ReadHtmlCacheBehavior [ RunTime:0.001226s ]
INFO: Run Behavior\CheckLangBehavior [ RunTime:0.002007s ]
INFO: [ app_begin ] --END-- [ RunTime:0.003596s ]
SQL: SHOW COLUMNS FROM `blog_article_category` [ RunTime:0.0107s ]
SQL: SELECT `pid`,`id`,`name` FROM `blog_article_category` WHERE `status` = 1  [ RunTime:0.0004s ]
SQL: SHOW COLUMNS FROM `blog_article_detail` [ RunTime:0.0080s ]
NOTIC: [2] Missing argument 1 for Home\Model\ArticleDetailModel::getCount(), called in C:\wamp\www\Blog2.0\Class\Home\Controller\IndexController.class.php on line 8 and defined C:\wamp\www\Blog2.0\Class\Home\Model\ArticleDetailModel.class.php 第 36 行.
NOTIC: [8] Undefined variable: category_id C:\wamp\www\Blog2.0\Class\Home\Model\ArticleDetailModel.class.php 第 38 行.
SQL: SELECT COUNT(*) AS tp_count FROM `blog_article_detail` WHERE `status` = 1 AND `category_id` > 0 LIMIT 1   [ RunTime:0.0007s ]
NOTIC: [2] Missing argument 1 for Home\Model\ArticleDetailModel::getDetail(), called in C:\wamp\www\Blog2.0\Class\Home\Controller\IndexController.class.php on line 9 and defined C:\wamp\www\Blog2.0\Class\Home\Model\ArticleDetailModel.class.php 第 6 行.
NOTIC: [2] Missing argument 2 for Home\Model\ArticleDetailModel::getDetail(), called in C:\wamp\www\Blog2.0\Class\Home\Controller\IndexController.class.php on line 9 and defined C:\wamp\www\Blog2.0\Class\Home\Model\ArticleDetailModel.class.php 第 6 行.
NOTIC: [8] Undefined variable: category_id C:\wamp\www\Blog2.0\Class\Home\Model\ArticleDetailModel.class.php 第 11 行.
NOTIC: [8] Undefined index: p C:\wamp\www\Blog2.0\Class\Home\Model\ArticleDetailModel.class.php 第 13 行.
SQL: SELECT ad.id,ad.title,ad.content,ad.hits,ad.img_file,ad.tags,ad.create_time,ad.update_time,ac.name AS category_name FROM blog_article_detail ad INNER JOIN blog_article_category AS ac ON ad.category_id = ac.id  WHERE ad.status = 1 AND ad.category_id > 0 ORDER BY hits desc LIMIT 0,3   [ RunTime:0.0006s ]
INFO: [ view_parse ] --START--
INFO: [ template_filter ] --START--
INFO: Run Behavior\ContentReplaceBehavior [ RunTime:0.000183s ]
INFO: [ template_filter ] --END-- [ RunTime:0.000356s ]
INFO: Run Behavior\ParseTemplateBehavior [ RunTime:0.049997s ]
INFO: [ view_parse ] --END-- [ RunTime:0.050166s ]
INFO: [ view_filter ] --START--
INFO: Run Behavior\WriteHtmlCacheBehavior [ RunTime:0.000671s ]
INFO: [ view_filter ] --END-- [ RunTime:0.000815s ]
NOTIC: [2] Cannot modify header information - headers already sent by (output started at C:\wamp\www\Blog2.0\ThinkPHP\Common\functions.php:848) C:\wamp\www\Blog2.0\ThinkPHP\Library\Think\View.class.php 第 91 行.
NOTIC: [2] Cannot modify header information - headers already sent by (output started at C:\wamp\www\Blog2.0\ThinkPHP\Common\functions.php:848) C:\wamp\www\Blog2.0\ThinkPHP\Library\Think\View.class.php 第 92 行.
NOTIC: [2] Cannot modify header information - headers already sent by (output started at C:\wamp\www\Blog2.0\ThinkPHP\Common\functions.php:848) C:\wamp\www\Blog2.0\ThinkPHP\Library\Think\View.class.php 第 93 行.
INFO: [ app_end ] --START--
INFO: Run Behavior\ShowPageTraceBehavior [ RunTime:0.001329s ]
INFO: [ app_end ] --END-- [ RunTime:0.001620s ]

[ 2015-10-07T20:48:25+08:00 ] 127.0.0.1 /Blog2.0/
INFO: [ app_init ] --START--
INFO: Run Behavior\BuildLiteBehavior [ RunTime:0.000060s ]
INFO: [ app_init ] --END-- [ RunTime:0.000858s ]
INFO: [ app_begin ] --START--
INFO: Run Behavior\ReadHtmlCacheBehavior [ RunTime:0.000903s ]
INFO: Run Behavior\CheckLangBehavior [ RunTime:0.001768s ]
INFO: [ app_begin ] --END-- [ RunTime:0.002948s ]
SQL: SHOW COLUMNS FROM `blog_article_category` [ RunTime:0.0103s ]
SQL: SELECT `pid`,`id`,`name` FROM `blog_article_category` WHERE `status` = 1  [ RunTime:0.0005s ]
SQL: SHOW COLUMNS FROM `blog_article_detail` [ RunTime:0.0089s ]
NOTIC: [2] Missing argument 1 for Home\Model\ArticleDetailModel::getCount(), called in C:\wamp\www\Blog2.0\Class\Home\Controller\IndexController.class.php on line 8 and defined C:\wamp\www\Blog2.0\Class\Home\Model\ArticleDetailModel.class.php 第 36 行.
NOTIC: [8] Undefined variable: category_id C:\wamp\www\Blog2.0\Class\Home\Model\ArticleDetailModel.class.php 第 38 行.
SQL: SELECT COUNT(*) AS tp_count FROM `blog_article_detail` WHERE `status` = 1 AND `category_id` > 0 LIMIT 1   [ RunTime:0.0008s ]
NOTIC: [2] Missing argument 1 for Home\Model\ArticleDetailModel::getDetail(), called in C:\wamp\www\Blog2.0\Class\Home\Controller\IndexController.class.php on line 9 and defined C:\wamp\www\Blog2.0\Class\Home\Model\ArticleDetailModel.class.php 第 6 行.
NOTIC: [2] Missing argument 2 for Home\Model\ArticleDetailModel::getDetail(), called in C:\wamp\www\Blog2.0\Class\Home\Controller\IndexController.class.php on line 9 and defined C:\wamp\www\Blog2.0\Class\Home\Model\ArticleDetailModel.class.php 第 6 行.
NOTIC: [8] Undefined variable: category_id C:\wamp\www\Blog2.0\Class\Home\Model\ArticleDetailModel.class.php 第 11 行.
NOTIC: [8] Undefined index: p C:\wamp\www\Blog2.0\Class\Home\Model\ArticleDetailModel.class.php 第 13 行.
SQL: SELECT ad.id,ad.title,ad.content,ad.hits,ad.img_file,ad.tags,ad.create_time,ad.update_time,ac.name AS category_name FROM blog_article_detail ad INNER JOIN blog_article_category AS ac ON ad.category_id = ac.id  WHERE ad.status = 1 AND ad.category_id > 0 ORDER BY hits desc LIMIT 0,3   [ RunTime:0.0007s ]
INFO: [ view_parse ] --START--
INFO: [ template_filter ] --START--
INFO: Run Behavior\ContentReplaceBehavior [ RunTime:0.000196s ]
INFO: [ template_filter ] --END-- [ RunTime:0.000474s ]
INFO: Run Behavior\ParseTemplateBehavior [ RunTime:0.066244s ]
INFO: [ view_parse ] --END-- [ RunTime:0.066531s ]
INFO: [ view_filter ] --START--
INFO: Run Behavior\WriteHtmlCacheBehavior [ RunTime:0.001125s ]
INFO: [ view_filter ] --END-- [ RunTime:0.001493s ]
NOTIC: [2] Cannot modify header information - headers already sent by (output started at C:\wamp\www\Blog2.0\ThinkPHP\Common\functions.php:848) C:\wamp\www\Blog2.0\ThinkPHP\Library\Think\View.class.php 第 91 行.
NOTIC: [2] Cannot modify header information - headers already sent by (output started at C:\wamp\www\Blog2.0\ThinkPHP\Common\functions.php:848) C:\wamp\www\Blog2.0\ThinkPHP\Library\Think\View.class.php 第 92 行.
NOTIC: [2] Cannot modify header information - headers already sent by (output started at C:\wamp\www\Blog2.0\ThinkPHP\Common\functions.php:848) C:\wamp\www\Blog2.0\ThinkPHP\Library\Think\View.class.php 第 93 行.
INFO: [ app_end ] --START--
INFO: Run Behavior\ShowPageTraceBehavior [ RunTime:0.001785s ]
INFO: [ app_end ] --END-- [ RunTime:0.002143s ]

[ 2015-10-07T20:50:29+08:00 ] 127.0.0.1 /Blog2.0/
INFO: [ app_init ] --START--
INFO: Run Behavior\BuildLiteBehavior [ RunTime:0.000037s ]
INFO: [ app_init ] --END-- [ RunTime:0.000666s ]
INFO: [ app_begin ] --START--
INFO: Run Behavior\ReadHtmlCacheBehavior [ RunTime:0.001324s ]
INFO: Run Behavior\CheckLangBehavior [ RunTime:0.001674s ]
INFO: [ app_begin ] --END-- [ RunTime:0.003338s ]
SQL: SHOW COLUMNS FROM `blog_article_category` [ RunTime:0.0162s ]
SQL: SELECT `pid`,`id`,`name` FROM `blog_article_category` WHERE `status` = 1  [ RunTime:0.0004s ]
SQL: SHOW COLUMNS FROM `blog_article_detail` [ RunTime:0.0091s ]
NOTIC: [2] Missing argument 1 for Home\Model\ArticleDetailModel::getCount(), called in C:\wamp\www\Blog2.0\Class\Home\Controller\IndexController.class.php on line 8 and defined C:\wamp\www\Blog2.0\Class\Home\Model\ArticleDetailModel.class.php 第 36 行.
NOTIC: [8] Undefined variable: category_id C:\wamp\www\Blog2.0\Class\Home\Model\ArticleDetailModel.class.php 第 38 行.
SQL: SELECT COUNT(*) AS tp_count FROM `blog_article_detail` WHERE `status` = 1 AND `category_id` > 0 LIMIT 1   [ RunTime:0.0004s ]
NOTIC: [2] Missing argument 1 for Home\Model\ArticleDetailModel::getDetail(), called in C:\wamp\www\Blog2.0\Class\Home\Controller\IndexController.class.php on line 9 and defined C:\wamp\www\Blog2.0\Class\Home\Model\ArticleDetailModel.class.php 第 6 行.
NOTIC: [2] Missing argument 2 for Home\Model\ArticleDetailModel::getDetail(), called in C:\wamp\www\Blog2.0\Class\Home\Controller\IndexController.class.php on line 9 and defined C:\wamp\www\Blog2.0\Class\Home\Model\ArticleDetailModel.class.php 第 6 行.
NOTIC: [8] Undefined variable: category_id C:\wamp\www\Blog2.0\Class\Home\Model\ArticleDetailModel.class.php 第 11 行.
NOTIC: [8] Undefined index: p C:\wamp\www\Blog2.0\Class\Home\Model\ArticleDetailModel.class.php 第 13 行.
SQL: SELECT ad.id,ad.title,ad.content,ad.hits,ad.img_file,ad.tags,ad.create_time,ad.update_time,ac.name AS category_name FROM blog_article_detail ad INNER JOIN blog_article_category AS ac ON ad.category_id = ac.id  WHERE ad.status = 1 AND ad.category_id > 0 ORDER BY hits desc LIMIT 0,3   [ RunTime:0.0007s ]
INFO: [ view_parse ] --START--
INFO: [ template_filter ] --START--
INFO: Run Behavior\ContentReplaceBehavior [ RunTime:0.000255s ]
INFO: [ template_filter ] --END-- [ RunTime:0.000471s ]
INFO: Run Behavior\ParseTemplateBehavior [ RunTime:0.056140s ]
INFO: [ view_parse ] --END-- [ RunTime:0.056350s ]
INFO: [ view_filter ] --START--
INFO: Run Behavior\WriteHtmlCacheBehavior [ RunTime:0.000987s ]
INFO: [ view_filter ] --END-- [ RunTime:0.001172s ]
NOTIC: [2] Cannot modify header information - headers already sent by (output started at C:\wamp\www\Blog2.0\ThinkPHP\Common\functions.php:848) C:\wamp\www\Blog2.0\ThinkPHP\Library\Think\View.class.php 第 91 行.
NOTIC: [2] Cannot modify header information - headers already sent by (output started at C:\wamp\www\Blog2.0\ThinkPHP\Common\functions.php:848) C:\wamp\www\Blog2.0\ThinkPHP\Library\Think\View.class.php 第 92 行.
NOTIC: [2] Cannot modify header information - headers already sent by (output started at C:\wamp\www\Blog2.0\ThinkPHP\Common\functions.php:848) C:\wamp\www\Blog2.0\ThinkPHP\Library\Think\View.class.php 第 93 行.
INFO: [ app_end ] --START--
INFO: Run Behavior\ShowPageTraceBehavior [ RunTime:0.001500s ]
INFO: [ app_end ] --END-- [ RunTime:0.001962s ]

[ 2015-10-07T20:50:47+08:00 ] 127.0.0.1 /Blog2.0/
INFO: [ app_init ] --START--
INFO: Run Behavior\BuildLiteBehavior [ RunTime:0.000041s ]
INFO: [ app_init ] --END-- [ RunTime:0.000922s ]
INFO: [ app_begin ] --START--
INFO: Run Behavior\ReadHtmlCacheBehavior [ RunTime:0.001101s ]
INFO: Run Behavior\CheckLangBehavior [ RunTime:0.001381s ]
INFO: [ app_begin ] --END-- [ RunTime:0.002945s ]
SQL: SHOW COLUMNS FROM `blog_article_category` [ RunTime:0.0100s ]
SQL: SELECT `pid`,`id`,`name` FROM `blog_article_category` WHERE `status` = 1  [ RunTime:0.0005s ]
SQL: SHOW COLUMNS FROM `blog_article_detail` [ RunTime:0.0084s ]
NOTIC: [2] Missing argument 1 for Home\Model\ArticleDetailModel::getCount(), called in C:\wamp\www\Blog2.0\Class\Home\Controller\IndexController.class.php on line 8 and defined C:\wamp\www\Blog2.0\Class\Home\Model\ArticleDetailModel.class.php 第 36 行.
NOTIC: [8] Undefined variable: category_id C:\wamp\www\Blog2.0\Class\Home\Model\ArticleDetailModel.class.php 第 38 行.
SQL: SELECT COUNT(*) AS tp_count FROM `blog_article_detail` WHERE `status` = 1 AND `category_id` > 0 LIMIT 1   [ RunTime:0.0005s ]
NOTIC: [2] Missing argument 1 for Home\Model\ArticleDetailModel::getDetail(), called in C:\wamp\www\Blog2.0\Class\Home\Controller\IndexController.class.php on line 9 and defined C:\wamp\www\Blog2.0\Class\Home\Model\ArticleDetailModel.class.php 第 6 行.
NOTIC: [2] Missing argument 2 for Home\Model\ArticleDetailModel::getDetail(), called in C:\wamp\www\Blog2.0\Class\Home\Controller\IndexController.class.php on line 9 and defined C:\wamp\www\Blog2.0\Class\Home\Model\ArticleDetailModel.class.php 第 6 行.
NOTIC: [8] Undefined variable: category_id C:\wamp\www\Blog2.0\Class\Home\Model\ArticleDetailModel.class.php 第 11 行.
NOTIC: [8] Undefined index: p C:\wamp\www\Blog2.0\Class\Home\Model\ArticleDetailModel.class.php 第 13 行.
SQL: SELECT ad.id,ad.title,ad.content,ad.hits,ad.img_file,ad.tags,ad.create_time,ad.update_time,ac.name AS category_name FROM blog_article_detail ad INNER JOIN blog_article_category AS ac ON ad.category_id = ac.id  WHERE ad.status = 1 AND ad.category_id > 0 ORDER BY hits desc LIMIT 0,3   [ RunTime:0.0006s ]
INFO: [ view_parse ] --START--
INFO: [ template_filter ] --START--
INFO: Run Behavior\ContentReplaceBehavior [ RunTime:0.000214s ]
INFO: [ template_filter ] --END-- [ RunTime:0.001125s ]
INFO: Run Behavior\ParseTemplateBehavior [ RunTime:0.056421s ]
INFO: [ view_parse ] --END-- [ RunTime:0.056599s ]
INFO: [ view_filter ] --START--
INFO: Run Behavior\WriteHtmlCacheBehavior [ RunTime:0.000657s ]
INFO: [ view_filter ] --END-- [ RunTime:0.000813s ]
NOTIC: [2] Cannot modify header information - headers already sent by (output started at C:\wamp\www\Blog2.0\ThinkPHP\Common\functions.php:848) C:\wamp\www\Blog2.0\ThinkPHP\Library\Think\View.class.php 第 91 行.
NOTIC: [2] Cannot modify header information - headers already sent by (output started at C:\wamp\www\Blog2.0\ThinkPHP\Common\functions.php:848) C:\wamp\www\Blog2.0\ThinkPHP\Library\Think\View.class.php 第 92 行.
NOTIC: [2] Cannot modify header information - headers already sent by (output started at C:\wamp\www\Blog2.0\ThinkPHP\Common\functions.php:848) C:\wamp\www\Blog2.0\ThinkPHP\Library\Think\View.class.php 第 93 行.
INFO: [ app_end ] --START--
INFO: Run Behavior\ShowPageTraceBehavior [ RunTime:0.001711s ]
INFO: [ app_end ] --END-- [ RunTime:0.002074s ]

[ 2015-10-07T20:51:02+08:00 ] 127.0.0.1 /Blog2.0/
INFO: [ app_init ] --START--
INFO: Run Behavior\BuildLiteBehavior [ RunTime:0.000038s ]
INFO: [ app_init ] --END-- [ RunTime:0.000584s ]
INFO: [ app_begin ] --START--
INFO: Run Behavior\ReadHtmlCacheBehavior [ RunTime:0.000920s ]
INFO: Run Behavior\CheckLangBehavior [ RunTime:0.001797s ]
INFO: [ app_begin ] --END-- [ RunTime:0.003074s ]
SQL: SHOW COLUMNS FROM `blog_article_category` [ RunTime:0.0134s ]
SQL: SELECT `pid`,`id`,`name` FROM `blog_article_category` WHERE `status` = 1  [ RunTime:0.0004s ]
SQL: SHOW COLUMNS FROM `blog_article_detail` [ RunTime:0.0124s ]
NOTIC: [2] Missing argument 1 for Home\Model\ArticleDetailModel::getCount(), called in C:\wamp\www\Blog2.0\Class\Home\Controller\IndexController.class.php on line 8 and defined C:\wamp\www\Blog2.0\Class\Home\Model\ArticleDetailModel.class.php 第 36 行.
NOTIC: [8] Undefined variable: category_id C:\wamp\www\Blog2.0\Class\Home\Model\ArticleDetailModel.class.php 第 38 行.
SQL: SELECT COUNT(*) AS tp_count FROM `blog_article_detail` WHERE `status` = 1 AND `category_id` > 0 LIMIT 1   [ RunTime:0.0004s ]
NOTIC: [2] Missing argument 1 for Home\Model\ArticleDetailModel::getDetail(), called in C:\wamp\www\Blog2.0\Class\Home\Controller\IndexController.class.php on line 9 and defined C:\wamp\www\Blog2.0\Class\Home\Model\ArticleDetailModel.class.php 第 6 行.
NOTIC: [2] Missing argument 2 for Home\Model\ArticleDetailModel::getDetail(), called in C:\wamp\www\Blog2.0\Class\Home\Controller\IndexController.class.php on line 9 and defined C:\wamp\www\Blog2.0\Class\Home\Model\ArticleDetailModel.class.php 第 6 行.
NOTIC: [8] Undefined variable: category_id C:\wamp\www\Blog2.0\Class\Home\Model\ArticleDetailModel.class.php 第 11 行.
NOTIC: [8] Undefined index: p C:\wamp\www\Blog2.0\Class\Home\Model\ArticleDetailModel.class.php 第 13 行.
SQL: SELECT ad.id,ad.title,ad.content,ad.hits,ad.img_file,ad.tags,ad.create_time,ad.update_time,ac.name AS category_name FROM blog_article_detail ad INNER JOIN blog_article_category AS ac ON ad.category_id = ac.id  WHERE ad.status = 1 AND ad.category_id > 0 ORDER BY hits desc LIMIT 0,3   [ RunTime:0.0006s ]
INFO: [ view_parse ] --START--
INFO: [ template_filter ] --START--
INFO: Run Behavior\ContentReplaceBehavior [ RunTime:0.000675s ]
INFO: [ template_filter ] --END-- [ RunTime:0.001392s ]
INFO: Run Behavior\ParseTemplateBehavior [ RunTime:0.065394s ]
INFO: [ view_parse ] --END-- [ RunTime:0.065577s ]
INFO: [ view_filter ] --START--
INFO: Run Behavior\WriteHtmlCacheBehavior [ RunTime:0.000862s ]
INFO: [ view_filter ] --END-- [ RunTime:0.001103s ]
NOTIC: [2] Cannot modify header information - headers already sent by (output started at C:\wamp\www\Blog2.0\ThinkPHP\Common\functions.php:848) C:\wamp\www\Blog2.0\ThinkPHP\Library\Think\View.class.php 第 91 行.
NOTIC: [2] Cannot modify header information - headers already sent by (output started at C:\wamp\www\Blog2.0\ThinkPHP\Common\functions.php:848) C:\wamp\www\Blog2.0\ThinkPHP\Library\Think\View.class.php 第 92 行.
NOTIC: [2] Cannot modify header information - headers already sent by (output started at C:\wamp\www\Blog2.0\ThinkPHP\Common\functions.php:848) C:\wamp\www\Blog2.0\ThinkPHP\Library\Think\View.class.php 第 93 行.
INFO: [ app_end ] --START--
INFO: Run Behavior\ShowPageTraceBehavior [ RunTime:0.003311s ]
INFO: [ app_end ] --END-- [ RunTime:0.006390s ]

[ 2015-10-07T20:51:02+08:00 ] 127.0.0.1 /Blog2.0/
INFO: [ app_init ] --START--
INFO: Run Behavior\BuildLiteBehavior [ RunTime:0.000070s ]
INFO: [ app_init ] --END-- [ RunTime:0.000804s ]
INFO: [ app_begin ] --START--
INFO: Run Behavior\ReadHtmlCacheBehavior [ RunTime:0.000793s ]
INFO: Run Behavior\CheckLangBehavior [ RunTime:0.001328s ]
INFO: [ app_begin ] --END-- [ RunTime:0.002438s ]
SQL: SHOW COLUMNS FROM `blog_article_category` [ RunTime:0.0053s ]
SQL: SELECT `pid`,`id`,`name` FROM `blog_article_category` WHERE `status` = 1  [ RunTime:0.0004s ]
SQL: SHOW COLUMNS FROM `blog_article_detail` [ RunTime:0.0071s ]
NOTIC: [2] Missing argument 1 for Home\Model\ArticleDetailModel::getCount(), called in C:\wamp\www\Blog2.0\Class\Home\Controller\IndexController.class.php on line 8 and defined C:\wamp\www\Blog2.0\Class\Home\Model\ArticleDetailModel.class.php 第 36 行.
NOTIC: [8] Undefined variable: category_id C:\wamp\www\Blog2.0\Class\Home\Model\ArticleDetailModel.class.php 第 38 行.
SQL: SELECT COUNT(*) AS tp_count FROM `blog_article_detail` WHERE `status` = 1 AND `category_id` > 0 LIMIT 1   [ RunTime:0.0005s ]
NOTIC: [2] Missing argument 1 for Home\Model\ArticleDetailModel::getDetail(), called in C:\wamp\www\Blog2.0\Class\Home\Controller\IndexController.class.php on line 9 and defined C:\wamp\www\Blog2.0\Class\Home\Model\ArticleDetailModel.class.php 第 6 行.
NOTIC: [2] Missing argument 2 for Home\Model\ArticleDetailModel::getDetail(), called in C:\wamp\www\Blog2.0\Class\Home\Controller\IndexController.class.php on line 9 and defined C:\wamp\www\Blog2.0\Class\Home\Model\ArticleDetailModel.class.php 第 6 行.
NOTIC: [8] Undefined variable: category_id C:\wamp\www\Blog2.0\Class\Home\Model\ArticleDetailModel.class.php 第 11 行.
NOTIC: [8] Undefined index: p C:\wamp\www\Blog2.0\Class\Home\Model\ArticleDetailModel.class.php 第 13 行.
SQL: SELECT ad.id,ad.title,ad.content,ad.hits,ad.img_file,ad.tags,ad.create_time,ad.update_time,ac.name AS category_name FROM blog_article_detail ad INNER JOIN blog_article_category AS ac ON ad.category_id = ac.id  WHERE ad.status = 1 AND ad.category_id > 0 ORDER BY hits desc LIMIT 0,3   [ RunTime:0.0005s ]
INFO: [ view_parse ] --START--
INFO: [ template_filter ] --START--
INFO: Run Behavior\ContentReplaceBehavior [ RunTime:0.000299s ]
INFO: [ template_filter ] --END-- [ RunTime:0.000646s ]
INFO: Run Behavior\ParseTemplateBehavior [ RunTime:0.060912s ]
INFO: [ view_parse ] --END-- [ RunTime:0.061087s ]
INFO: [ view_filter ] --START--
INFO: Run Behavior\WriteHtmlCacheBehavior [ RunTime:0.000795s ]
INFO: [ view_filter ] --END-- [ RunTime:0.000957s ]
NOTIC: [2] Cannot modify header information - headers already sent by (output started at C:\wamp\www\Blog2.0\ThinkPHP\Common\functions.php:848) C:\wamp\www\Blog2.0\ThinkPHP\Library\Think\View.class.php 第 91 行.
NOTIC: [2] Cannot modify header information - headers already sent by (output started at C:\wamp\www\Blog2.0\ThinkPHP\Common\functions.php:848) C:\wamp\www\Blog2.0\ThinkPHP\Library\Think\View.class.php 第 92 行.
NOTIC: [2] Cannot modify header information - headers already sent by (output started at C:\wamp\www\Blog2.0\ThinkPHP\Common\functions.php:848) C:\wamp\www\Blog2.0\ThinkPHP\Library\Think\View.class.php 第 93 行.
INFO: [ app_end ] --START--
INFO: Run Behavior\ShowPageTraceBehavior [ RunTime:0.002181s ]
INFO: [ app_end ] --END-- [ RunTime:0.002421s ]

[ 2015-10-07T20:51:10+08:00 ] 127.0.0.1 /Blog2.0/index.php?m=Home&c=Index&a=index
INFO: [ app_init ] --START--
INFO: Run Behavior\BuildLiteBehavior [ RunTime:0.000035s ]
INFO: [ app_init ] --END-- [ RunTime:0.000590s ]
INFO: [ app_begin ] --START--
INFO: Run Behavior\ReadHtmlCacheBehavior [ RunTime:0.000835s ]
INFO: Run Behavior\CheckLangBehavior [ RunTime:0.001307s ]
INFO: [ app_begin ] --END-- [ RunTime:0.002476s ]
SQL: SHOW COLUMNS FROM `blog_article_category` [ RunTime:0.0127s ]
SQL: SELECT `pid`,`id`,`name` FROM `blog_article_category` WHERE `status` = 1  [ RunTime:0.0004s ]
SQL: SHOW COLUMNS FROM `blog_article_detail` [ RunTime:0.0080s ]
NOTIC: [2] Missing argument 1 for Home\Model\ArticleDetailModel::getCount(), called in C:\wamp\www\Blog2.0\Class\Home\Controller\IndexController.class.php on line 8 and defined C:\wamp\www\Blog2.0\Class\Home\Model\ArticleDetailModel.class.php 第 36 行.
NOTIC: [8] Undefined variable: category_id C:\wamp\www\Blog2.0\Class\Home\Model\ArticleDetailModel.class.php 第 38 行.
SQL: SELECT COUNT(*) AS tp_count FROM `blog_article_detail` WHERE `status` = 1 AND `category_id` > 0 LIMIT 1   [ RunTime:0.0004s ]
NOTIC: [2] Missing argument 1 for Home\Model\ArticleDetailModel::getDetail(), called in C:\wamp\www\Blog2.0\Class\Home\Controller\IndexController.class.php on line 9 and defined C:\wamp\www\Blog2.0\Class\Home\Model\ArticleDetailModel.class.php 第 6 行.
NOTIC: [2] Missing argument 2 for Home\Model\ArticleDetailModel::getDetail(), called in C:\wamp\www\Blog2.0\Class\Home\Controller\IndexController.class.php on line 9 and defined C:\wamp\www\Blog2.0\Class\Home\Model\ArticleDetailModel.class.php 第 6 行.
NOTIC: [8] Undefined variable: category_id C:\wamp\www\Blog2.0\Class\Home\Model\ArticleDetailModel.class.php 第 11 行.
NOTIC: [8] Undefined index: p C:\wamp\www\Blog2.0\Class\Home\Model\ArticleDetailModel.class.php 第 13 行.
SQL: SELECT ad.id,ad.title,ad.content,ad.hits,ad.img_file,ad.tags,ad.create_time,ad.update_time,ac.name AS category_name FROM blog_article_detail ad INNER JOIN blog_article_category AS ac ON ad.category_id = ac.id  WHERE ad.status = 1 AND ad.category_id > 0 ORDER BY hits desc LIMIT 0,3   [ RunTime:0.0006s ]
INFO: [ view_parse ] --START--
INFO: [ template_filter ] --START--
INFO: Run Behavior\ContentReplaceBehavior [ RunTime:0.000243s ]
INFO: [ template_filter ] --END-- [ RunTime:0.000505s ]
INFO: Run Behavior\ParseTemplateBehavior [ RunTime:0.055038s ]
INFO: [ view_parse ] --END-- [ RunTime:0.055246s ]
INFO: [ view_filter ] --START--
INFO: Run Behavior\WriteHtmlCacheBehavior [ RunTime:0.000575s ]
INFO: [ view_filter ] --END-- [ RunTime:0.000719s ]
NOTIC: [2] Cannot modify header information - headers already sent by (output started at C:\wamp\www\Blog2.0\ThinkPHP\Common\functions.php:848) C:\wamp\www\Blog2.0\ThinkPHP\Library\Think\View.class.php 第 91 行.
NOTIC: [2] Cannot modify header information - headers already sent by (output started at C:\wamp\www\Blog2.0\ThinkPHP\Common\functions.php:848) C:\wamp\www\Blog2.0\ThinkPHP\Library\Think\View.class.php 第 92 行.
NOTIC: [2] Cannot modify header information - headers already sent by (output started at C:\wamp\www\Blog2.0\ThinkPHP\Common\functions.php:848) C:\wamp\www\Blog2.0\ThinkPHP\Library\Think\View.class.php 第 93 行.
INFO: [ app_end ] --START--
INFO: Run Behavior\ShowPageTraceBehavior [ RunTime:0.002631s ]
INFO: [ app_end ] --END-- [ RunTime:0.003003s ]

[ 2015-10-07T23:52:30+08:00 ] 127.0.0.1 /Blog2.0/
INFO: [ app_init ] --START--
INFO: Run Behavior\BuildLiteBehavior [ RunTime:0.000036s ]
INFO: [ app_init ] --END-- [ RunTime:0.000559s ]
INFO: [ app_begin ] --START--
INFO: Run Behavior\ReadHtmlCacheBehavior [ RunTime:0.000932s ]
INFO: Run Behavior\CheckLangBehavior [ RunTime:0.002100s ]
INFO: [ app_begin ] --END-- [ RunTime:0.003404s ]
SQL: SHOW COLUMNS FROM `blog_article_category` [ RunTime:0.0110s ]
SQL: SELECT `pid`,`id`,`name` FROM `blog_article_category` WHERE `status` = 1  [ RunTime:0.0004s ]
SQL: SHOW COLUMNS FROM `blog_article_detail` [ RunTime:0.0086s ]
NOTIC: [2] Missing argument 1 for Home\Model\ArticleDetailModel::getCount(), called in C:\wamp\www\Blog2.0\Class\Home\Controller\IndexController.class.php on line 8 and defined C:\wamp\www\Blog2.0\Class\Home\Model\ArticleDetailModel.class.php 第 36 行.
NOTIC: [8] Undefined variable: category_id C:\wamp\www\Blog2.0\Class\Home\Model\ArticleDetailModel.class.php 第 38 行.
SQL: SELECT COUNT(*) AS tp_count FROM `blog_article_detail` WHERE `status` = 1 AND `category_id` > 0 LIMIT 1   [ RunTime:0.0007s ]
NOTIC: [2] Missing argument 1 for Home\Model\ArticleDetailModel::getDetail(), called in C:\wamp\www\Blog2.0\Class\Home\Controller\IndexController.class.php on line 9 and defined C:\wamp\www\Blog2.0\Class\Home\Model\ArticleDetailModel.class.php 第 6 行.
NOTIC: [2] Missing argument 2 for Home\Model\ArticleDetailModel::getDetail(), called in C:\wamp\www\Blog2.0\Class\Home\Controller\IndexController.class.php on line 9 and defined C:\wamp\www\Blog2.0\Class\Home\Model\ArticleDetailModel.class.php 第 6 行.
NOTIC: [8] Undefined variable: category_id C:\wamp\www\Blog2.0\Class\Home\Model\ArticleDetailModel.class.php 第 11 行.
NOTIC: [8] Undefined index: p C:\wamp\www\Blog2.0\Class\Home\Model\ArticleDetailModel.class.php 第 13 行.
SQL: SELECT ad.id,ad.title,ad.content,ad.hits,ad.img_file,ad.tags,ad.create_time,ad.update_time,ac.name AS category_name FROM blog_article_detail ad INNER JOIN blog_article_category AS ac ON ad.category_id = ac.id  WHERE ad.status = 1 AND ad.category_id > 0 ORDER BY hits desc LIMIT 0,3   [ RunTime:0.0007s ]
INFO: [ view_parse ] --START--
INFO: [ template_filter ] --START--
INFO: Run Behavior\ContentReplaceBehavior [ RunTime:0.000186s ]
INFO: [ template_filter ] --END-- [ RunTime:0.000370s ]
INFO: Run Behavior\ParseTemplateBehavior [ RunTime:0.051830s ]
INFO: [ view_parse ] --END-- [ RunTime:0.051997s ]
INFO: [ view_filter ] --START--
INFO: Run Behavior\WriteHtmlCacheBehavior [ RunTime:0.000645s ]
INFO: [ view_filter ] --END-- [ RunTime:0.000804s ]
NOTIC: [2] Cannot modify header information - headers already sent by (output started at C:\wamp\www\Blog2.0\ThinkPHP\Common\functions.php:848) C:\wamp\www\Blog2.0\ThinkPHP\Library\Think\View.class.php 第 91 行.
NOTIC: [2] Cannot modify header information - headers already sent by (output started at C:\wamp\www\Blog2.0\ThinkPHP\Common\functions.php:848) C:\wamp\www\Blog2.0\ThinkPHP\Library\Think\View.class.php 第 92 行.
NOTIC: [2] Cannot modify header information - headers already sent by (output started at C:\wamp\www\Blog2.0\ThinkPHP\Common\functions.php:848) C:\wamp\www\Blog2.0\ThinkPHP\Library\Think\View.class.php 第 93 行.
INFO: [ app_end ] --START--
INFO: Run Behavior\ShowPageTraceBehavior [ RunTime:0.002824s ]
INFO: [ app_end ] --END-- [ RunTime:0.003138s ]

[ 2015-10-07T23:52:41+08:00 ] 127.0.0.1 /Blog2.0/index.php?m=Home&c=Index&a=index
INFO: [ app_init ] --START--
INFO: Run Behavior\BuildLiteBehavior [ RunTime:0.000070s ]
INFO: [ app_init ] --END-- [ RunTime:0.000602s ]
INFO: [ app_begin ] --START--
INFO: Run Behavior\ReadHtmlCacheBehavior [ RunTime:0.000614s ]
INFO: Run Behavior\CheckLangBehavior [ RunTime:0.001479s ]
INFO: [ app_begin ] --END-- [ RunTime:0.002427s ]
SQL: SHOW COLUMNS FROM `blog_article_category` [ RunTime:0.0110s ]
SQL: SELECT `pid`,`id`,`name` FROM `blog_article_category` WHERE `status` = 1  [ RunTime:0.0004s ]
SQL: SHOW COLUMNS FROM `blog_article_detail` [ RunTime:0.0099s ]
NOTIC: [2] Missing argument 1 for Home\Model\ArticleDetailModel::getCount(), called in C:\wamp\www\Blog2.0\Class\Home\Controller\IndexController.class.php on line 8 and defined C:\wamp\www\Blog2.0\Class\Home\Model\ArticleDetailModel.class.php 第 36 行.
NOTIC: [8] Undefined variable: category_id C:\wamp\www\Blog2.0\Class\Home\Model\ArticleDetailModel.class.php 第 38 行.
SQL: SELECT COUNT(*) AS tp_count FROM `blog_article_detail` WHERE `status` = 1 AND `category_id` > 0 LIMIT 1   [ RunTime:0.0006s ]
NOTIC: [2] Missing argument 1 for Home\Model\ArticleDetailModel::getDetail(), called in C:\wamp\www\Blog2.0\Class\Home\Controller\IndexController.class.php on line 9 and defined C:\wamp\www\Blog2.0\Class\Home\Model\ArticleDetailModel.class.php 第 6 行.
NOTIC: [2] Missing argument 2 for Home\Model\ArticleDetailModel::getDetail(), called in C:\wamp\www\Blog2.0\Class\Home\Controller\IndexController.class.php on line 9 and defined C:\wamp\www\Blog2.0\Class\Home\Model\ArticleDetailModel.class.php 第 6 行.
NOTIC: [8] Undefined variable: category_id C:\wamp\www\Blog2.0\Class\Home\Model\ArticleDetailModel.class.php 第 11 行.
NOTIC: [8] Undefined index: p C:\wamp\www\Blog2.0\Class\Home\Model\ArticleDetailModel.class.php 第 13 行.
SQL: SELECT ad.id,ad.title,ad.content,ad.hits,ad.img_file,ad.tags,ad.create_time,ad.update_time,ac.name AS category_name FROM blog_article_detail ad INNER JOIN blog_article_category AS ac ON ad.category_id = ac.id  WHERE ad.status = 1 AND ad.category_id > 0 ORDER BY hits desc LIMIT 0,3   [ RunTime:0.0006s ]
INFO: [ view_parse ] --START--
INFO: [ template_filter ] --START--
INFO: Run Behavior\ContentReplaceBehavior [ RunTime:0.000188s ]
INFO: [ template_filter ] --END-- [ RunTime:0.000403s ]
INFO: Run Behavior\ParseTemplateBehavior [ RunTime:0.078273s ]
INFO: [ view_parse ] --END-- [ RunTime:0.078479s ]
INFO: [ view_filter ] --START--
INFO: Run Behavior\WriteHtmlCacheBehavior [ RunTime:0.000425s ]
INFO: [ view_filter ] --END-- [ RunTime:0.000567s ]
NOTIC: [2] Cannot modify header information - headers already sent by (output started at C:\wamp\www\Blog2.0\ThinkPHP\Common\functions.php:848) C:\wamp\www\Blog2.0\ThinkPHP\Library\Think\View.class.php 第 91 行.
NOTIC: [2] Cannot modify header information - headers already sent by (output started at C:\wamp\www\Blog2.0\ThinkPHP\Common\functions.php:848) C:\wamp\www\Blog2.0\ThinkPHP\Library\Think\View.class.php 第 92 行.
NOTIC: [2] Cannot modify header information - headers already sent by (output started at C:\wamp\www\Blog2.0\ThinkPHP\Common\functions.php:848) C:\wamp\www\Blog2.0\ThinkPHP\Library\Think\View.class.php 第 93 行.
INFO: [ app_end ] --START--
INFO: Run Behavior\ShowPageTraceBehavior [ RunTime:0.001597s ]
INFO: [ app_end ] --END-- [ RunTime:0.001957s ]

