[ 2015-10-31T20:38:50+08:00 ] 127.0.0.1 /Blog2.0/index.php?m=Home&c=Studio&a=studio
INFO: [ app_init ] --START--
INFO: Run Behavior\BuildLiteBehavior [ RunTime:0.000053s ]
INFO: [ app_init ] --END-- [ RunTime:0.008783s ]
INFO: [ app_begin ] --START--
INFO: Run Behavior\ReadHtmlCacheBehavior [ RunTime:0.001248s ]
INFO: Run Behavior\CheckLangBehavior [ RunTime:0.026732s ]
INFO: [ app_begin ] --END-- [ RunTime:0.028302s ]
INFO: [ view_parse ] --START--
INFO: [ template_filter ] --START--
INFO: Run Behavior\ContentReplaceBehavior [ RunTime:0.000098s ]
INFO: [ template_filter ] --END-- [ RunTime:0.000314s ]
INFO: Run Behavior\ParseTemplateBehavior [ RunTime:0.043695s ]
INFO: [ view_parse ] --END-- [ RunTime:0.043888s ]
INFO: [ view_filter ] --START--
INFO: Run Behavior\WriteHtmlCacheBehavior [ RunTime:0.016660s ]
INFO: [ view_filter ] --END-- [ RunTime:0.016842s ]
INFO: [ app_end ] --START--
INFO: Run Behavior\ShowPageTraceBehavior [ RunTime:0.010538s ]
INFO: [ app_end ] --END-- [ RunTime:0.010720s ]

