[ 2016-04-09T16:18:48+08:00 ] 127.0.0.1 /Blog2.0/
INFO: [ app_init ] --START--
INFO: Run Behavior\BuildLiteBehavior [ RunTime:0.000039s ]
INFO: [ app_init ] --END-- [ RunTime:0.000654s ]
INFO: [ app_begin ] --START--
INFO: Run Behavior\ReadHtmlCacheBehavior [ RunTime:0.000850s ]
INFO: Run Behavior\CheckLangBehavior [ RunTime:0.001653s ]
INFO: [ app_begin ] --END-- [ RunTime:0.002778s ]
SQL: SHOW COLUMNS FROM `blog_article_category` [ RunTime:0.0844s ]
NOTIC: [2] Missing argument 1 for Home\Model\ArticleCategoryModel::nav(), called in C:\wamp\www\Blog2.0\Class\Home\Controller\BaseController.class.php on line 7 and defined C:\wamp\www\Blog2.0\Class\Home\Model\ArticleCategoryModel.class.php 第 5 行.
NOTIC: [8] Undefined variable: data C:\wamp\www\Blog2.0\Class\Home\Model\ArticleCategoryModel.class.php 第 7 行.
SQL: SELECT `pid`,`id`,`name`,`index_show` FROM `blog_article_category` WHERE `status` = 1 AND `index_show` = 1  [ RunTime:0.0004s ]
SQL: SHOW COLUMNS FROM `blog_article_detail` [ RunTime:0.0442s ]
SQL: SELECT `create_time` FROM `blog_article_detail`  [ RunTime:0.0004s ]
SQL: SHOW COLUMNS FROM `blog_article_detail` [ RunTime:0.0038s ]
SQL: SELECT ad.create_time,ad.title,ad.img_file,ad.id FROM blog_article_detail ad INNER JOIN blog_article_category AS ac ON ad.category_id = ac.id  WHERE ad.status = 1 ORDER BY create_time desc LIMIT 4   [ RunTime:0.0005s ]
SQL: SHOW COLUMNS FROM `blog_friend_link` [ RunTime:0.0335s ]
SQL: SELECT * FROM `blog_friend_link` WHERE ( status=1 AND index_show=1 )  [ RunTime:0.0004s ]
NOTIC: [2] Missing argument 1 for Home\Model\ArticleDetailModel::getCount(), called in C:\wamp\www\Blog2.0\Class\Home\Controller\IndexController.class.php on line 8 and defined C:\wamp\www\Blog2.0\Class\Home\Model\ArticleDetailModel.class.php 第 63 行.
NOTIC: [8] Undefined variable: category_id C:\wamp\www\Blog2.0\Class\Home\Model\ArticleDetailModel.class.php 第 64 行.
SQL: SELECT COUNT(*) AS tp_count FROM `blog_article_detail` WHERE `status` = 1 AND `category_id` > 0 LIMIT 1   [ RunTime:0.0007s ]
NOTIC: [2] Missing argument 1 for Home\Model\ArticleDetailModel::getDetail(), called in C:\wamp\www\Blog2.0\Class\Home\Controller\IndexController.class.php on line 9 and defined C:\wamp\www\Blog2.0\Class\Home\Model\ArticleDetailModel.class.php 第 6 行.
NOTIC: [8] Undefined variable: category_id C:\wamp\www\Blog2.0\Class\Home\Model\ArticleDetailModel.class.php 第 11 行.
NOTIC: [8] Undefined index: p C:\wamp\www\Blog2.0\Class\Home\Model\ArticleDetailModel.class.php 第 13 行.
SQL: SELECT ad.id,ad.title,ad.content,ad.hits,ad.img_file,ad.tags,ad.create_time,ad.update_time,ac.name AS category_name,ac.id AS cid FROM blog_article_detail ad INNER JOIN blog_article_category AS ac ON ad.category_id = ac.id  WHERE ad.status = 1 AND ad.category_id > 0 ORDER BY hits desc LIMIT 0,3   [ RunTime:0.0007s ]
INFO: [ view_parse ] --START--
INFO: [ template_filter ] --START--
INFO: Run Behavior\ContentReplaceBehavior [ RunTime:0.000184s ]
INFO: [ template_filter ] --END-- [ RunTime:0.000406s ]
INFO: Run Behavior\ParseTemplateBehavior [ RunTime:0.094586s ]
INFO: [ view_parse ] --END-- [ RunTime:0.094762s ]
INFO: [ view_filter ] --START--
INFO: Run Behavior\WriteHtmlCacheBehavior [ RunTime:0.000762s ]
INFO: [ view_filter ] --END-- [ RunTime:0.000926s ]
INFO: [ app_end ] --START--
INFO: Run Behavior\ShowPageTraceBehavior [ RunTime:0.001631s ]
INFO: [ app_end ] --END-- [ RunTime:0.001968s ]

[ 2016-04-09T16:18:56+08:00 ] 127.0.0.1 /Blog2.0/index.php?m=Home&c=Article&a=detail&id=6
INFO: [ app_init ] --START--
INFO: Run Behavior\BuildLiteBehavior [ RunTime:0.000048s ]
INFO: [ app_init ] --END-- [ RunTime:0.000578s ]
INFO: [ app_begin ] --START--
INFO: Run Behavior\ReadHtmlCacheBehavior [ RunTime:0.002198s ]
INFO: Run Behavior\CheckLangBehavior [ RunTime:0.001674s ]
INFO: [ app_begin ] --END-- [ RunTime:0.004188s ]
SQL: SHOW COLUMNS FROM `blog_article_category` [ RunTime:0.0047s ]
NOTIC: [2] Missing argument 1 for Home\Model\ArticleCategoryModel::nav(), called in C:\wamp\www\Blog2.0\Class\Home\Controller\BaseController.class.php on line 7 and defined C:\wamp\www\Blog2.0\Class\Home\Model\ArticleCategoryModel.class.php 第 5 行.
NOTIC: [8] Undefined variable: data C:\wamp\www\Blog2.0\Class\Home\Model\ArticleCategoryModel.class.php 第 7 行.
SQL: SELECT `pid`,`id`,`name`,`index_show` FROM `blog_article_category` WHERE `status` = 1 AND `index_show` = 1  [ RunTime:0.0005s ]
SQL: SHOW COLUMNS FROM `blog_article_detail` [ RunTime:0.0032s ]
SQL: SELECT `create_time` FROM `blog_article_detail`  [ RunTime:0.0004s ]
SQL: SHOW COLUMNS FROM `blog_article_detail` [ RunTime:0.0040s ]
SQL: SELECT ad.create_time,ad.title,ad.img_file,ad.id FROM blog_article_detail ad INNER JOIN blog_article_category AS ac ON ad.category_id = ac.id  WHERE ad.status = 1 ORDER BY create_time desc LIMIT 4   [ RunTime:0.0007s ]
SQL: SHOW COLUMNS FROM `blog_friend_link` [ RunTime:0.0033s ]
SQL: SELECT * FROM `blog_friend_link` WHERE ( status=1 AND index_show=1 )  [ RunTime:0.0004s ]
SQL: SELECT COUNT(*) AS tp_count FROM `blog_article_detail` WHERE `id` < '6' ORDER BY id asc LIMIT 1   [ RunTime:0.0004s ]
SQL: SELECT d.id,d.title,d.content,d.hits,d.img_file,d.tags,d.create_time,d.update_time,c.pid as c_pid,c.name as category_name FROM blog_article_detail d INNER JOIN blog_article_category AS c ON d.category_id=c.id  ORDER BY id asc LIMIT 4,3   [ RunTime:0.0004s ]
SQL: SHOW COLUMNS FROM `blog_article_category` [ RunTime:0.0038s ]
SQL: SELECT `id`,`name` FROM `blog_article_category` WHERE `status` = 1 ORDER BY id asc  [ RunTime:0.0004s ]
INFO: [ view_parse ] --START--
INFO: [ template_filter ] --START--
INFO: Run Behavior\ContentReplaceBehavior [ RunTime:0.000210s ]
INFO: [ template_filter ] --END-- [ RunTime:0.000377s ]
NOTIC: [8] Undefined index: c_name C:\wamp\www\Blog2.0\Class\Runtime\Cache\Home\8351dab5c2bad2814199f5300e452414.php 第 73 行.
NOTIC: [8] Use of undefined constant create_time - assumed 'create_time' C:\wamp\www\Blog2.0\Class\Runtime\Cache\Home\8351dab5c2bad2814199f5300e452414.php 第 84 行.
INFO: Run Behavior\ParseTemplateBehavior [ RunTime:0.086230s ]
INFO: [ view_parse ] --END-- [ RunTime:0.086433s ]
INFO: [ view_filter ] --START--
INFO: Run Behavior\WriteHtmlCacheBehavior [ RunTime:0.000748s ]
INFO: [ view_filter ] --END-- [ RunTime:0.000910s ]
INFO: [ app_end ] --START--
INFO: Run Behavior\ShowPageTraceBehavior [ RunTime:0.001432s ]
INFO: [ app_end ] --END-- [ RunTime:0.001664s ]

[ 2016-04-09T16:18:57+08:00 ] 127.0.0.1 /Blog2.0/index.php?m=Home&c=Article&a=category&id=4
INFO: [ app_init ] --START--
INFO: Run Behavior\BuildLiteBehavior [ RunTime:0.000039s ]
INFO: [ app_init ] --END-- [ RunTime:0.000565s ]
INFO: [ app_begin ] --START--
INFO: Run Behavior\ReadHtmlCacheBehavior [ RunTime:0.001590s ]
INFO: Run Behavior\CheckLangBehavior [ RunTime:0.001786s ]
INFO: [ app_begin ] --END-- [ RunTime:0.003870s ]
SQL: SHOW COLUMNS FROM `blog_article_category` [ RunTime:0.0037s ]
NOTIC: [2] Missing argument 1 for Home\Model\ArticleCategoryModel::nav(), called in C:\wamp\www\Blog2.0\Class\Home\Controller\BaseController.class.php on line 7 and defined C:\wamp\www\Blog2.0\Class\Home\Model\ArticleCategoryModel.class.php 第 5 行.
NOTIC: [8] Undefined variable: data C:\wamp\www\Blog2.0\Class\Home\Model\ArticleCategoryModel.class.php 第 7 行.
SQL: SELECT `pid`,`id`,`name`,`index_show` FROM `blog_article_category` WHERE `status` = 1 AND `index_show` = 1  [ RunTime:0.0005s ]
SQL: SHOW COLUMNS FROM `blog_article_detail` [ RunTime:0.0038s ]
SQL: SELECT `create_time` FROM `blog_article_detail`  [ RunTime:0.0003s ]
SQL: SHOW COLUMNS FROM `blog_article_detail` [ RunTime:0.0043s ]
SQL: SELECT ad.create_time,ad.title,ad.img_file,ad.id FROM blog_article_detail ad INNER JOIN blog_article_category AS ac ON ad.category_id = ac.id  WHERE ad.status = 1 ORDER BY create_time desc LIMIT 4   [ RunTime:0.0005s ]
SQL: SHOW COLUMNS FROM `blog_friend_link` [ RunTime:0.0040s ]
SQL: SELECT * FROM `blog_friend_link` WHERE ( status=1 AND index_show=1 )  [ RunTime:0.0004s ]
NOTIC: [8] Undefined index: p C:\wamp\www\Blog2.0\Class\Home\Model\ArticleDetailModel.class.php 第 13 行.
SQL: SELECT ad.id,ad.title,ad.content,ad.hits,ad.img_file,ad.tags,ad.create_time,ad.update_time,ac.name AS category_name,ac.id AS cid FROM blog_article_detail ad INNER JOIN blog_article_category AS ac ON ad.category_id = ac.id  WHERE ad.status = 1 AND ad.category_id = '4' ORDER BY hits desc LIMIT 0,3   [ RunTime:0.0006s ]
NOTIC: [2] Invalid argument supplied for foreach() C:\wamp\www\Blog2.0\Class\Home\Model\ArticleDetailModel.class.php 第 15 行.
NOTIC: [8] Undefined variable: hour C:\wamp\www\Blog2.0\Class\Home\Model\ArticleDetailModel.class.php 第 21 行.
NOTIC: [2] Invalid argument supplied for foreach() C:\wamp\www\Blog2.0\Class\Home\Model\ArticleDetailModel.class.php 第 31 行.
NOTIC: [8] Undefined variable: arr C:\wamp\www\Blog2.0\Class\Home\Model\ArticleDetailModel.class.php 第 36 行.
NOTIC: [2] Invalid argument supplied for foreach() C:\wamp\www\Blog2.0\Class\Home\Model\ArticleDetailModel.class.php 第 22 行.
SQL: SELECT COUNT(*) AS tp_count FROM `blog_article_detail` WHERE `status` = 1 AND `category_id` = 4 LIMIT 1   [ RunTime:0.0003s ]
SQL: SHOW COLUMNS FROM `blog_article_category` [ RunTime:0.0039s ]
SQL: SELECT `pid` FROM `blog_article_category` WHERE `id` = 4 AND `status` = 1 LIMIT 1   [ RunTime:0.0005s ]
SQL: SELECT `name` FROM `blog_article_category` WHERE `id` = 0 AND `status` = 1 LIMIT 1   [ RunTime:0.0004s ]
INFO: [ view_parse ] --START--
INFO: [ template_filter ] --START--
INFO: Run Behavior\ContentReplaceBehavior [ RunTime:0.000175s ]
INFO: [ template_filter ] --END-- [ RunTime:0.000345s ]
INFO: Run Behavior\ParseTemplateBehavior [ RunTime:0.055428s ]
INFO: [ view_parse ] --END-- [ RunTime:0.055729s ]
INFO: [ view_filter ] --START--
INFO: Run Behavior\WriteHtmlCacheBehavior [ RunTime:0.001495s ]
INFO: [ view_filter ] --END-- [ RunTime:0.001756s ]
INFO: [ app_end ] --START--
INFO: Run Behavior\ShowPageTraceBehavior [ RunTime:0.001689s ]
INFO: [ app_end ] --END-- [ RunTime:0.001953s ]

[ 2016-04-09T16:19:14+08:00 ] 127.0.0.1 /Blog2.0/index.php?m=Home&c=Index&a=index
INFO: [ app_init ] --START--
INFO: Run Behavior\BuildLiteBehavior [ RunTime:0.000060s ]
INFO: [ app_init ] --END-- [ RunTime:0.000567s ]
INFO: [ app_begin ] --START--
INFO: Run Behavior\ReadHtmlCacheBehavior [ RunTime:0.001080s ]
INFO: Run Behavior\CheckLangBehavior [ RunTime:0.001606s ]
INFO: [ app_begin ] --END-- [ RunTime:0.002992s ]
SQL: SHOW COLUMNS FROM `blog_article_category` [ RunTime:0.0047s ]
NOTIC: [2] Missing argument 1 for Home\Model\ArticleCategoryModel::nav(), called in C:\wamp\www\Blog2.0\Class\Home\Controller\BaseController.class.php on line 7 and defined C:\wamp\www\Blog2.0\Class\Home\Model\ArticleCategoryModel.class.php 第 5 行.
NOTIC: [8] Undefined variable: data C:\wamp\www\Blog2.0\Class\Home\Model\ArticleCategoryModel.class.php 第 7 行.
SQL: SELECT `pid`,`id`,`name`,`index_show` FROM `blog_article_category` WHERE `status` = 1 AND `index_show` = 1  [ RunTime:0.0004s ]
SQL: SHOW COLUMNS FROM `blog_article_detail` [ RunTime:0.0032s ]
SQL: SELECT `create_time` FROM `blog_article_detail`  [ RunTime:0.0005s ]
SQL: SHOW COLUMNS FROM `blog_article_detail` [ RunTime:0.0035s ]
SQL: SELECT ad.create_time,ad.title,ad.img_file,ad.id FROM blog_article_detail ad INNER JOIN blog_article_category AS ac ON ad.category_id = ac.id  WHERE ad.status = 1 ORDER BY create_time desc LIMIT 4   [ RunTime:0.0005s ]
SQL: SHOW COLUMNS FROM `blog_friend_link` [ RunTime:0.0039s ]
SQL: SELECT * FROM `blog_friend_link` WHERE ( status=1 AND index_show=1 )  [ RunTime:0.0003s ]
NOTIC: [2] Missing argument 1 for Home\Model\ArticleDetailModel::getCount(), called in C:\wamp\www\Blog2.0\Class\Home\Controller\IndexController.class.php on line 8 and defined C:\wamp\www\Blog2.0\Class\Home\Model\ArticleDetailModel.class.php 第 63 行.
NOTIC: [8] Undefined variable: category_id C:\wamp\www\Blog2.0\Class\Home\Model\ArticleDetailModel.class.php 第 64 行.
SQL: SELECT COUNT(*) AS tp_count FROM `blog_article_detail` WHERE `status` = 1 AND `category_id` > 0 LIMIT 1   [ RunTime:0.0005s ]
NOTIC: [2] Missing argument 1 for Home\Model\ArticleDetailModel::getDetail(), called in C:\wamp\www\Blog2.0\Class\Home\Controller\IndexController.class.php on line 9 and defined C:\wamp\www\Blog2.0\Class\Home\Model\ArticleDetailModel.class.php 第 6 行.
NOTIC: [8] Undefined variable: category_id C:\wamp\www\Blog2.0\Class\Home\Model\ArticleDetailModel.class.php 第 11 行.
NOTIC: [8] Undefined index: p C:\wamp\www\Blog2.0\Class\Home\Model\ArticleDetailModel.class.php 第 13 行.
SQL: SELECT ad.id,ad.title,ad.content,ad.hits,ad.img_file,ad.tags,ad.create_time,ad.update_time,ac.name AS category_name,ac.id AS cid FROM blog_article_detail ad INNER JOIN blog_article_category AS ac ON ad.category_id = ac.id  WHERE ad.status = 1 AND ad.category_id > 0 ORDER BY hits desc LIMIT 0,3   [ RunTime:0.0006s ]
INFO: [ view_parse ] --START--
INFO: [ template_filter ] --START--
INFO: Run Behavior\ContentReplaceBehavior [ RunTime:0.000200s ]
INFO: [ template_filter ] --END-- [ RunTime:0.000392s ]
INFO: Run Behavior\ParseTemplateBehavior [ RunTime:0.047112s ]
INFO: [ view_parse ] --END-- [ RunTime:0.047374s ]
INFO: [ view_filter ] --START--
INFO: Run Behavior\WriteHtmlCacheBehavior [ RunTime:0.000801s ]
INFO: [ view_filter ] --END-- [ RunTime:0.000993s ]
INFO: [ app_end ] --START--
INFO: Run Behavior\ShowPageTraceBehavior [ RunTime:0.001557s ]
INFO: [ app_end ] --END-- [ RunTime:0.001819s ]

[ 2016-04-09T16:19:16+08:00 ] 127.0.0.1 /Blog2.0/index.php?m=Home&c=Article&a=category&id=4
INFO: [ app_init ] --START--
INFO: Run Behavior\BuildLiteBehavior [ RunTime:0.000035s ]
INFO: [ app_init ] --END-- [ RunTime:0.000559s ]
INFO: [ app_begin ] --START--
INFO: Run Behavior\ReadHtmlCacheBehavior [ RunTime:0.000958s ]
INFO: Run Behavior\CheckLangBehavior [ RunTime:0.001623s ]
INFO: [ app_begin ] --END-- [ RunTime:0.002903s ]
SQL: SHOW COLUMNS FROM `blog_article_category` [ RunTime:0.0034s ]
NOTIC: [2] Missing argument 1 for Home\Model\ArticleCategoryModel::nav(), called in C:\wamp\www\Blog2.0\Class\Home\Controller\BaseController.class.php on line 7 and defined C:\wamp\www\Blog2.0\Class\Home\Model\ArticleCategoryModel.class.php 第 5 行.
NOTIC: [8] Undefined variable: data C:\wamp\www\Blog2.0\Class\Home\Model\ArticleCategoryModel.class.php 第 7 行.
SQL: SELECT `pid`,`id`,`name`,`index_show` FROM `blog_article_category` WHERE `status` = 1 AND `index_show` = 1  [ RunTime:0.0004s ]
SQL: SHOW COLUMNS FROM `blog_article_detail` [ RunTime:0.0039s ]
SQL: SELECT `create_time` FROM `blog_article_detail`  [ RunTime:0.0003s ]
SQL: SHOW COLUMNS FROM `blog_article_detail` [ RunTime:0.0034s ]
SQL: SELECT ad.create_time,ad.title,ad.img_file,ad.id FROM blog_article_detail ad INNER JOIN blog_article_category AS ac ON ad.category_id = ac.id  WHERE ad.status = 1 ORDER BY create_time desc LIMIT 4   [ RunTime:0.0005s ]
SQL: SHOW COLUMNS FROM `blog_friend_link` [ RunTime:0.0044s ]
SQL: SELECT * FROM `blog_friend_link` WHERE ( status=1 AND index_show=1 )  [ RunTime:0.0006s ]
NOTIC: [8] Undefined index: p C:\wamp\www\Blog2.0\Class\Home\Model\ArticleDetailModel.class.php 第 13 行.
SQL: SELECT ad.id,ad.title,ad.content,ad.hits,ad.img_file,ad.tags,ad.create_time,ad.update_time,ac.name AS category_name,ac.id AS cid FROM blog_article_detail ad INNER JOIN blog_article_category AS ac ON ad.category_id = ac.id  WHERE ad.status = 1 AND ad.category_id = '4' ORDER BY hits desc LIMIT 0,3   [ RunTime:0.0006s ]
NOTIC: [2] Invalid argument supplied for foreach() C:\wamp\www\Blog2.0\Class\Home\Model\ArticleDetailModel.class.php 第 15 行.
NOTIC: [8] Undefined variable: hour C:\wamp\www\Blog2.0\Class\Home\Model\ArticleDetailModel.class.php 第 21 行.
NOTIC: [2] Invalid argument supplied for foreach() C:\wamp\www\Blog2.0\Class\Home\Model\ArticleDetailModel.class.php 第 31 行.
NOTIC: [8] Undefined variable: arr C:\wamp\www\Blog2.0\Class\Home\Model\ArticleDetailModel.class.php 第 36 行.
NOTIC: [2] Invalid argument supplied for foreach() C:\wamp\www\Blog2.0\Class\Home\Model\ArticleDetailModel.class.php 第 22 行.
SQL: SELECT COUNT(*) AS tp_count FROM `blog_article_detail` WHERE `status` = 1 AND `category_id` = 4 LIMIT 1   [ RunTime:0.0003s ]
SQL: SHOW COLUMNS FROM `blog_article_category` [ RunTime:0.0038s ]
SQL: SELECT `pid` FROM `blog_article_category` WHERE `id` = 4 AND `status` = 1 LIMIT 1   [ RunTime:0.0004s ]
SQL: SELECT `name` FROM `blog_article_category` WHERE `id` = 0 AND `status` = 1 LIMIT 1   [ RunTime:0.0002s ]
INFO: [ view_parse ] --START--
INFO: [ template_filter ] --START--
INFO: Run Behavior\ContentReplaceBehavior [ RunTime:0.000192s ]
INFO: [ template_filter ] --END-- [ RunTime:0.000380s ]
INFO: Run Behavior\ParseTemplateBehavior [ RunTime:0.034771s ]
INFO: [ view_parse ] --END-- [ RunTime:0.034951s ]
INFO: [ view_filter ] --START--
INFO: Run Behavior\WriteHtmlCacheBehavior [ RunTime:0.000698s ]
INFO: [ view_filter ] --END-- [ RunTime:0.000844s ]
INFO: [ app_end ] --START--
INFO: Run Behavior\ShowPageTraceBehavior [ RunTime:0.001293s ]
INFO: [ app_end ] --END-- [ RunTime:0.001798s ]

