[ 2016-12-17T23:15:08+08:00 ] 127.0.0.1 /Blog2.0/
INFO: [ app_init ] --START--
INFO: Run Behavior\BuildLiteBehavior [ RunTime:0.000068s ]
INFO: [ app_init ] --END-- [ RunTime:0.064940s ]
INFO: [ app_begin ] --START--
INFO: Run Behavior\ReadHtmlCacheBehavior [ RunTime:0.001229s ]
INFO: Run Behavior\CheckLangBehavior [ RunTime:0.103562s ]
INFO: [ app_begin ] --END-- [ RunTime:0.105194s ]
SQL: SHOW COLUMNS FROM `blog_article_category` [ RunTime:0.2940s ]
NOTIC: [2] Missing argument 1 for Home\Model\ArticleCategoryModel::nav(), called in C:\wamp\www\Blog2.0\Class\Home\Controller\BaseController.class.php on line 7 and defined C:\wamp\www\Blog2.0\Class\Home\Model\ArticleCategoryModel.class.php 第 5 行.
NOTIC: [8] Undefined variable: data C:\wamp\www\Blog2.0\Class\Home\Model\ArticleCategoryModel.class.php 第 7 行.
SQL: SELECT `pid`,`id`,`name`,`index_show` FROM `blog_article_category` WHERE `status` = 1 AND `index_show` = 1  [ RunTime:0.0460s ]
SQL: SHOW COLUMNS FROM `blog_article_detail` [ RunTime:0.0468s ]
SQL: SELECT `create_time` FROM `blog_article_detail`  [ RunTime:0.0004s ]
SQL: SHOW COLUMNS FROM `blog_article_detail` [ RunTime:0.0063s ]
SQL: SELECT ad.create_time,ad.title,ad.img_file,ad.id FROM blog_article_detail ad INNER JOIN blog_article_category AS ac ON ad.category_id = ac.id  WHERE ad.status = 1 ORDER BY create_time desc LIMIT 4   [ RunTime:0.0503s ]
SQL: SHOW COLUMNS FROM `blog_friend_link` [ RunTime:0.0566s ]
SQL: SELECT * FROM `blog_friend_link` WHERE ( status=1 AND index_show=1 )  [ RunTime:0.0003s ]
NOTIC: [2] Missing argument 1 for Home\Model\ArticleDetailModel::getCount(), called in C:\wamp\www\Blog2.0\Class\Home\Controller\IndexController.class.php on line 8 and defined C:\wamp\www\Blog2.0\Class\Home\Model\ArticleDetailModel.class.php 第 63 行.
NOTIC: [8] Undefined variable: category_id C:\wamp\www\Blog2.0\Class\Home\Model\ArticleDetailModel.class.php 第 64 行.
SQL: SELECT COUNT(*) AS tp_count FROM `blog_article_detail` WHERE `status` = 1 AND `category_id` > 0 LIMIT 1   [ RunTime:0.0497s ]
NOTIC: [2] Missing argument 1 for Home\Model\ArticleDetailModel::getDetail(), called in C:\wamp\www\Blog2.0\Class\Home\Controller\IndexController.class.php on line 9 and defined C:\wamp\www\Blog2.0\Class\Home\Model\ArticleDetailModel.class.php 第 6 行.
NOTIC: [8] Undefined variable: category_id C:\wamp\www\Blog2.0\Class\Home\Model\ArticleDetailModel.class.php 第 11 行.
NOTIC: [8] Undefined index: p C:\wamp\www\Blog2.0\Class\Home\Model\ArticleDetailModel.class.php 第 13 行.
SQL: SELECT ad.id,ad.title,ad.content,ad.hits,ad.img_file,ad.tags,ad.create_time,ad.update_time,ac.name AS category_name,ac.id AS cid FROM blog_article_detail ad INNER JOIN blog_article_category AS ac ON ad.category_id = ac.id  WHERE ad.status = 1 AND ad.category_id > 0 ORDER BY hits desc LIMIT 0,3   [ RunTime:0.0037s ]
INFO: [ view_parse ] --START--
INFO: [ template_filter ] --START--
INFO: Run Behavior\ContentReplaceBehavior [ RunTime:0.000181s ]
INFO: [ template_filter ] --END-- [ RunTime:0.000363s ]
NOTIC: [8] Undefined variable: detail C:\wamp\www\Blog2.0\Class\Runtime\Cache\Home\019c94ce4980ea5b42b0fa88e5a3326f.php 第 77 行.
NOTIC: [8] Undefined variable: page C:\wamp\www\Blog2.0\Class\Runtime\Cache\Home\019c94ce4980ea5b42b0fa88e5a3326f.php 第 115 行.
INFO: Run Behavior\ParseTemplateBehavior [ RunTime:0.417004s ]
INFO: [ view_parse ] --END-- [ RunTime:0.417183s ]
INFO: [ view_filter ] --START--
INFO: Run Behavior\WriteHtmlCacheBehavior [ RunTime:0.001276s ]
INFO: [ view_filter ] --END-- [ RunTime:0.001456s ]
NOTIC: [2] Cannot modify header information - headers already sent by (output started at C:\wamp\www\Blog2.0\ThinkPHP\Library\Think\View.class.php:95) C:\wamp\www\Blog2.0\Class\Home\Controller\IndexController.class.php 第 14 行.
INFO: [ app_end ] --START--
INFO: Run Behavior\ShowPageTraceBehavior [ RunTime:0.006738s ]
INFO: [ app_end ] --END-- [ RunTime:0.007130s ]

[ 2016-12-17T23:15:14+08:00 ] 127.0.0.1 /Blog2.0/index.php?m=Home&c=Article&a=category&id=1
INFO: [ app_init ] --START--
INFO: Run Behavior\BuildLiteBehavior [ RunTime:0.000035s ]
INFO: [ app_init ] --END-- [ RunTime:0.000568s ]
INFO: [ app_begin ] --START--
INFO: Run Behavior\ReadHtmlCacheBehavior [ RunTime:0.000729s ]
INFO: Run Behavior\CheckLangBehavior [ RunTime:0.001285s ]
INFO: [ app_begin ] --END-- [ RunTime:0.002288s ]
SQL: SHOW COLUMNS FROM `blog_article_category` [ RunTime:0.0131s ]
NOTIC: [2] Missing argument 1 for Home\Model\ArticleCategoryModel::nav(), called in C:\wamp\www\Blog2.0\Class\Home\Controller\BaseController.class.php on line 7 and defined C:\wamp\www\Blog2.0\Class\Home\Model\ArticleCategoryModel.class.php 第 5 行.
NOTIC: [8] Undefined variable: data C:\wamp\www\Blog2.0\Class\Home\Model\ArticleCategoryModel.class.php 第 7 行.
SQL: SELECT `pid`,`id`,`name`,`index_show` FROM `blog_article_category` WHERE `status` = 1 AND `index_show` = 1  [ RunTime:0.0004s ]
SQL: SHOW COLUMNS FROM `blog_article_detail` [ RunTime:0.0089s ]
SQL: SELECT `create_time` FROM `blog_article_detail`  [ RunTime:0.0003s ]
SQL: SHOW COLUMNS FROM `blog_article_detail` [ RunTime:0.0061s ]
SQL: SELECT ad.create_time,ad.title,ad.img_file,ad.id FROM blog_article_detail ad INNER JOIN blog_article_category AS ac ON ad.category_id = ac.id  WHERE ad.status = 1 ORDER BY create_time desc LIMIT 4   [ RunTime:0.0004s ]
SQL: SHOW COLUMNS FROM `blog_friend_link` [ RunTime:0.0085s ]
SQL: SELECT * FROM `blog_friend_link` WHERE ( status=1 AND index_show=1 )  [ RunTime:0.0003s ]
NOTIC: [8] Undefined index: p C:\wamp\www\Blog2.0\Class\Home\Model\ArticleDetailModel.class.php 第 13 行.
SQL: SELECT ad.id,ad.title,ad.content,ad.hits,ad.img_file,ad.tags,ad.create_time,ad.update_time,ac.name AS category_name,ac.id AS cid FROM blog_article_detail ad INNER JOIN blog_article_category AS ac ON ad.category_id = ac.id  WHERE ad.status = 1 AND ad.category_id = '1' ORDER BY hits desc LIMIT 0,3   [ RunTime:0.0342s ]
SQL: SELECT COUNT(*) AS tp_count FROM `blog_article_detail` WHERE `status` = 1 AND `category_id` = 1 LIMIT 1   [ RunTime:0.0004s ]
SQL: SHOW COLUMNS FROM `blog_article_category` [ RunTime:0.0059s ]
SQL: SELECT `pid` FROM `blog_article_category` WHERE `id` = 1 AND `status` = 1 LIMIT 1   [ RunTime:0.0003s ]
SQL: SELECT `name` FROM `blog_article_category` WHERE `id` = 0 AND `status` = 1 LIMIT 1   [ RunTime:0.0002s ]
INFO: [ view_parse ] --START--
INFO: [ template_filter ] --START--
INFO: Run Behavior\ContentReplaceBehavior [ RunTime:0.000174s ]
INFO: [ template_filter ] --END-- [ RunTime:0.000344s ]
INFO: Run Behavior\ParseTemplateBehavior [ RunTime:0.195439s ]
INFO: [ view_parse ] --END-- [ RunTime:0.195623s ]
INFO: [ view_filter ] --START--
INFO: Run Behavior\WriteHtmlCacheBehavior [ RunTime:0.000709s ]
INFO: [ view_filter ] --END-- [ RunTime:0.000869s ]
INFO: [ app_end ] --START--
INFO: Run Behavior\ShowPageTraceBehavior [ RunTime:0.001549s ]
INFO: [ app_end ] --END-- [ RunTime:0.001810s ]

