[ 2016-12-30T22:13:11+08:00 ] 127.0.0.1 /Blog2.0/
INFO: [ app_init ] --START--
INFO: Run Behavior\BuildLiteBehavior [ RunTime:0.000064s ]
INFO: [ app_init ] --END-- [ RunTime:0.053571s ]
INFO: [ app_begin ] --START--
INFO: Run Behavior\ReadHtmlCacheBehavior [ RunTime:0.033132s ]
INFO: Run Behavior\CheckLangBehavior [ RunTime:0.101731s ]
INFO: [ app_begin ] --END-- [ RunTime:0.135266s ]
SQL: SHOW COLUMNS FROM `blog_article_category` [ RunTime:0.2036s ]
NOTIC: [2] Missing argument 1 for Home\Model\ArticleCategoryModel::nav(), called in C:\wamp\www\Blog2.0\Class\Home\Controller\BaseController.class.php on line 7 and defined C:\wamp\www\Blog2.0\Class\Home\Model\ArticleCategoryModel.class.php 第 5 行.
NOTIC: [8] Undefined variable: data C:\wamp\www\Blog2.0\Class\Home\Model\ArticleCategoryModel.class.php 第 7 行.
SQL: SELECT `pid`,`id`,`name`,`index_show` FROM `blog_article_category` WHERE `status` = 1 AND `index_show` = 1  [ RunTime:0.0457s ]
SQL: SHOW COLUMNS FROM `blog_article_detail` [ RunTime:0.0544s ]
SQL: SELECT `create_time` FROM `blog_article_detail`  [ RunTime:0.0004s ]
SQL: SHOW COLUMNS FROM `blog_article_detail` [ RunTime:0.0075s ]
SQL: SELECT ad.create_time,ad.title,ad.img_file,ad.id FROM blog_article_detail ad INNER JOIN blog_article_category AS ac ON ad.category_id = ac.id  WHERE ad.status = 1 ORDER BY create_time desc LIMIT 4   [ RunTime:0.0341s ]
SQL: SHOW COLUMNS FROM `blog_friend_link` [ RunTime:0.0539s ]
SQL: SELECT * FROM `blog_friend_link` WHERE ( status=1 AND index_show=1 )  [ RunTime:0.0004s ]
NOTIC: [2] Missing argument 1 for Home\Model\ArticleDetailModel::getCount(), called in C:\wamp\www\Blog2.0\Class\Home\Controller\IndexController.class.php on line 8 and defined C:\wamp\www\Blog2.0\Class\Home\Model\ArticleDetailModel.class.php 第 63 行.
NOTIC: [8] Undefined variable: category_id C:\wamp\www\Blog2.0\Class\Home\Model\ArticleDetailModel.class.php 第 64 行.
SQL: SELECT COUNT(*) AS tp_count FROM `blog_article_detail` WHERE `status` = 1 AND `category_id` > 0 LIMIT 1   [ RunTime:0.0495s ]
NOTIC: [2] Missing argument 1 for Home\Model\ArticleDetailModel::getDetail(), called in C:\wamp\www\Blog2.0\Class\Home\Controller\IndexController.class.php on line 9 and defined C:\wamp\www\Blog2.0\Class\Home\Model\ArticleDetailModel.class.php 第 6 行.
NOTIC: [8] Undefined variable: category_id C:\wamp\www\Blog2.0\Class\Home\Model\ArticleDetailModel.class.php 第 11 行.
NOTIC: [8] Undefined index: p C:\wamp\www\Blog2.0\Class\Home\Model\ArticleDetailModel.class.php 第 13 行.
SQL: SELECT ad.id,ad.title,ad.content,ad.hits,ad.img_file,ad.tags,ad.create_time,ad.update_time,ac.name AS category_name,ac.id AS cid FROM blog_article_detail ad INNER JOIN blog_article_category AS ac ON ad.category_id = ac.id  WHERE ad.status = 1 AND ad.category_id > 0 ORDER BY hits desc LIMIT 0,3   [ RunTime:0.0075s ]
INFO: [ view_parse ] --START--
INFO: [ template_filter ] --START--
INFO: Run Behavior\ContentReplaceBehavior [ RunTime:0.000221s ]
INFO: [ template_filter ] --END-- [ RunTime:0.000484s ]
NOTIC: [8] Undefined variable: detail C:\wamp\www\Blog2.0\Class\Runtime\Cache\Home\019c94ce4980ea5b42b0fa88e5a3326f.php 第 77 行.
NOTIC: [8] Undefined variable: page C:\wamp\www\Blog2.0\Class\Runtime\Cache\Home\019c94ce4980ea5b42b0fa88e5a3326f.php 第 115 行.
INFO: Run Behavior\ParseTemplateBehavior [ RunTime:0.632802s ]
INFO: [ view_parse ] --END-- [ RunTime:0.633011s ]
INFO: [ view_filter ] --START--
INFO: Run Behavior\WriteHtmlCacheBehavior [ RunTime:0.086830s ]
INFO: [ view_filter ] --END-- [ RunTime:0.087207s ]
NOTIC: [2] Cannot modify header information - headers already sent by (output started at C:\wamp\www\Blog2.0\ThinkPHP\Library\Think\View.class.php:95) C:\wamp\www\Blog2.0\Class\Home\Controller\IndexController.class.php 第 14 行.
INFO: [ app_end ] --START--
INFO: Run Behavior\ShowPageTraceBehavior [ RunTime:0.054451s ]
INFO: [ app_end ] --END-- [ RunTime:0.054781s ]

[ 2016-12-30T22:13:45+08:00 ] 127.0.0.1 /Blog2.0/index.php?m=Home&c=Article&a=category&id=1
INFO: [ app_init ] --START--
INFO: Run Behavior\BuildLiteBehavior [ RunTime:0.000034s ]
INFO: [ app_init ] --END-- [ RunTime:0.000546s ]
INFO: [ app_begin ] --START--
INFO: Run Behavior\ReadHtmlCacheBehavior [ RunTime:0.000716s ]
INFO: Run Behavior\CheckLangBehavior [ RunTime:0.001333s ]
INFO: [ app_begin ] --END-- [ RunTime:0.002301s ]
SQL: SHOW COLUMNS FROM `blog_article_category` [ RunTime:0.0130s ]
NOTIC: [2] Missing argument 1 for Home\Model\ArticleCategoryModel::nav(), called in C:\wamp\www\Blog2.0\Class\Home\Controller\BaseController.class.php on line 7 and defined C:\wamp\www\Blog2.0\Class\Home\Model\ArticleCategoryModel.class.php 第 5 行.
NOTIC: [8] Undefined variable: data C:\wamp\www\Blog2.0\Class\Home\Model\ArticleCategoryModel.class.php 第 7 行.
SQL: SELECT `pid`,`id`,`name`,`index_show` FROM `blog_article_category` WHERE `status` = 1 AND `index_show` = 1  [ RunTime:0.0005s ]
SQL: SHOW COLUMNS FROM `blog_article_detail` [ RunTime:0.0099s ]
SQL: SELECT `create_time` FROM `blog_article_detail`  [ RunTime:0.0004s ]
SQL: SHOW COLUMNS FROM `blog_article_detail` [ RunTime:0.0074s ]
SQL: SELECT ad.create_time,ad.title,ad.img_file,ad.id FROM blog_article_detail ad INNER JOIN blog_article_category AS ac ON ad.category_id = ac.id  WHERE ad.status = 1 ORDER BY create_time desc LIMIT 4   [ RunTime:0.0005s ]
SQL: SHOW COLUMNS FROM `blog_friend_link` [ RunTime:0.0098s ]
SQL: SELECT * FROM `blog_friend_link` WHERE ( status=1 AND index_show=1 )  [ RunTime:0.0005s ]
NOTIC: [8] Undefined index: p C:\wamp\www\Blog2.0\Class\Home\Model\ArticleDetailModel.class.php 第 13 行.
SQL: SELECT ad.id,ad.title,ad.content,ad.hits,ad.img_file,ad.tags,ad.create_time,ad.update_time,ac.name AS category_name,ac.id AS cid FROM blog_article_detail ad INNER JOIN blog_article_category AS ac ON ad.category_id = ac.id  WHERE ad.status = 1 AND ad.category_id = '1' ORDER BY hits desc LIMIT 0,3   [ RunTime:0.0091s ]
SQL: SELECT COUNT(*) AS tp_count FROM `blog_article_detail` WHERE `status` = 1 AND `category_id` = 1 LIMIT 1   [ RunTime:0.0004s ]
SQL: SHOW COLUMNS FROM `blog_article_category` [ RunTime:0.0064s ]
SQL: SELECT `pid` FROM `blog_article_category` WHERE `id` = 1 AND `status` = 1 LIMIT 1   [ RunTime:0.0004s ]
SQL: SELECT `name` FROM `blog_article_category` WHERE `id` = 0 AND `status` = 1 LIMIT 1   [ RunTime:0.0003s ]
INFO: [ view_parse ] --START--
INFO: [ template_filter ] --START--
INFO: Run Behavior\ContentReplaceBehavior [ RunTime:0.000173s ]
INFO: [ template_filter ] --END-- [ RunTime:0.000355s ]
INFO: Run Behavior\ParseTemplateBehavior [ RunTime:0.205196s ]
INFO: [ view_parse ] --END-- [ RunTime:0.205383s ]
INFO: [ view_filter ] --START--
INFO: Run Behavior\WriteHtmlCacheBehavior [ RunTime:0.000730s ]
INFO: [ view_filter ] --END-- [ RunTime:0.000923s ]
INFO: [ app_end ] --START--
INFO: Run Behavior\ShowPageTraceBehavior [ RunTime:0.001716s ]
INFO: [ app_end ] --END-- [ RunTime:0.002259s ]

[ 2016-12-30T22:29:08+08:00 ] 127.0.0.1 /Blog2.0/
INFO: [ app_init ] --START--
INFO: Run Behavior\BuildLiteBehavior [ RunTime:0.000033s ]
INFO: [ app_init ] --END-- [ RunTime:0.000572s ]
INFO: [ app_begin ] --START--
INFO: Run Behavior\ReadHtmlCacheBehavior [ RunTime:0.000703s ]
INFO: Run Behavior\CheckLangBehavior [ RunTime:0.001545s ]
INFO: [ app_begin ] --END-- [ RunTime:0.002583s ]
SQL: SHOW COLUMNS FROM `blog_article_category` [ RunTime:0.0132s ]
NOTIC: [2] Missing argument 1 for Home\Model\ArticleCategoryModel::nav(), called in C:\wamp\www\Blog2.0\Class\Home\Controller\BaseController.class.php on line 7 and defined C:\wamp\www\Blog2.0\Class\Home\Model\ArticleCategoryModel.class.php 第 5 行.
NOTIC: [8] Undefined variable: data C:\wamp\www\Blog2.0\Class\Home\Model\ArticleCategoryModel.class.php 第 7 行.
SQL: SELECT `pid`,`id`,`name`,`index_show` FROM `blog_article_category` WHERE `status` = 1 AND `index_show` = 1  [ RunTime:0.0004s ]
SQL: SHOW COLUMNS FROM `blog_article_detail` [ RunTime:0.0125s ]
SQL: SELECT `create_time` FROM `blog_article_detail`  [ RunTime:0.0003s ]
SQL: SHOW COLUMNS FROM `blog_article_detail` [ RunTime:0.0059s ]
SQL: SELECT ad.create_time,ad.title,ad.img_file,ad.id FROM blog_article_detail ad INNER JOIN blog_article_category AS ac ON ad.category_id = ac.id  WHERE ad.status = 1 ORDER BY create_time desc LIMIT 4   [ RunTime:0.0008s ]
SQL: SHOW COLUMNS FROM `blog_friend_link` [ RunTime:0.0092s ]
SQL: SELECT * FROM `blog_friend_link` WHERE ( status=1 AND index_show=1 )  [ RunTime:0.0004s ]
NOTIC: [2] Missing argument 1 for Home\Model\ArticleDetailModel::getCount(), called in C:\wamp\www\Blog2.0\Class\Home\Controller\IndexController.class.php on line 8 and defined C:\wamp\www\Blog2.0\Class\Home\Model\ArticleDetailModel.class.php 第 63 行.
NOTIC: [8] Undefined variable: category_id C:\wamp\www\Blog2.0\Class\Home\Model\ArticleDetailModel.class.php 第 64 行.
SQL: SELECT COUNT(*) AS tp_count FROM `blog_article_detail` WHERE `status` = 1 AND `category_id` > 0 LIMIT 1   [ RunTime:0.0003s ]
NOTIC: [2] Missing argument 1 for Home\Model\ArticleDetailModel::getDetail(), called in C:\wamp\www\Blog2.0\Class\Home\Controller\IndexController.class.php on line 9 and defined C:\wamp\www\Blog2.0\Class\Home\Model\ArticleDetailModel.class.php 第 6 行.
NOTIC: [8] Undefined variable: category_id C:\wamp\www\Blog2.0\Class\Home\Model\ArticleDetailModel.class.php 第 11 行.
NOTIC: [8] Undefined index: p C:\wamp\www\Blog2.0\Class\Home\Model\ArticleDetailModel.class.php 第 13 行.
SQL: SELECT ad.id,ad.title,ad.content,ad.hits,ad.img_file,ad.tags,ad.create_time,ad.update_time,ac.name AS category_name,ac.id AS cid FROM blog_article_detail ad INNER JOIN blog_article_category AS ac ON ad.category_id = ac.id  WHERE ad.status = 1 AND ad.category_id > 0 ORDER BY hits desc LIMIT 0,3   [ RunTime:0.0007s ]
INFO: [ view_parse ] --START--
INFO: [ template_filter ] --START--
INFO: Run Behavior\ContentReplaceBehavior [ RunTime:0.000187s ]
INFO: [ template_filter ] --END-- [ RunTime:0.000378s ]
NOTIC: [8] Undefined variable: detail C:\wamp\www\Blog2.0\Class\Runtime\Cache\Home\019c94ce4980ea5b42b0fa88e5a3326f.php 第 77 行.
NOTIC: [8] Undefined variable: page C:\wamp\www\Blog2.0\Class\Runtime\Cache\Home\019c94ce4980ea5b42b0fa88e5a3326f.php 第 115 行.
INFO: Run Behavior\ParseTemplateBehavior [ RunTime:0.190496s ]
INFO: [ view_parse ] --END-- [ RunTime:0.190675s ]
INFO: [ view_filter ] --START--
INFO: Run Behavior\WriteHtmlCacheBehavior [ RunTime:0.000703s ]
INFO: [ view_filter ] --END-- [ RunTime:0.000865s ]
NOTIC: [2] Cannot modify header information - headers already sent by (output started at C:\wamp\www\Blog2.0\ThinkPHP\Library\Think\View.class.php:95) C:\wamp\www\Blog2.0\Class\Home\Controller\IndexController.class.php 第 14 行.
INFO: [ app_end ] --START--
INFO: Run Behavior\ShowPageTraceBehavior [ RunTime:0.001265s ]
INFO: [ app_end ] --END-- [ RunTime:0.001444s ]

[ 2016-12-30T22:29:10+08:00 ] 127.0.0.1 /Blog2.0/index.php?m=Home&c=Article&a=category&id=2
INFO: [ app_init ] --START--
INFO: Run Behavior\BuildLiteBehavior [ RunTime:0.000033s ]
INFO: [ app_init ] --END-- [ RunTime:0.000546s ]
INFO: [ app_begin ] --START--
INFO: Run Behavior\ReadHtmlCacheBehavior [ RunTime:0.000618s ]
INFO: Run Behavior\CheckLangBehavior [ RunTime:0.001285s ]
INFO: [ app_begin ] --END-- [ RunTime:0.002193s ]
SQL: SHOW COLUMNS FROM `blog_article_category` [ RunTime:0.0138s ]
NOTIC: [2] Missing argument 1 for Home\Model\ArticleCategoryModel::nav(), called in C:\wamp\www\Blog2.0\Class\Home\Controller\BaseController.class.php on line 7 and defined C:\wamp\www\Blog2.0\Class\Home\Model\ArticleCategoryModel.class.php 第 5 行.
NOTIC: [8] Undefined variable: data C:\wamp\www\Blog2.0\Class\Home\Model\ArticleCategoryModel.class.php 第 7 行.
SQL: SELECT `pid`,`id`,`name`,`index_show` FROM `blog_article_category` WHERE `status` = 1 AND `index_show` = 1  [ RunTime:0.0005s ]
SQL: SHOW COLUMNS FROM `blog_article_detail` [ RunTime:0.0104s ]
SQL: SELECT `create_time` FROM `blog_article_detail`  [ RunTime:0.0004s ]
SQL: SHOW COLUMNS FROM `blog_article_detail` [ RunTime:0.0068s ]
SQL: SELECT ad.create_time,ad.title,ad.img_file,ad.id FROM blog_article_detail ad INNER JOIN blog_article_category AS ac ON ad.category_id = ac.id  WHERE ad.status = 1 ORDER BY create_time desc LIMIT 4   [ RunTime:0.0005s ]
SQL: SHOW COLUMNS FROM `blog_friend_link` [ RunTime:0.0090s ]
SQL: SELECT * FROM `blog_friend_link` WHERE ( status=1 AND index_show=1 )  [ RunTime:0.0004s ]
NOTIC: [8] Undefined index: p C:\wamp\www\Blog2.0\Class\Home\Model\ArticleDetailModel.class.php 第 13 行.
SQL: SELECT ad.id,ad.title,ad.content,ad.hits,ad.img_file,ad.tags,ad.create_time,ad.update_time,ac.name AS category_name,ac.id AS cid FROM blog_article_detail ad INNER JOIN blog_article_category AS ac ON ad.category_id = ac.id  WHERE ad.status = 1 AND ad.category_id = '2' ORDER BY hits desc LIMIT 0,3   [ RunTime:0.0004s ]
NOTIC: [2] Invalid argument supplied for foreach() C:\wamp\www\Blog2.0\Class\Home\Model\ArticleDetailModel.class.php 第 15 行.
NOTIC: [8] Undefined variable: hour C:\wamp\www\Blog2.0\Class\Home\Model\ArticleDetailModel.class.php 第 21 行.
NOTIC: [2] Invalid argument supplied for foreach() C:\wamp\www\Blog2.0\Class\Home\Model\ArticleDetailModel.class.php 第 31 行.
NOTIC: [8] Undefined variable: arr C:\wamp\www\Blog2.0\Class\Home\Model\ArticleDetailModel.class.php 第 36 行.
NOTIC: [2] Invalid argument supplied for foreach() C:\wamp\www\Blog2.0\Class\Home\Model\ArticleDetailModel.class.php 第 22 行.
SQL: SELECT COUNT(*) AS tp_count FROM `blog_article_detail` WHERE `status` = 1 AND `category_id` = 2 LIMIT 1   [ RunTime:0.0004s ]
SQL: SHOW COLUMNS FROM `blog_article_category` [ RunTime:0.0071s ]
SQL: SELECT `pid` FROM `blog_article_category` WHERE `id` = 2 AND `status` = 1 LIMIT 1   [ RunTime:0.0003s ]
SQL: SELECT `name` FROM `blog_article_category` WHERE `id` = 0 AND `status` = 1 LIMIT 1   [ RunTime:0.0002s ]
INFO: [ view_parse ] --START--
INFO: [ template_filter ] --START--
INFO: Run Behavior\ContentReplaceBehavior [ RunTime:0.000190s ]
INFO: [ template_filter ] --END-- [ RunTime:0.000411s ]
INFO: Run Behavior\ParseTemplateBehavior [ RunTime:0.174659s ]
INFO: [ view_parse ] --END-- [ RunTime:0.174843s ]
INFO: [ view_filter ] --START--
INFO: Run Behavior\WriteHtmlCacheBehavior [ RunTime:0.000728s ]
INFO: [ view_filter ] --END-- [ RunTime:0.000893s ]
INFO: [ app_end ] --START--
INFO: Run Behavior\ShowPageTraceBehavior [ RunTime:0.001439s ]
INFO: [ app_end ] --END-- [ RunTime:0.001720s ]

[ 2016-12-30T22:29:58+08:00 ] 127.0.0.1 /Blog2.0/index.php
INFO: [ app_init ] --START--
INFO: Run Behavior\BuildLiteBehavior [ RunTime:0.000036s ]
INFO: [ app_init ] --END-- [ RunTime:0.000548s ]
INFO: [ app_begin ] --START--
INFO: Run Behavior\ReadHtmlCacheBehavior [ RunTime:0.000637s ]
INFO: Run Behavior\CheckLangBehavior [ RunTime:0.001248s ]
INFO: [ app_begin ] --END-- [ RunTime:0.002186s ]
SQL: SHOW COLUMNS FROM `blog_article_category` [ RunTime:0.0300s ]
NOTIC: [2] Missing argument 1 for Home\Model\ArticleCategoryModel::nav(), called in C:\wamp\www\Blog2.0\Class\Home\Controller\BaseController.class.php on line 7 and defined C:\wamp\www\Blog2.0\Class\Home\Model\ArticleCategoryModel.class.php 第 5 行.
NOTIC: [8] Undefined variable: data C:\wamp\www\Blog2.0\Class\Home\Model\ArticleCategoryModel.class.php 第 7 行.
SQL: SELECT `pid`,`id`,`name`,`index_show` FROM `blog_article_category` WHERE `status` = 1 AND `index_show` = 1  [ RunTime:0.0004s ]
SQL: SHOW COLUMNS FROM `blog_article_detail` [ RunTime:0.0785s ]
SQL: SELECT `create_time` FROM `blog_article_detail`  [ RunTime:0.0003s ]
SQL: SHOW COLUMNS FROM `blog_article_detail` [ RunTime:0.0058s ]
SQL: SELECT ad.create_time,ad.title,ad.img_file,ad.id FROM blog_article_detail ad INNER JOIN blog_article_category AS ac ON ad.category_id = ac.id  WHERE ad.status = 1 ORDER BY create_time desc LIMIT 4   [ RunTime:0.0005s ]
SQL: SHOW COLUMNS FROM `blog_friend_link` [ RunTime:0.0091s ]
SQL: SELECT * FROM `blog_friend_link` WHERE ( status=1 AND index_show=1 )  [ RunTime:0.0004s ]
NOTIC: [2] Missing argument 1 for Home\Model\ArticleDetailModel::getCount(), called in C:\wamp\www\Blog2.0\Class\Home\Controller\IndexController.class.php on line 8 and defined C:\wamp\www\Blog2.0\Class\Home\Model\ArticleDetailModel.class.php 第 63 行.
NOTIC: [8] Undefined variable: category_id C:\wamp\www\Blog2.0\Class\Home\Model\ArticleDetailModel.class.php 第 64 行.
SQL: SELECT COUNT(*) AS tp_count FROM `blog_article_detail` WHERE `status` = 1 AND `category_id` > 0 LIMIT 1   [ RunTime:0.0003s ]
NOTIC: [2] Missing argument 1 for Home\Model\ArticleDetailModel::getDetail(), called in C:\wamp\www\Blog2.0\Class\Home\Controller\IndexController.class.php on line 9 and defined C:\wamp\www\Blog2.0\Class\Home\Model\ArticleDetailModel.class.php 第 6 行.
NOTIC: [8] Undefined variable: category_id C:\wamp\www\Blog2.0\Class\Home\Model\ArticleDetailModel.class.php 第 11 行.
NOTIC: [8] Undefined index: p C:\wamp\www\Blog2.0\Class\Home\Model\ArticleDetailModel.class.php 第 13 行.
SQL: SELECT ad.id,ad.title,ad.content,ad.hits,ad.img_file,ad.tags,ad.create_time,ad.update_time,ac.name AS category_name,ac.id AS cid FROM blog_article_detail ad INNER JOIN blog_article_category AS ac ON ad.category_id = ac.id  WHERE ad.status = 1 AND ad.category_id > 0 ORDER BY hits desc LIMIT 0,3   [ RunTime:0.0005s ]
INFO: [ view_parse ] --START--
INFO: [ template_filter ] --START--
INFO: Run Behavior\ContentReplaceBehavior [ RunTime:0.000166s ]
INFO: [ template_filter ] --END-- [ RunTime:0.000334s ]
NOTIC: [8] Undefined variable: detail C:\wamp\www\Blog2.0\Class\Runtime\Cache\Home\019c94ce4980ea5b42b0fa88e5a3326f.php 第 77 行.
NOTIC: [8] Undefined variable: page C:\wamp\www\Blog2.0\Class\Runtime\Cache\Home\019c94ce4980ea5b42b0fa88e5a3326f.php 第 115 行.
INFO: Run Behavior\ParseTemplateBehavior [ RunTime:0.175596s ]
INFO: [ view_parse ] --END-- [ RunTime:0.175767s ]
INFO: [ view_filter ] --START--
INFO: Run Behavior\WriteHtmlCacheBehavior [ RunTime:0.000815s ]
INFO: [ view_filter ] --END-- [ RunTime:0.001225s ]
NOTIC: [2] Cannot modify header information - headers already sent by (output started at C:\wamp\www\Blog2.0\ThinkPHP\Library\Think\View.class.php:95) C:\wamp\www\Blog2.0\Class\Home\Controller\IndexController.class.php 第 14 行.
INFO: [ app_end ] --START--
INFO: Run Behavior\ShowPageTraceBehavior [ RunTime:0.001324s ]
INFO: [ app_end ] --END-- [ RunTime:0.001649s ]

[ 2016-12-30T22:30:28+08:00 ] 127.0.0.1 /Blog2.0/index.php?m=Home&c=Index&a=index
INFO: [ app_init ] --START--
INFO: Run Behavior\BuildLiteBehavior [ RunTime:0.000033s ]
INFO: [ app_init ] --END-- [ RunTime:0.000492s ]
INFO: [ app_begin ] --START--
INFO: Run Behavior\ReadHtmlCacheBehavior [ RunTime:0.000607s ]
INFO: Run Behavior\CheckLangBehavior [ RunTime:0.001492s ]
INFO: [ app_begin ] --END-- [ RunTime:0.002399s ]
SQL: SHOW COLUMNS FROM `blog_article_category` [ RunTime:0.0125s ]
NOTIC: [2] Missing argument 1 for Home\Model\ArticleCategoryModel::nav(), called in C:\wamp\www\Blog2.0\Class\Home\Controller\BaseController.class.php on line 7 and defined C:\wamp\www\Blog2.0\Class\Home\Model\ArticleCategoryModel.class.php 第 5 行.
NOTIC: [8] Undefined variable: data C:\wamp\www\Blog2.0\Class\Home\Model\ArticleCategoryModel.class.php 第 7 行.
SQL: SELECT `pid`,`id`,`name`,`index_show` FROM `blog_article_category` WHERE `status` = 1 AND `index_show` = 1  [ RunTime:0.0004s ]
SQL: SHOW COLUMNS FROM `blog_article_detail` [ RunTime:0.0186s ]
SQL: SELECT `create_time` FROM `blog_article_detail`  [ RunTime:0.0003s ]
SQL: SHOW COLUMNS FROM `blog_article_detail` [ RunTime:0.0059s ]
SQL: SELECT ad.create_time,ad.title,ad.img_file,ad.id FROM blog_article_detail ad INNER JOIN blog_article_category AS ac ON ad.category_id = ac.id  WHERE ad.status = 1 ORDER BY create_time desc LIMIT 4   [ RunTime:0.0005s ]
SQL: SHOW COLUMNS FROM `blog_friend_link` [ RunTime:0.0092s ]
SQL: SELECT * FROM `blog_friend_link` WHERE ( status=1 AND index_show=1 )  [ RunTime:0.0003s ]
NOTIC: [2] Missing argument 1 for Home\Model\ArticleDetailModel::getCount(), called in C:\wamp\www\Blog2.0\Class\Home\Controller\IndexController.class.php on line 8 and defined C:\wamp\www\Blog2.0\Class\Home\Model\ArticleDetailModel.class.php 第 63 行.
NOTIC: [8] Undefined variable: category_id C:\wamp\www\Blog2.0\Class\Home\Model\ArticleDetailModel.class.php 第 64 行.
SQL: SELECT COUNT(*) AS tp_count FROM `blog_article_detail` WHERE `status` = 1 AND `category_id` > 0 LIMIT 1   [ RunTime:0.0003s ]
NOTIC: [2] Missing argument 1 for Home\Model\ArticleDetailModel::getDetail(), called in C:\wamp\www\Blog2.0\Class\Home\Controller\IndexController.class.php on line 9 and defined C:\wamp\www\Blog2.0\Class\Home\Model\ArticleDetailModel.class.php 第 6 行.
NOTIC: [8] Undefined variable: category_id C:\wamp\www\Blog2.0\Class\Home\Model\ArticleDetailModel.class.php 第 11 行.
NOTIC: [8] Undefined index: p C:\wamp\www\Blog2.0\Class\Home\Model\ArticleDetailModel.class.php 第 13 行.
SQL: SELECT ad.id,ad.title,ad.content,ad.hits,ad.img_file,ad.tags,ad.create_time,ad.update_time,ac.name AS category_name,ac.id AS cid FROM blog_article_detail ad INNER JOIN blog_article_category AS ac ON ad.category_id = ac.id  WHERE ad.status = 1 AND ad.category_id > 0 ORDER BY hits desc LIMIT 0,3   [ RunTime:0.0006s ]
INFO: [ view_parse ] --START--
INFO: [ template_filter ] --START--
INFO: Run Behavior\ContentReplaceBehavior [ RunTime:0.000187s ]
INFO: [ template_filter ] --END-- [ RunTime:0.000367s ]
NOTIC: [8] Undefined variable: detail C:\wamp\www\Blog2.0\Class\Runtime\Cache\Home\019c94ce4980ea5b42b0fa88e5a3326f.php 第 77 行.
NOTIC: [8] Undefined variable: page C:\wamp\www\Blog2.0\Class\Runtime\Cache\Home\019c94ce4980ea5b42b0fa88e5a3326f.php 第 115 行.
INFO: Run Behavior\ParseTemplateBehavior [ RunTime:0.180754s ]
INFO: [ view_parse ] --END-- [ RunTime:0.180933s ]
INFO: [ view_filter ] --START--
INFO: Run Behavior\WriteHtmlCacheBehavior [ RunTime:0.000620s ]
INFO: [ view_filter ] --END-- [ RunTime:0.000785s ]
NOTIC: [2] Cannot modify header information - headers already sent by (output started at C:\wamp\www\Blog2.0\ThinkPHP\Library\Think\View.class.php:95) C:\wamp\www\Blog2.0\Class\Home\Controller\IndexController.class.php 第 14 行.
INFO: [ app_end ] --START--
INFO: Run Behavior\ShowPageTraceBehavior [ RunTime:0.002126s ]
INFO: [ app_end ] --END-- [ RunTime:0.002720s ]

[ 2016-12-30T22:30:33+08:00 ] 127.0.0.1 /Blog2.0/index.php?m=Home&c=Article&a=category&id=1
INFO: [ app_init ] --START--
INFO: Run Behavior\BuildLiteBehavior [ RunTime:0.000035s ]
INFO: [ app_init ] --END-- [ RunTime:0.000522s ]
INFO: [ app_begin ] --START--
INFO: Run Behavior\ReadHtmlCacheBehavior [ RunTime:0.000569s ]
INFO: Run Behavior\CheckLangBehavior [ RunTime:0.001567s ]
INFO: [ app_begin ] --END-- [ RunTime:0.002399s ]
SQL: SHOW COLUMNS FROM `blog_article_category` [ RunTime:0.0168s ]
NOTIC: [2] Missing argument 1 for Home\Model\ArticleCategoryModel::nav(), called in C:\wamp\www\Blog2.0\Class\Home\Controller\BaseController.class.php on line 7 and defined C:\wamp\www\Blog2.0\Class\Home\Model\ArticleCategoryModel.class.php 第 5 行.
NOTIC: [8] Undefined variable: data C:\wamp\www\Blog2.0\Class\Home\Model\ArticleCategoryModel.class.php 第 7 行.
SQL: SELECT `pid`,`id`,`name`,`index_show` FROM `blog_article_category` WHERE `status` = 1 AND `index_show` = 1  [ RunTime:0.0004s ]
SQL: SHOW COLUMNS FROM `blog_article_detail` [ RunTime:0.0094s ]
SQL: SELECT `create_time` FROM `blog_article_detail`  [ RunTime:0.0003s ]
SQL: SHOW COLUMNS FROM `blog_article_detail` [ RunTime:0.0062s ]
SQL: SELECT ad.create_time,ad.title,ad.img_file,ad.id FROM blog_article_detail ad INNER JOIN blog_article_category AS ac ON ad.category_id = ac.id  WHERE ad.status = 1 ORDER BY create_time desc LIMIT 4   [ RunTime:0.0005s ]
SQL: SHOW COLUMNS FROM `blog_friend_link` [ RunTime:0.0090s ]
SQL: SELECT * FROM `blog_friend_link` WHERE ( status=1 AND index_show=1 )  [ RunTime:0.0004s ]
NOTIC: [8] Undefined index: p C:\wamp\www\Blog2.0\Class\Home\Model\ArticleDetailModel.class.php 第 13 行.
SQL: SELECT ad.id,ad.title,ad.content,ad.hits,ad.img_file,ad.tags,ad.create_time,ad.update_time,ac.name AS category_name,ac.id AS cid FROM blog_article_detail ad INNER JOIN blog_article_category AS ac ON ad.category_id = ac.id  WHERE ad.status = 1 AND ad.category_id = '1' ORDER BY hits desc LIMIT 0,3   [ RunTime:0.0004s ]
SQL: SELECT COUNT(*) AS tp_count FROM `blog_article_detail` WHERE `status` = 1 AND `category_id` = 1 LIMIT 1   [ RunTime:0.0003s ]
SQL: SHOW COLUMNS FROM `blog_article_category` [ RunTime:0.0063s ]
SQL: SELECT `pid` FROM `blog_article_category` WHERE `id` = 1 AND `status` = 1 LIMIT 1   [ RunTime:0.0003s ]
SQL: SELECT `name` FROM `blog_article_category` WHERE `id` = 0 AND `status` = 1 LIMIT 1   [ RunTime:0.0002s ]
INFO: [ view_parse ] --START--
INFO: [ template_filter ] --START--
INFO: Run Behavior\ContentReplaceBehavior [ RunTime:0.000175s ]
INFO: [ template_filter ] --END-- [ RunTime:0.000341s ]
INFO: Run Behavior\ParseTemplateBehavior [ RunTime:0.176579s ]
INFO: [ view_parse ] --END-- [ RunTime:0.176790s ]
INFO: [ view_filter ] --START--
INFO: Run Behavior\WriteHtmlCacheBehavior [ RunTime:0.000683s ]
INFO: [ view_filter ] --END-- [ RunTime:0.000886s ]
INFO: [ app_end ] --START--
INFO: Run Behavior\ShowPageTraceBehavior [ RunTime:0.001622s ]
INFO: [ app_end ] --END-- [ RunTime:0.001894s ]

[ 2016-12-30T22:30:41+08:00 ] 127.0.0.1 /Blog2.0/index.php?m=Home&c=Article&a=detail&id=6
INFO: [ app_init ] --START--
INFO: Run Behavior\BuildLiteBehavior [ RunTime:0.000041s ]
INFO: [ app_init ] --END-- [ RunTime:0.000538s ]
INFO: [ app_begin ] --START--
INFO: Run Behavior\ReadHtmlCacheBehavior [ RunTime:0.000589s ]
INFO: Run Behavior\CheckLangBehavior [ RunTime:0.001517s ]
INFO: [ app_begin ] --END-- [ RunTime:0.002390s ]
SQL: SHOW COLUMNS FROM `blog_article_category` [ RunTime:0.0129s ]
NOTIC: [2] Missing argument 1 for Home\Model\ArticleCategoryModel::nav(), called in C:\wamp\www\Blog2.0\Class\Home\Controller\BaseController.class.php on line 7 and defined C:\wamp\www\Blog2.0\Class\Home\Model\ArticleCategoryModel.class.php 第 5 行.
NOTIC: [8] Undefined variable: data C:\wamp\www\Blog2.0\Class\Home\Model\ArticleCategoryModel.class.php 第 7 行.
SQL: SELECT `pid`,`id`,`name`,`index_show` FROM `blog_article_category` WHERE `status` = 1 AND `index_show` = 1  [ RunTime:0.0004s ]
SQL: SHOW COLUMNS FROM `blog_article_detail` [ RunTime:0.0098s ]
SQL: SELECT `create_time` FROM `blog_article_detail`  [ RunTime:0.0003s ]
SQL: SHOW COLUMNS FROM `blog_article_detail` [ RunTime:0.0058s ]
SQL: SELECT ad.create_time,ad.title,ad.img_file,ad.id FROM blog_article_detail ad INNER JOIN blog_article_category AS ac ON ad.category_id = ac.id  WHERE ad.status = 1 ORDER BY create_time desc LIMIT 4   [ RunTime:0.0004s ]
SQL: SHOW COLUMNS FROM `blog_friend_link` [ RunTime:0.0098s ]
SQL: SELECT * FROM `blog_friend_link` WHERE ( status=1 AND index_show=1 )  [ RunTime:0.0004s ]
SQL: SELECT COUNT(*) AS tp_count FROM `blog_article_detail` WHERE `id` < '6' ORDER BY id asc LIMIT 1   [ RunTime:0.0003s ]
SQL: SELECT d.id,d.title,d.content,d.hits,d.img_file,d.tags,d.create_time,d.update_time,c.pid as c_pid,c.name as category_name FROM blog_article_detail d INNER JOIN blog_article_category AS c ON d.category_id=c.id  ORDER BY id asc LIMIT 4,3   [ RunTime:0.0004s ]
SQL: SHOW COLUMNS FROM `blog_article_category` [ RunTime:0.0060s ]
SQL: SELECT `id`,`name` FROM `blog_article_category` WHERE `status` = 1 ORDER BY id asc  [ RunTime:0.0004s ]
INFO: [ view_parse ] --START--
INFO: [ template_filter ] --START--
INFO: Run Behavior\ContentReplaceBehavior [ RunTime:0.000174s ]
INFO: [ template_filter ] --END-- [ RunTime:0.000338s ]
NOTIC: [8] Undefined index: c_name C:\wamp\www\Blog2.0\Class\Runtime\Cache\Home\8351dab5c2bad2814199f5300e452414.php 第 73 行.
NOTIC: [8] Use of undefined constant create_time - assumed 'create_time' C:\wamp\www\Blog2.0\Class\Runtime\Cache\Home\8351dab5c2bad2814199f5300e452414.php 第 84 行.
INFO: Run Behavior\ParseTemplateBehavior [ RunTime:0.311369s ]
INFO: [ view_parse ] --END-- [ RunTime:0.311550s ]
INFO: [ view_filter ] --START--
INFO: Run Behavior\WriteHtmlCacheBehavior [ RunTime:0.000516s ]
INFO: [ view_filter ] --END-- [ RunTime:0.000685s ]
NOTIC: [2] Cannot modify header information - headers already sent by (output started at C:\wamp\www\Blog2.0\ThinkPHP\Common\functions.php:848) C:\wamp\www\Blog2.0\ThinkPHP\Library\Think\View.class.php 第 91 行.
NOTIC: [2] Cannot modify header information - headers already sent by (output started at C:\wamp\www\Blog2.0\ThinkPHP\Common\functions.php:848) C:\wamp\www\Blog2.0\ThinkPHP\Library\Think\View.class.php 第 92 行.
NOTIC: [2] Cannot modify header information - headers already sent by (output started at C:\wamp\www\Blog2.0\ThinkPHP\Common\functions.php:848) C:\wamp\www\Blog2.0\ThinkPHP\Library\Think\View.class.php 第 93 行.
INFO: [ app_end ] --START--
INFO: Run Behavior\ShowPageTraceBehavior [ RunTime:0.001266s ]
INFO: [ app_end ] --END-- [ RunTime:0.001690s ]

[ 2016-12-30T22:30:58+08:00 ] 127.0.0.1 /Blog2.0/index.php?m=Home&c=Article&a=detail&id=3
INFO: [ app_init ] --START--
INFO: Run Behavior\BuildLiteBehavior [ RunTime:0.000036s ]
INFO: [ app_init ] --END-- [ RunTime:0.000565s ]
INFO: [ app_begin ] --START--
INFO: Run Behavior\ReadHtmlCacheBehavior [ RunTime:0.000694s ]
INFO: Run Behavior\CheckLangBehavior [ RunTime:0.001504s ]
INFO: [ app_begin ] --END-- [ RunTime:0.002484s ]
SQL: SHOW COLUMNS FROM `blog_article_category` [ RunTime:0.0130s ]
NOTIC: [2] Missing argument 1 for Home\Model\ArticleCategoryModel::nav(), called in C:\wamp\www\Blog2.0\Class\Home\Controller\BaseController.class.php on line 7 and defined C:\wamp\www\Blog2.0\Class\Home\Model\ArticleCategoryModel.class.php 第 5 行.
NOTIC: [8] Undefined variable: data C:\wamp\www\Blog2.0\Class\Home\Model\ArticleCategoryModel.class.php 第 7 行.
SQL: SELECT `pid`,`id`,`name`,`index_show` FROM `blog_article_category` WHERE `status` = 1 AND `index_show` = 1  [ RunTime:0.0004s ]
SQL: SHOW COLUMNS FROM `blog_article_detail` [ RunTime:0.0092s ]
SQL: SELECT `create_time` FROM `blog_article_detail`  [ RunTime:0.0003s ]
SQL: SHOW COLUMNS FROM `blog_article_detail` [ RunTime:0.0066s ]
SQL: SELECT ad.create_time,ad.title,ad.img_file,ad.id FROM blog_article_detail ad INNER JOIN blog_article_category AS ac ON ad.category_id = ac.id  WHERE ad.status = 1 ORDER BY create_time desc LIMIT 4   [ RunTime:0.0005s ]
SQL: SHOW COLUMNS FROM `blog_friend_link` [ RunTime:0.0107s ]
SQL: SELECT * FROM `blog_friend_link` WHERE ( status=1 AND index_show=1 )  [ RunTime:0.0004s ]
SQL: SELECT COUNT(*) AS tp_count FROM `blog_article_detail` WHERE `id` < '3' ORDER BY id asc LIMIT 1   [ RunTime:0.0004s ]
SQL: SELECT d.id,d.title,d.content,d.hits,d.img_file,d.tags,d.create_time,d.update_time,c.pid as c_pid,c.name as category_name FROM blog_article_detail d INNER JOIN blog_article_category AS c ON d.category_id=c.id  ORDER BY id asc LIMIT 1,3   [ RunTime:0.0004s ]
SQL: SHOW COLUMNS FROM `blog_article_category` [ RunTime:0.0064s ]
SQL: SELECT `id`,`name` FROM `blog_article_category` WHERE `status` = 1 ORDER BY id asc  [ RunTime:0.0003s ]
INFO: [ view_parse ] --START--
INFO: [ template_filter ] --START--
INFO: Run Behavior\ContentReplaceBehavior [ RunTime:0.000206s ]
INFO: [ template_filter ] --END-- [ RunTime:0.000401s ]
NOTIC: [8] Undefined index: c_name C:\wamp\www\Blog2.0\Class\Runtime\Cache\Home\8351dab5c2bad2814199f5300e452414.php 第 73 行.
NOTIC: [8] Use of undefined constant create_time - assumed 'create_time' C:\wamp\www\Blog2.0\Class\Runtime\Cache\Home\8351dab5c2bad2814199f5300e452414.php 第 84 行.
INFO: Run Behavior\ParseTemplateBehavior [ RunTime:0.238625s ]
INFO: [ view_parse ] --END-- [ RunTime:0.238892s ]
INFO: [ view_filter ] --START--
INFO: Run Behavior\WriteHtmlCacheBehavior [ RunTime:0.000721s ]
INFO: [ view_filter ] --END-- [ RunTime:0.000955s ]
NOTIC: [2] Cannot modify header information - headers already sent by (output started at C:\wamp\www\Blog2.0\ThinkPHP\Common\functions.php:848) C:\wamp\www\Blog2.0\ThinkPHP\Library\Think\View.class.php 第 91 行.
NOTIC: [2] Cannot modify header information - headers already sent by (output started at C:\wamp\www\Blog2.0\ThinkPHP\Common\functions.php:848) C:\wamp\www\Blog2.0\ThinkPHP\Library\Think\View.class.php 第 92 行.
NOTIC: [2] Cannot modify header information - headers already sent by (output started at C:\wamp\www\Blog2.0\ThinkPHP\Common\functions.php:848) C:\wamp\www\Blog2.0\ThinkPHP\Library\Think\View.class.php 第 93 行.
INFO: [ app_end ] --START--
INFO: Run Behavior\ShowPageTraceBehavior [ RunTime:0.002619s ]
INFO: [ app_end ] --END-- [ RunTime:0.003010s ]

[ 2016-12-30T22:31:03+08:00 ] 127.0.0.1 /Blog2.0/index.php?m=Home&c=Article&a=detail&id=2
INFO: [ app_init ] --START--
INFO: Run Behavior\BuildLiteBehavior [ RunTime:0.000046s ]
INFO: [ app_init ] --END-- [ RunTime:0.000552s ]
INFO: [ app_begin ] --START--
INFO: Run Behavior\ReadHtmlCacheBehavior [ RunTime:0.000734s ]
INFO: Run Behavior\CheckLangBehavior [ RunTime:0.001547s ]
INFO: [ app_begin ] --END-- [ RunTime:0.002600s ]
SQL: SHOW COLUMNS FROM `blog_article_category` [ RunTime:0.0725s ]
NOTIC: [2] Missing argument 1 for Home\Model\ArticleCategoryModel::nav(), called in C:\wamp\www\Blog2.0\Class\Home\Controller\BaseController.class.php on line 7 and defined C:\wamp\www\Blog2.0\Class\Home\Model\ArticleCategoryModel.class.php 第 5 行.
NOTIC: [8] Undefined variable: data C:\wamp\www\Blog2.0\Class\Home\Model\ArticleCategoryModel.class.php 第 7 行.
SQL: SELECT `pid`,`id`,`name`,`index_show` FROM `blog_article_category` WHERE `status` = 1 AND `index_show` = 1  [ RunTime:0.0004s ]
SQL: SHOW COLUMNS FROM `blog_article_detail` [ RunTime:0.0090s ]
SQL: SELECT `create_time` FROM `blog_article_detail`  [ RunTime:0.0004s ]
SQL: SHOW COLUMNS FROM `blog_article_detail` [ RunTime:0.0070s ]
SQL: SELECT ad.create_time,ad.title,ad.img_file,ad.id FROM blog_article_detail ad INNER JOIN blog_article_category AS ac ON ad.category_id = ac.id  WHERE ad.status = 1 ORDER BY create_time desc LIMIT 4   [ RunTime:0.0004s ]
SQL: SHOW COLUMNS FROM `blog_friend_link` [ RunTime:0.0088s ]
SQL: SELECT * FROM `blog_friend_link` WHERE ( status=1 AND index_show=1 )  [ RunTime:0.0004s ]
SQL: SELECT COUNT(*) AS tp_count FROM `blog_article_detail` WHERE `id` < '2' ORDER BY id asc LIMIT 1   [ RunTime:0.0003s ]
SQL: SELECT d.id,d.title,d.content,d.hits,d.img_file,d.tags,d.create_time,d.update_time,c.pid as c_pid,c.name as category_name FROM blog_article_detail d INNER JOIN blog_article_category AS c ON d.category_id=c.id  ORDER BY id asc LIMIT 0,3   [ RunTime:0.0004s ]
SQL: SHOW COLUMNS FROM `blog_article_category` [ RunTime:0.0060s ]
SQL: SELECT `id`,`name` FROM `blog_article_category` WHERE `status` = 1 ORDER BY id asc  [ RunTime:0.0004s ]
INFO: [ view_parse ] --START--
INFO: [ template_filter ] --START--
INFO: Run Behavior\ContentReplaceBehavior [ RunTime:0.000186s ]
INFO: [ template_filter ] --END-- [ RunTime:0.000366s ]
NOTIC: [8] Undefined index: c_name C:\wamp\www\Blog2.0\Class\Runtime\Cache\Home\8351dab5c2bad2814199f5300e452414.php 第 73 行.
NOTIC: [8] Use of undefined constant create_time - assumed 'create_time' C:\wamp\www\Blog2.0\Class\Runtime\Cache\Home\8351dab5c2bad2814199f5300e452414.php 第 84 行.
INFO: Run Behavior\ParseTemplateBehavior [ RunTime:0.239414s ]
INFO: [ view_parse ] --END-- [ RunTime:0.239590s ]
INFO: [ view_filter ] --START--
INFO: Run Behavior\WriteHtmlCacheBehavior [ RunTime:0.000558s ]
INFO: [ view_filter ] --END-- [ RunTime:0.000707s ]
NOTIC: [2] Cannot modify header information - headers already sent by (output started at C:\wamp\www\Blog2.0\ThinkPHP\Common\functions.php:848) C:\wamp\www\Blog2.0\ThinkPHP\Library\Think\View.class.php 第 91 行.
NOTIC: [2] Cannot modify header information - headers already sent by (output started at C:\wamp\www\Blog2.0\ThinkPHP\Common\functions.php:848) C:\wamp\www\Blog2.0\ThinkPHP\Library\Think\View.class.php 第 92 行.
NOTIC: [2] Cannot modify header information - headers already sent by (output started at C:\wamp\www\Blog2.0\ThinkPHP\Common\functions.php:848) C:\wamp\www\Blog2.0\ThinkPHP\Library\Think\View.class.php 第 93 行.
INFO: [ app_end ] --START--
INFO: Run Behavior\ShowPageTraceBehavior [ RunTime:0.002383s ]
INFO: [ app_end ] --END-- [ RunTime:0.002750s ]

[ 2016-12-30T22:31:07+08:00 ] 127.0.0.1 /Blog2.0/index.php?m=Home&c=Article&a=category&id=1&p=2
INFO: [ app_init ] --START--
INFO: Run Behavior\BuildLiteBehavior [ RunTime:0.000034s ]
INFO: [ app_init ] --END-- [ RunTime:0.000502s ]
INFO: [ app_begin ] --START--
INFO: Run Behavior\ReadHtmlCacheBehavior [ RunTime:0.000573s ]
INFO: Run Behavior\CheckLangBehavior [ RunTime:0.001698s ]
INFO: [ app_begin ] --END-- [ RunTime:0.002575s ]
SQL: SHOW COLUMNS FROM `blog_article_category` [ RunTime:0.0119s ]
NOTIC: [2] Missing argument 1 for Home\Model\ArticleCategoryModel::nav(), called in C:\wamp\www\Blog2.0\Class\Home\Controller\BaseController.class.php on line 7 and defined C:\wamp\www\Blog2.0\Class\Home\Model\ArticleCategoryModel.class.php 第 5 行.
NOTIC: [8] Undefined variable: data C:\wamp\www\Blog2.0\Class\Home\Model\ArticleCategoryModel.class.php 第 7 行.
SQL: SELECT `pid`,`id`,`name`,`index_show` FROM `blog_article_category` WHERE `status` = 1 AND `index_show` = 1  [ RunTime:0.0004s ]
SQL: SHOW COLUMNS FROM `blog_article_detail` [ RunTime:0.0093s ]
SQL: SELECT `create_time` FROM `blog_article_detail`  [ RunTime:0.0004s ]
SQL: SHOW COLUMNS FROM `blog_article_detail` [ RunTime:0.0058s ]
SQL: SELECT ad.create_time,ad.title,ad.img_file,ad.id FROM blog_article_detail ad INNER JOIN blog_article_category AS ac ON ad.category_id = ac.id  WHERE ad.status = 1 ORDER BY create_time desc LIMIT 4   [ RunTime:0.0004s ]
SQL: SHOW COLUMNS FROM `blog_friend_link` [ RunTime:0.0086s ]
SQL: SELECT * FROM `blog_friend_link` WHERE ( status=1 AND index_show=1 )  [ RunTime:0.0004s ]
SQL: SELECT ad.id,ad.title,ad.content,ad.hits,ad.img_file,ad.tags,ad.create_time,ad.update_time,ac.name AS category_name,ac.id AS cid FROM blog_article_detail ad INNER JOIN blog_article_category AS ac ON ad.category_id = ac.id  WHERE ad.status = 1 AND ad.category_id = '1' ORDER BY hits desc LIMIT 3,3   [ RunTime:0.0005s ]
SQL: SELECT COUNT(*) AS tp_count FROM `blog_article_detail` WHERE `status` = 1 AND `category_id` = 1 LIMIT 1   [ RunTime:0.0004s ]
SQL: SHOW COLUMNS FROM `blog_article_category` [ RunTime:0.0058s ]
SQL: SELECT `pid` FROM `blog_article_category` WHERE `id` = 1 AND `status` = 1 LIMIT 1   [ RunTime:0.0003s ]
SQL: SELECT `name` FROM `blog_article_category` WHERE `id` = 0 AND `status` = 1 LIMIT 1   [ RunTime:0.0002s ]
INFO: [ view_parse ] --START--
INFO: [ template_filter ] --START--
INFO: Run Behavior\ContentReplaceBehavior [ RunTime:0.000191s ]
INFO: [ template_filter ] --END-- [ RunTime:0.000374s ]
INFO: Run Behavior\ParseTemplateBehavior [ RunTime:0.182529s ]
INFO: [ view_parse ] --END-- [ RunTime:0.182711s ]
INFO: [ view_filter ] --START--
INFO: Run Behavior\WriteHtmlCacheBehavior [ RunTime:0.000615s ]
INFO: [ view_filter ] --END-- [ RunTime:0.000779s ]
INFO: [ app_end ] --START--
INFO: Run Behavior\ShowPageTraceBehavior [ RunTime:0.001315s ]
INFO: [ app_end ] --END-- [ RunTime:0.001521s ]

[ 2016-12-30T22:31:09+08:00 ] 127.0.0.1 /Blog2.0/index.php?m=Home&c=Article&a=detail&id=1
INFO: [ app_init ] --START--
INFO: Run Behavior\BuildLiteBehavior [ RunTime:0.000034s ]
INFO: [ app_init ] --END-- [ RunTime:0.000583s ]
INFO: [ app_begin ] --START--
INFO: Run Behavior\ReadHtmlCacheBehavior [ RunTime:0.000708s ]
INFO: Run Behavior\CheckLangBehavior [ RunTime:0.001258s ]
INFO: [ app_begin ] --END-- [ RunTime:0.002215s ]
SQL: SHOW COLUMNS FROM `blog_article_category` [ RunTime:0.0129s ]
NOTIC: [2] Missing argument 1 for Home\Model\ArticleCategoryModel::nav(), called in C:\wamp\www\Blog2.0\Class\Home\Controller\BaseController.class.php on line 7 and defined C:\wamp\www\Blog2.0\Class\Home\Model\ArticleCategoryModel.class.php 第 5 行.
NOTIC: [8] Undefined variable: data C:\wamp\www\Blog2.0\Class\Home\Model\ArticleCategoryModel.class.php 第 7 行.
SQL: SELECT `pid`,`id`,`name`,`index_show` FROM `blog_article_category` WHERE `status` = 1 AND `index_show` = 1  [ RunTime:0.0004s ]
SQL: SHOW COLUMNS FROM `blog_article_detail` [ RunTime:0.0096s ]
SQL: SELECT `create_time` FROM `blog_article_detail`  [ RunTime:0.0003s ]
SQL: SHOW COLUMNS FROM `blog_article_detail` [ RunTime:0.0058s ]
SQL: SELECT ad.create_time,ad.title,ad.img_file,ad.id FROM blog_article_detail ad INNER JOIN blog_article_category AS ac ON ad.category_id = ac.id  WHERE ad.status = 1 ORDER BY create_time desc LIMIT 4   [ RunTime:0.0004s ]
SQL: SHOW COLUMNS FROM `blog_friend_link` [ RunTime:0.0089s ]
SQL: SELECT * FROM `blog_friend_link` WHERE ( status=1 AND index_show=1 )  [ RunTime:0.0003s ]
SQL: SELECT COUNT(*) AS tp_count FROM `blog_article_detail` WHERE `id` < '1' ORDER BY id asc LIMIT 1   [ RunTime:0.0003s ]
SQL: SELECT d.id,d.title,d.content,d.hits,d.img_file,d.tags,d.create_time,d.update_time,c.pid as c_pid,c.name as category_name FROM blog_article_detail d INNER JOIN blog_article_category AS c ON d.category_id=c.id  ORDER BY id asc LIMIT 0,4   [ RunTime:0.0003s ]
SQL: SHOW COLUMNS FROM `blog_article_category` [ RunTime:0.0058s ]
SQL: SELECT `id`,`name` FROM `blog_article_category` WHERE `status` = 1 ORDER BY id asc  [ RunTime:0.0003s ]
INFO: [ view_parse ] --START--
INFO: [ template_filter ] --START--
INFO: Run Behavior\ContentReplaceBehavior [ RunTime:0.000216s ]
INFO: [ template_filter ] --END-- [ RunTime:0.000385s ]
NOTIC: [8] Undefined index: c_name C:\wamp\www\Blog2.0\Class\Runtime\Cache\Home\8351dab5c2bad2814199f5300e452414.php 第 73 行.
NOTIC: [8] Use of undefined constant create_time - assumed 'create_time' C:\wamp\www\Blog2.0\Class\Runtime\Cache\Home\8351dab5c2bad2814199f5300e452414.php 第 84 行.
INFO: Run Behavior\ParseTemplateBehavior [ RunTime:0.233634s ]
INFO: [ view_parse ] --END-- [ RunTime:0.233820s ]
INFO: [ view_filter ] --START--
INFO: Run Behavior\WriteHtmlCacheBehavior [ RunTime:0.000686s ]
INFO: [ view_filter ] --END-- [ RunTime:0.000905s ]
INFO: [ app_end ] --START--
INFO: Run Behavior\ShowPageTraceBehavior [ RunTime:0.001795s ]
INFO: [ app_end ] --END-- [ RunTime:0.002393s ]

[ 2016-12-30T22:31:14+08:00 ] 127.0.0.1 /Blog2.0/index.php?m=Home&c=Article&a=category&id=2
INFO: [ app_init ] --START--
INFO: Run Behavior\BuildLiteBehavior [ RunTime:0.000058s ]
INFO: [ app_init ] --END-- [ RunTime:0.000809s ]
INFO: [ app_begin ] --START--
INFO: Run Behavior\ReadHtmlCacheBehavior [ RunTime:0.000854s ]
INFO: Run Behavior\CheckLangBehavior [ RunTime:0.002058s ]
INFO: [ app_begin ] --END-- [ RunTime:0.003341s ]
SQL: SHOW COLUMNS FROM `blog_article_category` [ RunTime:0.0806s ]
NOTIC: [2] Missing argument 1 for Home\Model\ArticleCategoryModel::nav(), called in C:\wamp\www\Blog2.0\Class\Home\Controller\BaseController.class.php on line 7 and defined C:\wamp\www\Blog2.0\Class\Home\Model\ArticleCategoryModel.class.php 第 5 行.
NOTIC: [8] Undefined variable: data C:\wamp\www\Blog2.0\Class\Home\Model\ArticleCategoryModel.class.php 第 7 行.
SQL: SELECT `pid`,`id`,`name`,`index_show` FROM `blog_article_category` WHERE `status` = 1 AND `index_show` = 1  [ RunTime:0.0005s ]
SQL: SHOW COLUMNS FROM `blog_article_detail` [ RunTime:0.0093s ]
SQL: SELECT `create_time` FROM `blog_article_detail`  [ RunTime:0.0003s ]
SQL: SHOW COLUMNS FROM `blog_article_detail` [ RunTime:0.0056s ]
SQL: SELECT ad.create_time,ad.title,ad.img_file,ad.id FROM blog_article_detail ad INNER JOIN blog_article_category AS ac ON ad.category_id = ac.id  WHERE ad.status = 1 ORDER BY create_time desc LIMIT 4   [ RunTime:0.0005s ]
SQL: SHOW COLUMNS FROM `blog_friend_link` [ RunTime:0.0099s ]
SQL: SELECT * FROM `blog_friend_link` WHERE ( status=1 AND index_show=1 )  [ RunTime:0.0004s ]
NOTIC: [8] Undefined index: p C:\wamp\www\Blog2.0\Class\Home\Model\ArticleDetailModel.class.php 第 13 行.
SQL: SELECT ad.id,ad.title,ad.content,ad.hits,ad.img_file,ad.tags,ad.create_time,ad.update_time,ac.name AS category_name,ac.id AS cid FROM blog_article_detail ad INNER JOIN blog_article_category AS ac ON ad.category_id = ac.id  WHERE ad.status = 1 AND ad.category_id = '2' ORDER BY hits desc LIMIT 0,3   [ RunTime:0.0007s ]
NOTIC: [2] Invalid argument supplied for foreach() C:\wamp\www\Blog2.0\Class\Home\Model\ArticleDetailModel.class.php 第 15 行.
NOTIC: [8] Undefined variable: hour C:\wamp\www\Blog2.0\Class\Home\Model\ArticleDetailModel.class.php 第 21 行.
NOTIC: [2] Invalid argument supplied for foreach() C:\wamp\www\Blog2.0\Class\Home\Model\ArticleDetailModel.class.php 第 31 行.
NOTIC: [8] Undefined variable: arr C:\wamp\www\Blog2.0\Class\Home\Model\ArticleDetailModel.class.php 第 36 行.
NOTIC: [2] Invalid argument supplied for foreach() C:\wamp\www\Blog2.0\Class\Home\Model\ArticleDetailModel.class.php 第 22 行.
SQL: SELECT COUNT(*) AS tp_count FROM `blog_article_detail` WHERE `status` = 1 AND `category_id` = 2 LIMIT 1   [ RunTime:0.0005s ]
SQL: SHOW COLUMNS FROM `blog_article_category` [ RunTime:0.0065s ]
SQL: SELECT `pid` FROM `blog_article_category` WHERE `id` = 2 AND `status` = 1 LIMIT 1   [ RunTime:0.0003s ]
SQL: SELECT `name` FROM `blog_article_category` WHERE `id` = 0 AND `status` = 1 LIMIT 1   [ RunTime:0.0002s ]
INFO: [ view_parse ] --START--
INFO: [ template_filter ] --START--
INFO: Run Behavior\ContentReplaceBehavior [ RunTime:0.000195s ]
INFO: [ template_filter ] --END-- [ RunTime:0.000384s ]
INFO: Run Behavior\ParseTemplateBehavior [ RunTime:0.183066s ]
INFO: [ view_parse ] --END-- [ RunTime:0.183246s ]
INFO: [ view_filter ] --START--
INFO: Run Behavior\WriteHtmlCacheBehavior [ RunTime:0.000640s ]
INFO: [ view_filter ] --END-- [ RunTime:0.000818s ]
INFO: [ app_end ] --START--
INFO: Run Behavior\ShowPageTraceBehavior [ RunTime:0.001827s ]
INFO: [ app_end ] --END-- [ RunTime:0.002114s ]

[ 2016-12-30T22:31:24+08:00 ] 127.0.0.1 /Blog2.0/index.php?m=Home&c=Article&a=category&id=10
INFO: [ app_init ] --START--
INFO: Run Behavior\BuildLiteBehavior [ RunTime:0.000038s ]
INFO: [ app_init ] --END-- [ RunTime:0.000649s ]
INFO: [ app_begin ] --START--
INFO: Run Behavior\ReadHtmlCacheBehavior [ RunTime:0.000768s ]
INFO: Run Behavior\CheckLangBehavior [ RunTime:0.001412s ]
INFO: [ app_begin ] --END-- [ RunTime:0.002452s ]
SQL: SHOW COLUMNS FROM `blog_article_category` [ RunTime:0.0166s ]
NOTIC: [2] Missing argument 1 for Home\Model\ArticleCategoryModel::nav(), called in C:\wamp\www\Blog2.0\Class\Home\Controller\BaseController.class.php on line 7 and defined C:\wamp\www\Blog2.0\Class\Home\Model\ArticleCategoryModel.class.php 第 5 行.
NOTIC: [8] Undefined variable: data C:\wamp\www\Blog2.0\Class\Home\Model\ArticleCategoryModel.class.php 第 7 行.
SQL: SELECT `pid`,`id`,`name`,`index_show` FROM `blog_article_category` WHERE `status` = 1 AND `index_show` = 1  [ RunTime:0.0004s ]
SQL: SHOW COLUMNS FROM `blog_article_detail` [ RunTime:0.0092s ]
SQL: SELECT `create_time` FROM `blog_article_detail`  [ RunTime:0.0004s ]
SQL: SHOW COLUMNS FROM `blog_article_detail` [ RunTime:0.0059s ]
SQL: SELECT ad.create_time,ad.title,ad.img_file,ad.id FROM blog_article_detail ad INNER JOIN blog_article_category AS ac ON ad.category_id = ac.id  WHERE ad.status = 1 ORDER BY create_time desc LIMIT 4   [ RunTime:0.0005s ]
SQL: SHOW COLUMNS FROM `blog_friend_link` [ RunTime:0.0103s ]
SQL: SELECT * FROM `blog_friend_link` WHERE ( status=1 AND index_show=1 )  [ RunTime:0.0004s ]
NOTIC: [8] Undefined index: p C:\wamp\www\Blog2.0\Class\Home\Model\ArticleDetailModel.class.php 第 13 行.
SQL: SELECT ad.id,ad.title,ad.content,ad.hits,ad.img_file,ad.tags,ad.create_time,ad.update_time,ac.name AS category_name,ac.id AS cid FROM blog_article_detail ad INNER JOIN blog_article_category AS ac ON ad.category_id = ac.id  WHERE ad.status = 1 AND ad.category_id = '10' ORDER BY hits desc LIMIT 0,3   [ RunTime:0.0004s ]
NOTIC: [2] Invalid argument supplied for foreach() C:\wamp\www\Blog2.0\Class\Home\Model\ArticleDetailModel.class.php 第 15 行.
NOTIC: [8] Undefined variable: hour C:\wamp\www\Blog2.0\Class\Home\Model\ArticleDetailModel.class.php 第 21 行.
NOTIC: [2] Invalid argument supplied for foreach() C:\wamp\www\Blog2.0\Class\Home\Model\ArticleDetailModel.class.php 第 31 行.
NOTIC: [8] Undefined variable: arr C:\wamp\www\Blog2.0\Class\Home\Model\ArticleDetailModel.class.php 第 36 行.
NOTIC: [2] Invalid argument supplied for foreach() C:\wamp\www\Blog2.0\Class\Home\Model\ArticleDetailModel.class.php 第 22 行.
SQL: SELECT COUNT(*) AS tp_count FROM `blog_article_detail` WHERE `status` = 1 AND `category_id` = 10 LIMIT 1   [ RunTime:0.0003s ]
SQL: SHOW COLUMNS FROM `blog_article_category` [ RunTime:0.0056s ]
SQL: SELECT `pid` FROM `blog_article_category` WHERE `id` = 10 AND `status` = 1 LIMIT 1   [ RunTime:0.0003s ]
SQL: SELECT `name` FROM `blog_article_category` WHERE `id` = 5 AND `status` = 1 LIMIT 1   [ RunTime:0.0004s ]
INFO: [ view_parse ] --START--
INFO: [ template_filter ] --START--
INFO: Run Behavior\ContentReplaceBehavior [ RunTime:0.000196s ]
INFO: [ template_filter ] --END-- [ RunTime:0.000374s ]
INFO: Run Behavior\ParseTemplateBehavior [ RunTime:0.185517s ]
INFO: [ view_parse ] --END-- [ RunTime:0.185710s ]
INFO: [ view_filter ] --START--
INFO: Run Behavior\WriteHtmlCacheBehavior [ RunTime:0.000605s ]
INFO: [ view_filter ] --END-- [ RunTime:0.000766s ]
INFO: [ app_end ] --START--
INFO: Run Behavior\ShowPageTraceBehavior [ RunTime:0.001599s ]
INFO: [ app_end ] --END-- [ RunTime:0.002075s ]

[ 2016-12-30T22:31:25+08:00 ] 127.0.0.1 /Blog2.0/index.php?m=Home&c=Article&a=category&id=29
INFO: [ app_init ] --START--
INFO: Run Behavior\BuildLiteBehavior [ RunTime:0.000037s ]
INFO: [ app_init ] --END-- [ RunTime:0.000634s ]
INFO: [ app_begin ] --START--
INFO: Run Behavior\ReadHtmlCacheBehavior [ RunTime:0.000578s ]
INFO: Run Behavior\CheckLangBehavior [ RunTime:0.001431s ]
INFO: [ app_begin ] --END-- [ RunTime:0.002280s ]
SQL: SHOW COLUMNS FROM `blog_article_category` [ RunTime:0.0128s ]
NOTIC: [2] Missing argument 1 for Home\Model\ArticleCategoryModel::nav(), called in C:\wamp\www\Blog2.0\Class\Home\Controller\BaseController.class.php on line 7 and defined C:\wamp\www\Blog2.0\Class\Home\Model\ArticleCategoryModel.class.php 第 5 行.
NOTIC: [8] Undefined variable: data C:\wamp\www\Blog2.0\Class\Home\Model\ArticleCategoryModel.class.php 第 7 行.
SQL: SELECT `pid`,`id`,`name`,`index_show` FROM `blog_article_category` WHERE `status` = 1 AND `index_show` = 1  [ RunTime:0.0005s ]
SQL: SHOW COLUMNS FROM `blog_article_detail` [ RunTime:0.0736s ]
SQL: SELECT `create_time` FROM `blog_article_detail`  [ RunTime:0.0003s ]
SQL: SHOW COLUMNS FROM `blog_article_detail` [ RunTime:0.0059s ]
SQL: SELECT ad.create_time,ad.title,ad.img_file,ad.id FROM blog_article_detail ad INNER JOIN blog_article_category AS ac ON ad.category_id = ac.id  WHERE ad.status = 1 ORDER BY create_time desc LIMIT 4   [ RunTime:0.0007s ]
SQL: SHOW COLUMNS FROM `blog_friend_link` [ RunTime:0.0091s ]
SQL: SELECT * FROM `blog_friend_link` WHERE ( status=1 AND index_show=1 )  [ RunTime:0.0004s ]
NOTIC: [8] Undefined index: p C:\wamp\www\Blog2.0\Class\Home\Model\ArticleDetailModel.class.php 第 13 行.
SQL: SELECT ad.id,ad.title,ad.content,ad.hits,ad.img_file,ad.tags,ad.create_time,ad.update_time,ac.name AS category_name,ac.id AS cid FROM blog_article_detail ad INNER JOIN blog_article_category AS ac ON ad.category_id = ac.id  WHERE ad.status = 1 AND ad.category_id = '29' ORDER BY hits desc LIMIT 0,3   [ RunTime:0.0005s ]
NOTIC: [2] Invalid argument supplied for foreach() C:\wamp\www\Blog2.0\Class\Home\Model\ArticleDetailModel.class.php 第 15 行.
NOTIC: [8] Undefined variable: hour C:\wamp\www\Blog2.0\Class\Home\Model\ArticleDetailModel.class.php 第 21 行.
NOTIC: [2] Invalid argument supplied for foreach() C:\wamp\www\Blog2.0\Class\Home\Model\ArticleDetailModel.class.php 第 31 行.
NOTIC: [8] Undefined variable: arr C:\wamp\www\Blog2.0\Class\Home\Model\ArticleDetailModel.class.php 第 36 行.
NOTIC: [2] Invalid argument supplied for foreach() C:\wamp\www\Blog2.0\Class\Home\Model\ArticleDetailModel.class.php 第 22 行.
SQL: SELECT COUNT(*) AS tp_count FROM `blog_article_detail` WHERE `status` = 1 AND `category_id` = 29 LIMIT 1   [ RunTime:0.0003s ]
SQL: SHOW COLUMNS FROM `blog_article_category` [ RunTime:0.0065s ]
SQL: SELECT `pid` FROM `blog_article_category` WHERE `id` = 29 AND `status` = 1 LIMIT 1   [ RunTime:0.0003s ]
SQL: SELECT `name` FROM `blog_article_category` WHERE `id` = 0 AND `status` = 1 LIMIT 1   [ RunTime:0.0002s ]
INFO: [ view_parse ] --START--
INFO: [ template_filter ] --START--
INFO: Run Behavior\ContentReplaceBehavior [ RunTime:0.000192s ]
INFO: [ template_filter ] --END-- [ RunTime:0.000377s ]
INFO: Run Behavior\ParseTemplateBehavior [ RunTime:0.177135s ]
INFO: [ view_parse ] --END-- [ RunTime:0.177320s ]
INFO: [ view_filter ] --START--
INFO: Run Behavior\WriteHtmlCacheBehavior [ RunTime:0.000492s ]
INFO: [ view_filter ] --END-- [ RunTime:0.000643s ]
INFO: [ app_end ] --START--
INFO: Run Behavior\ShowPageTraceBehavior [ RunTime:0.001915s ]
INFO: [ app_end ] --END-- [ RunTime:0.002217s ]

[ 2016-12-30T22:31:27+08:00 ] 127.0.0.1 /Blog2.0/index.php?m=Home&c=Article&a=category&id=30
INFO: [ app_init ] --START--
INFO: Run Behavior\BuildLiteBehavior [ RunTime:0.000035s ]
INFO: [ app_init ] --END-- [ RunTime:0.000539s ]
INFO: [ app_begin ] --START--
INFO: Run Behavior\ReadHtmlCacheBehavior [ RunTime:0.000626s ]
INFO: Run Behavior\CheckLangBehavior [ RunTime:0.002473s ]
INFO: [ app_begin ] --END-- [ RunTime:0.003443s ]
SQL: SHOW COLUMNS FROM `blog_article_category` [ RunTime:0.0137s ]
NOTIC: [2] Missing argument 1 for Home\Model\ArticleCategoryModel::nav(), called in C:\wamp\www\Blog2.0\Class\Home\Controller\BaseController.class.php on line 7 and defined C:\wamp\www\Blog2.0\Class\Home\Model\ArticleCategoryModel.class.php 第 5 行.
NOTIC: [8] Undefined variable: data C:\wamp\www\Blog2.0\Class\Home\Model\ArticleCategoryModel.class.php 第 7 行.
SQL: SELECT `pid`,`id`,`name`,`index_show` FROM `blog_article_category` WHERE `status` = 1 AND `index_show` = 1  [ RunTime:0.0005s ]
SQL: SHOW COLUMNS FROM `blog_article_detail` [ RunTime:0.0106s ]
SQL: SELECT `create_time` FROM `blog_article_detail`  [ RunTime:0.0003s ]
SQL: SHOW COLUMNS FROM `blog_article_detail` [ RunTime:0.0084s ]
SQL: SELECT ad.create_time,ad.title,ad.img_file,ad.id FROM blog_article_detail ad INNER JOIN blog_article_category AS ac ON ad.category_id = ac.id  WHERE ad.status = 1 ORDER BY create_time desc LIMIT 4   [ RunTime:0.0004s ]
SQL: SHOW COLUMNS FROM `blog_friend_link` [ RunTime:0.0096s ]
SQL: SELECT * FROM `blog_friend_link` WHERE ( status=1 AND index_show=1 )  [ RunTime:0.0004s ]
NOTIC: [8] Undefined index: p C:\wamp\www\Blog2.0\Class\Home\Model\ArticleDetailModel.class.php 第 13 行.
SQL: SELECT ad.id,ad.title,ad.content,ad.hits,ad.img_file,ad.tags,ad.create_time,ad.update_time,ac.name AS category_name,ac.id AS cid FROM blog_article_detail ad INNER JOIN blog_article_category AS ac ON ad.category_id = ac.id  WHERE ad.status = 1 AND ad.category_id = '30' ORDER BY hits desc LIMIT 0,3   [ RunTime:0.0005s ]
NOTIC: [2] Invalid argument supplied for foreach() C:\wamp\www\Blog2.0\Class\Home\Model\ArticleDetailModel.class.php 第 15 行.
NOTIC: [8] Undefined variable: hour C:\wamp\www\Blog2.0\Class\Home\Model\ArticleDetailModel.class.php 第 21 行.
NOTIC: [2] Invalid argument supplied for foreach() C:\wamp\www\Blog2.0\Class\Home\Model\ArticleDetailModel.class.php 第 31 行.
NOTIC: [8] Undefined variable: arr C:\wamp\www\Blog2.0\Class\Home\Model\ArticleDetailModel.class.php 第 36 行.
NOTIC: [2] Invalid argument supplied for foreach() C:\wamp\www\Blog2.0\Class\Home\Model\ArticleDetailModel.class.php 第 22 行.
SQL: SELECT COUNT(*) AS tp_count FROM `blog_article_detail` WHERE `status` = 1 AND `category_id` = 30 LIMIT 1   [ RunTime:0.0004s ]
SQL: SHOW COLUMNS FROM `blog_article_category` [ RunTime:0.0158s ]
SQL: SELECT `pid` FROM `blog_article_category` WHERE `id` = 30 AND `status` = 1 LIMIT 1   [ RunTime:0.0003s ]
SQL: SELECT `name` FROM `blog_article_category` WHERE `id` = 0 AND `status` = 1 LIMIT 1   [ RunTime:0.0002s ]
INFO: [ view_parse ] --START--
INFO: [ template_filter ] --START--
INFO: Run Behavior\ContentReplaceBehavior [ RunTime:0.000186s ]
INFO: [ template_filter ] --END-- [ RunTime:0.000365s ]
INFO: Run Behavior\ParseTemplateBehavior [ RunTime:0.188000s ]
INFO: [ view_parse ] --END-- [ RunTime:0.188182s ]
INFO: [ view_filter ] --START--
INFO: Run Behavior\WriteHtmlCacheBehavior [ RunTime:0.000443s ]
INFO: [ view_filter ] --END-- [ RunTime:0.000595s ]
INFO: [ app_end ] --START--
INFO: Run Behavior\ShowPageTraceBehavior [ RunTime:0.001562s ]
INFO: [ app_end ] --END-- [ RunTime:0.001826s ]

[ 2016-12-30T22:31:58+08:00 ] 127.0.0.1 /Blog2.0/index.php?m=Home&c=Article&a=category&id=30
INFO: [ app_init ] --START--
INFO: Run Behavior\BuildLiteBehavior [ RunTime:0.000041s ]
INFO: [ app_init ] --END-- [ RunTime:0.000708s ]
INFO: [ app_begin ] --START--
INFO: Run Behavior\ReadHtmlCacheBehavior [ RunTime:0.000584s ]
INFO: Run Behavior\CheckLangBehavior [ RunTime:0.001454s ]
INFO: [ app_begin ] --END-- [ RunTime:0.002309s ]
SQL: SHOW COLUMNS FROM `blog_article_category` [ RunTime:0.0157s ]
NOTIC: [2] Missing argument 1 for Home\Model\ArticleCategoryModel::nav(), called in C:\wamp\www\Blog2.0\Class\Home\Controller\BaseController.class.php on line 7 and defined C:\wamp\www\Blog2.0\Class\Home\Model\ArticleCategoryModel.class.php 第 5 行.
NOTIC: [8] Undefined variable: data C:\wamp\www\Blog2.0\Class\Home\Model\ArticleCategoryModel.class.php 第 7 行.
SQL: SELECT `pid`,`id`,`name`,`index_show` FROM `blog_article_category` WHERE `status` = 1 AND `index_show` = 1  [ RunTime:0.0004s ]
SQL: SHOW COLUMNS FROM `blog_article_detail` [ RunTime:0.0095s ]
SQL: SELECT `create_time` FROM `blog_article_detail`  [ RunTime:0.0003s ]
SQL: SHOW COLUMNS FROM `blog_article_detail` [ RunTime:0.0059s ]
SQL: SELECT ad.create_time,ad.title,ad.img_file,ad.id FROM blog_article_detail ad INNER JOIN blog_article_category AS ac ON ad.category_id = ac.id  WHERE ad.status = 1 ORDER BY create_time desc LIMIT 4   [ RunTime:0.0004s ]
SQL: SHOW COLUMNS FROM `blog_friend_link` [ RunTime:0.0098s ]
SQL: SELECT * FROM `blog_friend_link` WHERE ( status=1 AND index_show=1 )  [ RunTime:0.0003s ]
NOTIC: [8] Undefined index: p C:\wamp\www\Blog2.0\Class\Home\Model\ArticleDetailModel.class.php 第 13 行.
SQL: SELECT ad.id,ad.title,ad.content,ad.hits,ad.img_file,ad.tags,ad.create_time,ad.update_time,ac.name AS category_name,ac.id AS cid FROM blog_article_detail ad INNER JOIN blog_article_category AS ac ON ad.category_id = ac.id  WHERE ad.status = 1 AND ad.category_id = '30' ORDER BY hits desc LIMIT 0,3   [ RunTime:0.0004s ]
NOTIC: [2] Invalid argument supplied for foreach() C:\wamp\www\Blog2.0\Class\Home\Model\ArticleDetailModel.class.php 第 15 行.
NOTIC: [8] Undefined variable: hour C:\wamp\www\Blog2.0\Class\Home\Model\ArticleDetailModel.class.php 第 21 行.
NOTIC: [2] Invalid argument supplied for foreach() C:\wamp\www\Blog2.0\Class\Home\Model\ArticleDetailModel.class.php 第 31 行.
NOTIC: [8] Undefined variable: arr C:\wamp\www\Blog2.0\Class\Home\Model\ArticleDetailModel.class.php 第 36 行.
NOTIC: [2] Invalid argument supplied for foreach() C:\wamp\www\Blog2.0\Class\Home\Model\ArticleDetailModel.class.php 第 22 行.
SQL: SELECT COUNT(*) AS tp_count FROM `blog_article_detail` WHERE `status` = 1 AND `category_id` = 30 LIMIT 1   [ RunTime:0.0002s ]
SQL: SHOW COLUMNS FROM `blog_article_category` [ RunTime:0.0065s ]
SQL: SELECT `pid` FROM `blog_article_category` WHERE `id` = 30 AND `status` = 1 LIMIT 1   [ RunTime:0.0005s ]
SQL: SELECT `name` FROM `blog_article_category` WHERE `id` = 0 AND `status` = 1 LIMIT 1   [ RunTime:0.0002s ]
INFO: [ view_parse ] --START--
INFO: [ template_filter ] --START--
INFO: Run Behavior\ContentReplaceBehavior [ RunTime:0.000196s ]
INFO: [ template_filter ] --END-- [ RunTime:0.000378s ]
INFO: Run Behavior\ParseTemplateBehavior [ RunTime:0.185096s ]
INFO: [ view_parse ] --END-- [ RunTime:0.185287s ]
INFO: [ view_filter ] --START--
INFO: Run Behavior\WriteHtmlCacheBehavior [ RunTime:0.000495s ]
INFO: [ view_filter ] --END-- [ RunTime:0.000656s ]
INFO: [ app_end ] --START--
INFO: Run Behavior\ShowPageTraceBehavior [ RunTime:0.003376s ]
INFO: [ app_end ] --END-- [ RunTime:0.003720s ]

[ 2016-12-30T22:32:05+08:00 ] 127.0.0.1 /Blog2.0/index.php?m=Home&c=Index&a=query
INFO: [ app_init ] --START--
INFO: Run Behavior\BuildLiteBehavior [ RunTime:0.000035s ]
INFO: [ app_init ] --END-- [ RunTime:0.000546s ]
INFO: [ app_begin ] --START--
INFO: Run Behavior\ReadHtmlCacheBehavior [ RunTime:0.000586s ]
INFO: Run Behavior\CheckLangBehavior [ RunTime:0.001655s ]
INFO: [ app_begin ] --END-- [ RunTime:0.002508s ]
SQL: SHOW COLUMNS FROM `blog_article_category` [ RunTime:0.0588s ]
NOTIC: [2] Missing argument 1 for Home\Model\ArticleCategoryModel::nav(), called in C:\wamp\www\Blog2.0\Class\Home\Controller\BaseController.class.php on line 7 and defined C:\wamp\www\Blog2.0\Class\Home\Model\ArticleCategoryModel.class.php 第 5 行.
NOTIC: [8] Undefined variable: data C:\wamp\www\Blog2.0\Class\Home\Model\ArticleCategoryModel.class.php 第 7 行.
SQL: SELECT `pid`,`id`,`name`,`index_show` FROM `blog_article_category` WHERE `status` = 1 AND `index_show` = 1  [ RunTime:0.0004s ]
SQL: SHOW COLUMNS FROM `blog_article_detail` [ RunTime:0.0753s ]
SQL: SELECT `create_time` FROM `blog_article_detail`  [ RunTime:0.0003s ]
SQL: SHOW COLUMNS FROM `blog_article_detail` [ RunTime:0.0065s ]
SQL: SELECT ad.create_time,ad.title,ad.img_file,ad.id FROM blog_article_detail ad INNER JOIN blog_article_category AS ac ON ad.category_id = ac.id  WHERE ad.status = 1 ORDER BY create_time desc LIMIT 4   [ RunTime:0.0006s ]
SQL: SHOW COLUMNS FROM `blog_friend_link` [ RunTime:0.0382s ]
SQL: SELECT * FROM `blog_friend_link` WHERE ( status=1 AND index_show=1 )  [ RunTime:0.0004s ]
SQL: SELECT * FROM `blog_article_detail` WHERE `title` LIKE '%哎i去那个%' OR `content` LIKE '%哎i去那个%'  [ RunTime:0.0003s ]
SQL: SELECT COUNT(*) AS tp_count FROM `blog_article_detail` WHERE `title` LIKE '%哎i去那个%' OR `content` LIKE '%哎i去那个%' LIMIT 1   [ RunTime:0.0003s ]
INFO: [ view_parse ] --START--
INFO: [ template_filter ] --START--
INFO: Run Behavior\ContentReplaceBehavior [ RunTime:0.000157s ]
INFO: [ template_filter ] --END-- [ RunTime:0.000325s ]
NOTIC: [8] Undefined variable: page C:\wamp\www\Blog2.0\Class\Runtime\Cache\Home\498e4ee6da32a2c2db5edace03535b38.php 第 114 行.
INFO: Run Behavior\ParseTemplateBehavior [ RunTime:0.153612s ]
INFO: [ view_parse ] --END-- [ RunTime:0.153791s ]
INFO: [ view_filter ] --START--
INFO: Run Behavior\WriteHtmlCacheBehavior [ RunTime:0.000398s ]
INFO: [ view_filter ] --END-- [ RunTime:0.000546s ]
INFO: [ app_end ] --START--
INFO: Run Behavior\ShowPageTraceBehavior [ RunTime:0.000783s ]
INFO: [ app_end ] --END-- [ RunTime:0.000938s ]

[ 2016-12-30T22:32:09+08:00 ] 127.0.0.1 /Blog2.0/index.php?m=Home&c=Index&a=query
INFO: [ app_init ] --START--
INFO: Run Behavior\BuildLiteBehavior [ RunTime:0.000079s ]
INFO: [ app_init ] --END-- [ RunTime:0.000998s ]
INFO: [ app_begin ] --START--
INFO: Run Behavior\ReadHtmlCacheBehavior [ RunTime:0.001041s ]
INFO: Run Behavior\CheckLangBehavior [ RunTime:0.002824s ]
INFO: [ app_begin ] --END-- [ RunTime:0.004444s ]
SQL: SHOW COLUMNS FROM `blog_article_category` [ RunTime:0.0385s ]
NOTIC: [2] Missing argument 1 for Home\Model\ArticleCategoryModel::nav(), called in C:\wamp\www\Blog2.0\Class\Home\Controller\BaseController.class.php on line 7 and defined C:\wamp\www\Blog2.0\Class\Home\Model\ArticleCategoryModel.class.php 第 5 行.
NOTIC: [8] Undefined variable: data C:\wamp\www\Blog2.0\Class\Home\Model\ArticleCategoryModel.class.php 第 7 行.
SQL: SELECT `pid`,`id`,`name`,`index_show` FROM `blog_article_category` WHERE `status` = 1 AND `index_show` = 1  [ RunTime:0.0005s ]
SQL: SHOW COLUMNS FROM `blog_article_detail` [ RunTime:0.0768s ]
SQL: SELECT `create_time` FROM `blog_article_detail`  [ RunTime:0.0003s ]
SQL: SHOW COLUMNS FROM `blog_article_detail` [ RunTime:0.0670s ]
SQL: SELECT ad.create_time,ad.title,ad.img_file,ad.id FROM blog_article_detail ad INNER JOIN blog_article_category AS ac ON ad.category_id = ac.id  WHERE ad.status = 1 ORDER BY create_time desc LIMIT 4   [ RunTime:0.0005s ]
SQL: SHOW COLUMNS FROM `blog_friend_link` [ RunTime:0.0451s ]
SQL: SELECT * FROM `blog_friend_link` WHERE ( status=1 AND index_show=1 )  [ RunTime:0.0004s ]
SQL: SELECT * FROM `blog_article_detail` WHERE `title` LIKE '%爱情%' OR `content` LIKE '%爱情%'  [ RunTime:0.0003s ]
SQL: SELECT COUNT(*) AS tp_count FROM `blog_article_detail` WHERE `title` LIKE '%爱情%' OR `content` LIKE '%爱情%' LIMIT 1   [ RunTime:0.0003s ]
INFO: [ view_parse ] --START--
INFO: [ template_filter ] --START--
INFO: Run Behavior\ContentReplaceBehavior [ RunTime:0.000275s ]
INFO: [ template_filter ] --END-- [ RunTime:0.000675s ]
NOTIC: [8] Undefined variable: page C:\wamp\www\Blog2.0\Class\Runtime\Cache\Home\498e4ee6da32a2c2db5edace03535b38.php 第 114 行.
INFO: Run Behavior\ParseTemplateBehavior [ RunTime:0.273185s ]
INFO: [ view_parse ] --END-- [ RunTime:0.273488s ]
INFO: [ view_filter ] --START--
INFO: Run Behavior\WriteHtmlCacheBehavior [ RunTime:0.000771s ]
INFO: [ view_filter ] --END-- [ RunTime:0.001177s ]
INFO: [ app_end ] --START--
INFO: Run Behavior\ShowPageTraceBehavior [ RunTime:0.001398s ]
INFO: [ app_end ] --END-- [ RunTime:0.001786s ]

[ 2016-12-30T22:32:18+08:00 ] 127.0.0.1 /Blog2.0/index.php?m=Home&c=Index&a=query
INFO: [ app_init ] --START--
INFO: Run Behavior\BuildLiteBehavior [ RunTime:0.000091s ]
INFO: [ app_init ] --END-- [ RunTime:0.000691s ]
INFO: [ app_begin ] --START--
INFO: Run Behavior\ReadHtmlCacheBehavior [ RunTime:0.000775s ]
INFO: Run Behavior\CheckLangBehavior [ RunTime:0.001567s ]
INFO: [ app_begin ] --END-- [ RunTime:0.002632s ]
SQL: SHOW COLUMNS FROM `blog_article_category` [ RunTime:0.6090s ]
NOTIC: [2] Missing argument 1 for Home\Model\ArticleCategoryModel::nav(), called in C:\wamp\www\Blog2.0\Class\Home\Controller\BaseController.class.php on line 7 and defined C:\wamp\www\Blog2.0\Class\Home\Model\ArticleCategoryModel.class.php 第 5 行.
NOTIC: [8] Undefined variable: data C:\wamp\www\Blog2.0\Class\Home\Model\ArticleCategoryModel.class.php 第 7 行.
SQL: SELECT `pid`,`id`,`name`,`index_show` FROM `blog_article_category` WHERE `status` = 1 AND `index_show` = 1  [ RunTime:0.0004s ]
SQL: SHOW COLUMNS FROM `blog_article_detail` [ RunTime:0.0896s ]
SQL: SELECT `create_time` FROM `blog_article_detail`  [ RunTime:0.0003s ]
SQL: SHOW COLUMNS FROM `blog_article_detail` [ RunTime:0.1032s ]
SQL: SELECT ad.create_time,ad.title,ad.img_file,ad.id FROM blog_article_detail ad INNER JOIN blog_article_category AS ac ON ad.category_id = ac.id  WHERE ad.status = 1 ORDER BY create_time desc LIMIT 4   [ RunTime:0.0004s ]
SQL: SHOW COLUMNS FROM `blog_friend_link` [ RunTime:0.0534s ]
SQL: SELECT * FROM `blog_friend_link` WHERE ( status=1 AND index_show=1 )  [ RunTime:0.0004s ]
SQL: SELECT * FROM `blog_article_detail` WHERE `title` LIKE '%明天%' OR `content` LIKE '%明天%'  [ RunTime:0.0004s ]
SQL: SELECT COUNT(*) AS tp_count FROM `blog_article_detail` WHERE `title` LIKE '%明天%' OR `content` LIKE '%明天%' LIMIT 1   [ RunTime:0.0003s ]
INFO: [ view_parse ] --START--
INFO: [ template_filter ] --START--
INFO: Run Behavior\ContentReplaceBehavior [ RunTime:0.000231s ]
INFO: [ template_filter ] --END-- [ RunTime:0.000471s ]
NOTIC: [8] Undefined index: category_name C:\wamp\www\Blog2.0\Class\Runtime\Cache\Home\498e4ee6da32a2c2db5edace03535b38.php 第 102 行.
NOTIC: [8] Undefined variable: page C:\wamp\www\Blog2.0\Class\Runtime\Cache\Home\498e4ee6da32a2c2db5edace03535b38.php 第 114 行.
INFO: Run Behavior\ParseTemplateBehavior [ RunTime:0.176133s ]
INFO: [ view_parse ] --END-- [ RunTime:0.176314s ]
INFO: [ view_filter ] --START--
INFO: Run Behavior\WriteHtmlCacheBehavior [ RunTime:0.000476s ]
INFO: [ view_filter ] --END-- [ RunTime:0.000635s ]
INFO: [ app_end ] --START--
INFO: Run Behavior\ShowPageTraceBehavior [ RunTime:0.001399s ]
INFO: [ app_end ] --END-- [ RunTime:0.001795s ]

